mode: set
github.com/greysquirr3l/bishoujo-huntress/cmd/github-ci-hash/main.go:63.38,68.52 3 0
github.com/greysquirr3l/bishoujo-huntress/cmd/github-ci-hash/main.go:68.52,75.3 4 0
github.com/greysquirr3l/bishoujo-huntress/cmd/github-ci-hash/main.go:75.8,79.3 3 0
github.com/greysquirr3l/bishoujo-huntress/cmd/github-ci-hash/main.go:81.2,84.3 1 0
github.com/greysquirr3l/bishoujo-huntress/cmd/github-ci-hash/main.go:88.40,90.53 1 0
github.com/greysquirr3l/bishoujo-huntress/cmd/github-ci-hash/main.go:90.53,92.3 1 0
github.com/greysquirr3l/bishoujo-huntress/cmd/github-ci-hash/main.go:93.2,93.49 1 0
github.com/greysquirr3l/bishoujo-huntress/cmd/github-ci-hash/main.go:93.49,95.3 1 0
github.com/greysquirr3l/bishoujo-huntress/cmd/github-ci-hash/main.go:98.2,98.47 1 0
github.com/greysquirr3l/bishoujo-huntress/cmd/github-ci-hash/main.go:98.47,100.3 1 0
github.com/greysquirr3l/bishoujo-huntress/cmd/github-ci-hash/main.go:102.2,102.15 1 0
github.com/greysquirr3l/bishoujo-huntress/cmd/github-ci-hash/main.go:106.33,109.16 3 0
github.com/greysquirr3l/bishoujo-huntress/cmd/github-ci-hash/main.go:109.16,112.3 1 0
github.com/greysquirr3l/bishoujo-huntress/cmd/github-ci-hash/main.go:114.2,115.17 2 0
github.com/greysquirr3l/bishoujo-huntress/cmd/github-ci-hash/main.go:115.17,117.3 1 0
github.com/greysquirr3l/bishoujo-huntress/cmd/github-ci-hash/main.go:119.2,119.11 1 0
github.com/greysquirr3l/bishoujo-huntress/cmd/github-ci-hash/main.go:123.97,125.16 2 0
github.com/greysquirr3l/bishoujo-huntress/cmd/github-ci-hash/main.go:125.16,127.3 1 0
github.com/greysquirr3l/bishoujo-huntress/cmd/github-ci-hash/main.go:128.2,128.21 1 0
github.com/greysquirr3l/bishoujo-huntress/cmd/github-ci-hash/main.go:132.77,134.78 1 0
github.com/greysquirr3l/bishoujo-huntress/cmd/github-ci-hash/main.go:134.78,136.3 1 0
github.com/greysquirr3l/bishoujo-huntress/cmd/github-ci-hash/main.go:139.2,140.40 2 0
github.com/greysquirr3l/bishoujo-huntress/cmd/github-ci-hash/main.go:140.40,141.39 1 0
github.com/greysquirr3l/bishoujo-huntress/cmd/github-ci-hash/main.go:141.39,144.42 2 0
github.com/greysquirr3l/bishoujo-huntress/cmd/github-ci-hash/main.go:144.42,146.5 1 0
github.com/greysquirr3l/bishoujo-huntress/cmd/github-ci-hash/main.go:148.3,148.37 1 0
github.com/greysquirr3l/bishoujo-huntress/cmd/github-ci-hash/main.go:152.2,153.40 2 0
github.com/greysquirr3l/bishoujo-huntress/cmd/github-ci-hash/main.go:153.40,155.3 1 0
github.com/greysquirr3l/bishoujo-huntress/cmd/github-ci-hash/main.go:157.2,157.79 1 0
github.com/greysquirr3l/bishoujo-huntress/cmd/github-ci-hash/main.go:161.63,163.16 2 0
github.com/greysquirr3l/bishoujo-huntress/cmd/github-ci-hash/main.go:163.16,165.3 1 0
github.com/greysquirr3l/bishoujo-huntress/cmd/github-ci-hash/main.go:167.2,173.29 4 0
github.com/greysquirr3l/bishoujo-huntress/cmd/github-ci-hash/main.go:173.29,175.21 2 0
github.com/greysquirr3l/bishoujo-huntress/cmd/github-ci-hash/main.go:175.21,185.40 4 0
github.com/greysquirr3l/bishoujo-huntress/cmd/github-ci-hash/main.go:185.40,187.5 1 0
github.com/greysquirr3l/bishoujo-huntress/cmd/github-ci-hash/main.go:189.4,196.6 1 0
github.com/greysquirr3l/bishoujo-huntress/cmd/github-ci-hash/main.go:200.2,200.21 1 0
github.com/greysquirr3l/bishoujo-huntress/cmd/github-ci-hash/main.go:204.47,209.16 4 0
github.com/greysquirr3l/bishoujo-huntress/cmd/github-ci-hash/main.go:209.16,211.3 1 0
github.com/greysquirr3l/bishoujo-huntress/cmd/github-ci-hash/main.go:213.2,213.32 1 0
github.com/greysquirr3l/bishoujo-huntress/cmd/github-ci-hash/main.go:213.32,214.20 1 0
github.com/greysquirr3l/bishoujo-huntress/cmd/github-ci-hash/main.go:214.20,215.12 1 0
github.com/greysquirr3l/bishoujo-huntress/cmd/github-ci-hash/main.go:218.3,219.84 2 0
github.com/greysquirr3l/bishoujo-huntress/cmd/github-ci-hash/main.go:219.84,220.12 1 0
github.com/greysquirr3l/bishoujo-huntress/cmd/github-ci-hash/main.go:223.3,225.17 3 0
github.com/greysquirr3l/bishoujo-huntress/cmd/github-ci-hash/main.go:225.17,227.12 2 0
github.com/greysquirr3l/bishoujo-huntress/cmd/github-ci-hash/main.go:230.3,230.23 1 0
github.com/greysquirr3l/bishoujo-huntress/cmd/github-ci-hash/main.go:230.23,232.4 1 0
github.com/greysquirr3l/bishoujo-huntress/cmd/github-ci-hash/main.go:235.2,235.29 1 0
github.com/greysquirr3l/bishoujo-huntress/cmd/github-ci-hash/main.go:239.65,242.44 2 0
github.com/greysquirr3l/bishoujo-huntress/cmd/github-ci-hash/main.go:242.44,245.29 2 0
github.com/greysquirr3l/bishoujo-huntress/cmd/github-ci-hash/main.go:245.29,250.22 3 0
github.com/greysquirr3l/bishoujo-huntress/cmd/github-ci-hash/main.go:250.22,252.13 2 0
github.com/greysquirr3l/bishoujo-huntress/cmd/github-ci-hash/main.go:255.4,259.67 3 0
github.com/greysquirr3l/bishoujo-huntress/cmd/github-ci-hash/main.go:259.67,262.5 1 0
github.com/greysquirr3l/bishoujo-huntress/cmd/github-ci-hash/main.go:264.4,268.18 3 0
github.com/greysquirr3l/bishoujo-huntress/cmd/github-ci-hash/main.go:268.18,270.13 2 0
github.com/greysquirr3l/bishoujo-huntress/cmd/github-ci-hash/main.go:273.4,277.18 3 0
github.com/greysquirr3l/bishoujo-huntress/cmd/github-ci-hash/main.go:277.18,279.13 2 0
github.com/greysquirr3l/bishoujo-huntress/cmd/github-ci-hash/main.go:282.4,285.31 2 0
github.com/greysquirr3l/bishoujo-huntress/cmd/github-ci-hash/main.go:285.31,288.19 2 0
github.com/greysquirr3l/bishoujo-huntress/cmd/github-ci-hash/main.go:288.19,290.14 2 0
github.com/greysquirr3l/bishoujo-huntress/cmd/github-ci-hash/main.go:292.5,292.35 1 0
github.com/greysquirr3l/bishoujo-huntress/cmd/github-ci-hash/main.go:295.4,295.45 1 0
github.com/greysquirr3l/bishoujo-huntress/cmd/github-ci-hash/main.go:295.45,298.5 2 0
github.com/greysquirr3l/bishoujo-huntress/cmd/github-ci-hash/main.go:298.10,300.5 1 0
github.com/greysquirr3l/bishoujo-huntress/cmd/github-ci-hash/main.go:304.3,304.33 1 0
github.com/greysquirr3l/bishoujo-huntress/cmd/github-ci-hash/main.go:309.49,314.16 4 0
github.com/greysquirr3l/bishoujo-huntress/cmd/github-ci-hash/main.go:314.16,316.3 1 0
github.com/greysquirr3l/bishoujo-huntress/cmd/github-ci-hash/main.go:318.2,319.45 2 0
github.com/greysquirr3l/bishoujo-huntress/cmd/github-ci-hash/main.go:325.70,327.16 2 0
github.com/greysquirr3l/bishoujo-huntress/cmd/github-ci-hash/main.go:327.16,329.3 1 0
github.com/greysquirr3l/bishoujo-huntress/cmd/github-ci-hash/main.go:331.2,335.33 3 0
github.com/greysquirr3l/bishoujo-huntress/cmd/github-ci-hash/main.go:335.33,336.26 1 0
github.com/greysquirr3l/bishoujo-huntress/cmd/github-ci-hash/main.go:336.26,337.12 1 0
github.com/greysquirr3l/bishoujo-huntress/cmd/github-ci-hash/main.go:340.3,341.30 2 0
github.com/greysquirr3l/bishoujo-huntress/cmd/github-ci-hash/main.go:341.30,342.12 1 0
github.com/greysquirr3l/bishoujo-huntress/cmd/github-ci-hash/main.go:346.3,348.34 3 0
github.com/greysquirr3l/bishoujo-huntress/cmd/github-ci-hash/main.go:348.34,350.9 2 0
github.com/greysquirr3l/bishoujo-huntress/cmd/github-ci-hash/main.go:355.2,355.23 1 0
github.com/greysquirr3l/bishoujo-huntress/cmd/github-ci-hash/main.go:355.23,358.3 2 0
github.com/greysquirr3l/bishoujo-huntress/cmd/github-ci-hash/main.go:361.2,361.42 1 0
github.com/greysquirr3l/bishoujo-huntress/cmd/github-ci-hash/main.go:361.42,363.3 1 0
github.com/greysquirr3l/bishoujo-huntress/cmd/github-ci-hash/main.go:365.2,365.33 1 0
github.com/greysquirr3l/bishoujo-huntress/cmd/github-ci-hash/main.go:365.33,366.26 1 0
github.com/greysquirr3l/bishoujo-huntress/cmd/github-ci-hash/main.go:366.26,367.12 1 0
github.com/greysquirr3l/bishoujo-huntress/cmd/github-ci-hash/main.go:370.3,371.30 2 0
github.com/greysquirr3l/bishoujo-huntress/cmd/github-ci-hash/main.go:371.30,372.12 1 0
github.com/greysquirr3l/bishoujo-huntress/cmd/github-ci-hash/main.go:376.3,380.25 3 0
github.com/greysquirr3l/bishoujo-huntress/cmd/github-ci-hash/main.go:380.25,383.4 2 0
github.com/greysquirr3l/bishoujo-huntress/cmd/github-ci-hash/main.go:387.2,388.57 2 0
github.com/greysquirr3l/bishoujo-huntress/cmd/github-ci-hash/main.go:396.74,401.44 3 0
github.com/greysquirr3l/bishoujo-huntress/cmd/github-ci-hash/main.go:401.44,403.57 1 0
github.com/greysquirr3l/bishoujo-huntress/cmd/github-ci-hash/main.go:403.57,404.12 1 0
github.com/greysquirr3l/bishoujo-huntress/cmd/github-ci-hash/main.go:408.3,409.37 2 0
github.com/greysquirr3l/bishoujo-huntress/cmd/github-ci-hash/main.go:409.37,410.26 1 0
github.com/greysquirr3l/bishoujo-huntress/cmd/github-ci-hash/main.go:410.26,412.10 2 0
github.com/greysquirr3l/bishoujo-huntress/cmd/github-ci-hash/main.go:416.3,416.17 1 0
github.com/greysquirr3l/bishoujo-huntress/cmd/github-ci-hash/main.go:416.17,418.4 1 0
github.com/greysquirr3l/bishoujo-huntress/cmd/github-ci-hash/main.go:421.2,421.29 1 0
github.com/greysquirr3l/bishoujo-huntress/cmd/github-ci-hash/main.go:421.29,424.3 2 0
github.com/greysquirr3l/bishoujo-huntress/cmd/github-ci-hash/main.go:427.2,428.41 2 0
github.com/greysquirr3l/bishoujo-huntress/cmd/github-ci-hash/main.go:428.41,431.56 2 0
github.com/greysquirr3l/bishoujo-huntress/cmd/github-ci-hash/main.go:431.56,433.47 1 0
github.com/greysquirr3l/bishoujo-huntress/cmd/github-ci-hash/main.go:433.47,434.65 1 0
github.com/greysquirr3l/bishoujo-huntress/cmd/github-ci-hash/main.go:434.65,436.6 1 0
github.com/greysquirr3l/bishoujo-huntress/cmd/github-ci-hash/main.go:438.4,438.74 1 0
github.com/greysquirr3l/bishoujo-huntress/cmd/github-ci-hash/main.go:440.3,441.56 2 0
github.com/greysquirr3l/bishoujo-huntress/cmd/github-ci-hash/main.go:445.2,445.44 1 0
github.com/greysquirr3l/bishoujo-huntress/cmd/github-ci-hash/main.go:445.44,447.57 1 0
github.com/greysquirr3l/bishoujo-huntress/cmd/github-ci-hash/main.go:447.57,448.12 1 0
github.com/greysquirr3l/bishoujo-huntress/cmd/github-ci-hash/main.go:452.3,453.37 2 0
github.com/greysquirr3l/bishoujo-huntress/cmd/github-ci-hash/main.go:453.37,454.26 1 0
github.com/greysquirr3l/bishoujo-huntress/cmd/github-ci-hash/main.go:454.26,456.10 2 0
github.com/greysquirr3l/bishoujo-huntress/cmd/github-ci-hash/main.go:460.3,460.18 1 0
github.com/greysquirr3l/bishoujo-huntress/cmd/github-ci-hash/main.go:460.18,462.12 2 0
github.com/greysquirr3l/bishoujo-huntress/cmd/github-ci-hash/main.go:465.3,468.37 2 0
github.com/greysquirr3l/bishoujo-huntress/cmd/github-ci-hash/main.go:468.37,469.26 1 0
github.com/greysquirr3l/bishoujo-huntress/cmd/github-ci-hash/main.go:469.26,471.5 1 0
github.com/greysquirr3l/bishoujo-huntress/cmd/github-ci-hash/main.go:475.3,475.66 1 0
github.com/greysquirr3l/bishoujo-huntress/cmd/github-ci-hash/main.go:475.66,477.12 2 0
github.com/greysquirr3l/bishoujo-huntress/cmd/github-ci-hash/main.go:481.3,481.66 1 0
github.com/greysquirr3l/bishoujo-huntress/cmd/github-ci-hash/main.go:481.66,485.59 2 0
github.com/greysquirr3l/bishoujo-huntress/cmd/github-ci-hash/main.go:485.59,486.72 1 0
github.com/greysquirr3l/bishoujo-huntress/cmd/github-ci-hash/main.go:486.72,488.6 1 0
github.com/greysquirr3l/bishoujo-huntress/cmd/github-ci-hash/main.go:488.11,490.6 1 0
github.com/greysquirr3l/bishoujo-huntress/cmd/github-ci-hash/main.go:492.4,492.12 1 0
github.com/greysquirr3l/bishoujo-huntress/cmd/github-ci-hash/main.go:495.3,495.45 1 0
github.com/greysquirr3l/bishoujo-huntress/cmd/github-ci-hash/main.go:498.2,498.12 1 0
github.com/greysquirr3l/bishoujo-huntress/cmd/github-ci-hash/main.go:502.38,504.16 2 0
github.com/greysquirr3l/bishoujo-huntress/cmd/github-ci-hash/main.go:504.16,506.3 1 0
github.com/greysquirr3l/bishoujo-huntress/cmd/github-ci-hash/main.go:507.2,507.15 1 0
github.com/greysquirr3l/bishoujo-huntress/cmd/github-ci-hash/main.go:507.15,508.50 1 0
github.com/greysquirr3l/bishoujo-huntress/cmd/github-ci-hash/main.go:508.50,510.4 1 0
github.com/greysquirr3l/bishoujo-huntress/cmd/github-ci-hash/main.go:513.2,514.16 2 0
github.com/greysquirr3l/bishoujo-huntress/cmd/github-ci-hash/main.go:514.16,516.3 1 0
github.com/greysquirr3l/bishoujo-huntress/cmd/github-ci-hash/main.go:517.2,517.15 1 0
github.com/greysquirr3l/bishoujo-huntress/cmd/github-ci-hash/main.go:517.15,518.55 1 0
github.com/greysquirr3l/bishoujo-huntress/cmd/github-ci-hash/main.go:518.55,520.4 1 0
github.com/greysquirr3l/bishoujo-huntress/cmd/github-ci-hash/main.go:523.2,524.12 2 0
github.com/greysquirr3l/bishoujo-huntress/cmd/github-ci-hash/main.go:528.44,535.44 5 0
github.com/greysquirr3l/bishoujo-huntress/cmd/github-ci-hash/main.go:535.44,538.37 2 0
github.com/greysquirr3l/bishoujo-huntress/cmd/github-ci-hash/main.go:538.37,541.26 3 0
github.com/greysquirr3l/bishoujo-huntress/cmd/github-ci-hash/main.go:541.26,544.5 2 0
github.com/greysquirr3l/bishoujo-huntress/cmd/github-ci-hash/main.go:544.10,546.5 1 0
github.com/greysquirr3l/bishoujo-huntress/cmd/github-ci-hash/main.go:548.4,548.72 1 0
github.com/greysquirr3l/bishoujo-huntress/cmd/github-ci-hash/main.go:552.2,554.52 3 0
github.com/greysquirr3l/bishoujo-huntress/cmd/github-ci-hash/main.go:558.31,562.16 3 0
github.com/greysquirr3l/bishoujo-huntress/cmd/github-ci-hash/main.go:562.16,564.3 1 0
github.com/greysquirr3l/bishoujo-huntress/cmd/github-ci-hash/main.go:566.2,568.44 2 0
github.com/greysquirr3l/bishoujo-huntress/cmd/github-ci-hash/main.go:568.44,569.37 1 0
github.com/greysquirr3l/bishoujo-huntress/cmd/github-ci-hash/main.go:569.37,570.48 1 0
github.com/greysquirr3l/bishoujo-huntress/cmd/github-ci-hash/main.go:570.48,572.5 1 0
github.com/greysquirr3l/bishoujo-huntress/cmd/github-ci-hash/main.go:576.2,576.23 1 0
github.com/greysquirr3l/bishoujo-huntress/cmd/github-ci-hash/main.go:576.23,578.33 2 0
github.com/greysquirr3l/bishoujo-huntress/cmd/github-ci-hash/main.go:578.33,580.4 1 0
github.com/greysquirr3l/bishoujo-huntress/cmd/github-ci-hash/main.go:581.3,581.64 1 0
github.com/greysquirr3l/bishoujo-huntress/cmd/github-ci-hash/main.go:584.2,585.12 2 0
github.com/greysquirr3l/bishoujo-huntress/cmd/github-ci-hash/main.go:589.36,593.51 2 0
github.com/greysquirr3l/bishoujo-huntress/cmd/github-ci-hash/main.go:593.51,595.3 1 0
github.com/greysquirr3l/bishoujo-huntress/cmd/github-ci-hash/main.go:598.2,599.52 2 0
github.com/greysquirr3l/bishoujo-huntress/cmd/github-ci-hash/main.go:599.52,601.3 1 0
github.com/greysquirr3l/bishoujo-huntress/cmd/github-ci-hash/main.go:604.2,645.81 3 0
github.com/greysquirr3l/bishoujo-huntress/cmd/github-ci-hash/main.go:645.81,647.3 1 0
github.com/greysquirr3l/bishoujo-huntress/cmd/github-ci-hash/main.go:649.2,671.77 4 0
github.com/greysquirr3l/bishoujo-huntress/cmd/github-ci-hash/main.go:671.77,673.3 1 0
github.com/greysquirr3l/bishoujo-huntress/cmd/github-ci-hash/main.go:675.2,683.12 7 0
github.com/greysquirr3l/bishoujo-huntress/cmd/github-ci-hash/main.go:686.13,687.22 1 0
github.com/greysquirr3l/bishoujo-huntress/cmd/github-ci-hash/main.go:687.22,703.3 15 0
github.com/greysquirr3l/bishoujo-huntress/cmd/github-ci-hash/main.go:705.2,707.17 2 0
github.com/greysquirr3l/bishoujo-huntress/cmd/github-ci-hash/main.go:708.17,714.9 6 0
github.com/greysquirr3l/bishoujo-huntress/cmd/github-ci-hash/main.go:716.15,721.17 4 0
github.com/greysquirr3l/bishoujo-huntress/cmd/github-ci-hash/main.go:721.17,724.4 2 0
github.com/greysquirr3l/bishoujo-huntress/cmd/github-ci-hash/main.go:726.3,726.24 1 0
github.com/greysquirr3l/bishoujo-huntress/cmd/github-ci-hash/main.go:726.24,729.4 2 0
github.com/greysquirr3l/bishoujo-huntress/cmd/github-ci-hash/main.go:731.3,733.24 2 0
github.com/greysquirr3l/bishoujo-huntress/cmd/github-ci-hash/main.go:735.16,739.23 3 0
github.com/greysquirr3l/bishoujo-huntress/cmd/github-ci-hash/main.go:739.23,741.64 2 0
github.com/greysquirr3l/bishoujo-huntress/cmd/github-ci-hash/main.go:741.64,743.5 1 0
github.com/greysquirr3l/bishoujo-huntress/cmd/github-ci-hash/main.go:746.3,748.17 3 0
github.com/greysquirr3l/bishoujo-huntress/cmd/github-ci-hash/main.go:748.17,751.4 2 0
github.com/greysquirr3l/bishoujo-huntress/cmd/github-ci-hash/main.go:753.3,753.24 1 0
github.com/greysquirr3l/bishoujo-huntress/cmd/github-ci-hash/main.go:753.24,756.4 2 0
github.com/greysquirr3l/bishoujo-huntress/cmd/github-ci-hash/main.go:758.3,760.64 2 0
github.com/greysquirr3l/bishoujo-huntress/cmd/github-ci-hash/main.go:760.64,763.4 2 0
github.com/greysquirr3l/bishoujo-huntress/cmd/github-ci-hash/main.go:765.3,765.49 1 0
github.com/greysquirr3l/bishoujo-huntress/cmd/github-ci-hash/main.go:767.16,768.44 1 0
github.com/greysquirr3l/bishoujo-huntress/cmd/github-ci-hash/main.go:768.44,771.4 2 0
github.com/greysquirr3l/bishoujo-huntress/cmd/github-ci-hash/main.go:773.23,774.49 1 0
github.com/greysquirr3l/bishoujo-huntress/cmd/github-ci-hash/main.go:774.49,777.4 2 0
github.com/greysquirr3l/bishoujo-huntress/cmd/github-ci-hash/main.go:779.10,781.13 2 0
github.com/greysquirr3l/bishoujo-huntress/cmd/examples/basic/main.go:15.13,20.37 4 0
github.com/greysquirr3l/bishoujo-huntress/cmd/examples/basic/main.go:20.37,22.3 1 0
github.com/greysquirr3l/bishoujo-huntress/cmd/examples/basic/main.go:25.2,29.19 2 0
github.com/greysquirr3l/bishoujo-huntress/cmd/examples/basic/main.go:29.19,35.3 1 0
github.com/greysquirr3l/bishoujo-huntress/cmd/examples/basic/main.go:37.2,42.16 4 0
github.com/greysquirr3l/bishoujo-huntress/cmd/examples/basic/main.go:42.16,44.3 1 0
github.com/greysquirr3l/bishoujo-huntress/cmd/examples/basic/main.go:45.2,57.16 4 0
github.com/greysquirr3l/bishoujo-huntress/cmd/examples/basic/main.go:57.16,59.3 1 0
github.com/greysquirr3l/bishoujo-huntress/cmd/examples/basic/main.go:61.2,64.27 2 0
github.com/greysquirr3l/bishoujo-huntress/cmd/examples/basic/main.go:64.27,68.30 2 0
github.com/greysquirr3l/bishoujo-huntress/cmd/examples/basic/main.go:68.30,72.18 3 0
github.com/greysquirr3l/bishoujo-huntress/cmd/examples/basic/main.go:72.18,74.13 2 0
github.com/greysquirr3l/bishoujo-huntress/cmd/examples/basic/main.go:77.4,84.18 2 0
github.com/greysquirr3l/bishoujo-huntress/cmd/examples/basic/main.go:84.18,86.13 2 0
github.com/greysquirr3l/bishoujo-huntress/cmd/examples/basic/main.go:89.4,90.33 2 0
github.com/greysquirr3l/bishoujo-huntress/cmd/examples/basic/main.go:90.33,93.5 1 0
github.com/greysquirr3l/bishoujo-huntress/cmd/examples/basic/main.go:95.4,104.18 3 0
github.com/greysquirr3l/bishoujo-huntress/cmd/examples/basic/main.go:104.18,106.13 2 0
github.com/greysquirr3l/bishoujo-huntress/cmd/examples/basic/main.go:109.4,110.39 2 0
github.com/greysquirr3l/bishoujo-huntress/cmd/examples/basic/main.go:110.39,113.5 1 0
github.com/greysquirr3l/bishoujo-huntress/cmd/examples/basic/main.go:118.2,120.16 3 0
github.com/greysquirr3l/bishoujo-huntress/cmd/examples/basic/main.go:120.16,122.3 1 0
github.com/greysquirr3l/bishoujo-huntress/cmd/examples/basic/main.go:124.2,128.51 5 0
github.com/greysquirr3l/bishoujo-huntress/cmd/ossf-attest/main.go:173.32,179.2 1 0
github.com/greysquirr3l/bishoujo-huntress/cmd/ossf-attest/main.go:182.96,186.16 3 0
github.com/greysquirr3l/bishoujo-huntress/cmd/ossf-attest/main.go:186.16,188.3 1 0
github.com/greysquirr3l/bishoujo-huntress/cmd/ossf-attest/main.go:190.2,191.16 2 0
github.com/greysquirr3l/bishoujo-huntress/cmd/ossf-attest/main.go:191.16,193.3 1 0
github.com/greysquirr3l/bishoujo-huntress/cmd/ossf-attest/main.go:194.2,194.15 1 0
github.com/greysquirr3l/bishoujo-huntress/cmd/ossf-attest/main.go:194.15,195.53 1 0
github.com/greysquirr3l/bishoujo-huntress/cmd/ossf-attest/main.go:195.53,198.4 1 0
github.com/greysquirr3l/bishoujo-huntress/cmd/ossf-attest/main.go:201.2,201.38 1 0
github.com/greysquirr3l/bishoujo-huntress/cmd/ossf-attest/main.go:201.38,203.3 1 0
github.com/greysquirr3l/bishoujo-huntress/cmd/ossf-attest/main.go:205.2,206.68 2 0
github.com/greysquirr3l/bishoujo-huntress/cmd/ossf-attest/main.go:206.68,208.3 1 0
github.com/greysquirr3l/bishoujo-huntress/cmd/ossf-attest/main.go:210.2,210.22 1 0
github.com/greysquirr3l/bishoujo-huntress/cmd/ossf-attest/main.go:214.52,218.55 2 0
github.com/greysquirr3l/bishoujo-huntress/cmd/ossf-attest/main.go:218.55,220.51 1 0
github.com/greysquirr3l/bishoujo-huntress/cmd/ossf-attest/main.go:220.51,222.4 1 0
github.com/greysquirr3l/bishoujo-huntress/cmd/ossf-attest/main.go:226.2,226.55 1 0
github.com/greysquirr3l/bishoujo-huntress/cmd/ossf-attest/main.go:226.55,228.3 1 0
github.com/greysquirr3l/bishoujo-huntress/cmd/ossf-attest/main.go:231.2,232.45 2 0
github.com/greysquirr3l/bishoujo-huntress/cmd/ossf-attest/main.go:232.45,234.3 1 0
github.com/greysquirr3l/bishoujo-huntress/cmd/ossf-attest/main.go:236.2,237.16 2 0
github.com/greysquirr3l/bishoujo-huntress/cmd/ossf-attest/main.go:237.16,239.3 1 0
github.com/greysquirr3l/bishoujo-huntress/cmd/ossf-attest/main.go:241.2,242.54 2 0
github.com/greysquirr3l/bishoujo-huntress/cmd/ossf-attest/main.go:242.54,244.3 1 0
github.com/greysquirr3l/bishoujo-huntress/cmd/ossf-attest/main.go:246.2,246.21 1 0
github.com/greysquirr3l/bishoujo-huntress/cmd/ossf-attest/main.go:250.35,252.16 2 0
github.com/greysquirr3l/bishoujo-huntress/cmd/ossf-attest/main.go:252.16,254.3 1 0
github.com/greysquirr3l/bishoujo-huntress/cmd/ossf-attest/main.go:256.2,257.75 2 0
github.com/greysquirr3l/bishoujo-huntress/cmd/ossf-attest/main.go:257.75,259.3 1 0
github.com/greysquirr3l/bishoujo-huntress/cmd/ossf-attest/main.go:261.2,262.84 2 0
github.com/greysquirr3l/bishoujo-huntress/cmd/ossf-attest/main.go:262.84,264.3 1 0
github.com/greysquirr3l/bishoujo-huntress/cmd/ossf-attest/main.go:266.2,267.71 2 0
github.com/greysquirr3l/bishoujo-huntress/cmd/ossf-attest/main.go:267.71,269.17 2 0
github.com/greysquirr3l/bishoujo-huntress/cmd/ossf-attest/main.go:269.17,271.4 1 0
github.com/greysquirr3l/bishoujo-huntress/cmd/ossf-attest/main.go:272.3,272.27 1 0
github.com/greysquirr3l/bishoujo-huntress/cmd/ossf-attest/main.go:273.8,276.17 2 0
github.com/greysquirr3l/bishoujo-huntress/cmd/ossf-attest/main.go:276.17,278.4 1 0
github.com/greysquirr3l/bishoujo-huntress/cmd/ossf-attest/main.go:279.3,279.27 1 0
github.com/greysquirr3l/bishoujo-huntress/cmd/ossf-attest/main.go:282.2,283.66 2 0
github.com/greysquirr3l/bishoujo-huntress/cmd/ossf-attest/main.go:283.66,285.3 1 0
github.com/greysquirr3l/bishoujo-huntress/cmd/ossf-attest/main.go:287.2,288.65 2 0
github.com/greysquirr3l/bishoujo-huntress/cmd/ossf-attest/main.go:288.65,290.3 1 0
github.com/greysquirr3l/bishoujo-huntress/cmd/ossf-attest/main.go:292.2,300.8 1 0
github.com/greysquirr3l/bishoujo-huntress/cmd/ossf-attest/main.go:304.33,307.16 3 0
github.com/greysquirr3l/bishoujo-huntress/cmd/ossf-attest/main.go:307.16,309.3 1 0
github.com/greysquirr3l/bishoujo-huntress/cmd/ossf-attest/main.go:310.2,310.42 1 0
github.com/greysquirr3l/bishoujo-huntress/cmd/ossf-attest/main.go:314.46,315.59 1 0
github.com/greysquirr3l/bishoujo-huntress/cmd/ossf-attest/main.go:315.59,317.3 1 0
github.com/greysquirr3l/bishoujo-huntress/cmd/ossf-attest/main.go:320.2,325.16 4 0
github.com/greysquirr3l/bishoujo-huntress/cmd/ossf-attest/main.go:325.16,328.43 3 0
github.com/greysquirr3l/bishoujo-huntress/cmd/ossf-attest/main.go:328.43,330.4 1 0
github.com/greysquirr3l/bishoujo-huntress/cmd/ossf-attest/main.go:333.2,333.35 1 0
github.com/greysquirr3l/bishoujo-huntress/cmd/ossf-attest/main.go:337.42,340.2 2 0
github.com/greysquirr3l/bishoujo-huntress/cmd/ossf-attest/main.go:342.49,354.76 2 0
github.com/greysquirr3l/bishoujo-huntress/cmd/ossf-attest/main.go:354.76,358.3 3 0
github.com/greysquirr3l/bishoujo-huntress/cmd/ossf-attest/main.go:360.2,360.35 1 0
github.com/greysquirr3l/bishoujo-huntress/cmd/ossf-attest/main.go:360.35,362.46 2 0
github.com/greysquirr3l/bishoujo-huntress/cmd/ossf-attest/main.go:362.46,364.4 1 0
github.com/greysquirr3l/bishoujo-huntress/cmd/ossf-attest/main.go:367.2,367.11 1 0
github.com/greysquirr3l/bishoujo-huntress/cmd/ossf-attest/main.go:371.78,374.16 2 0
github.com/greysquirr3l/bishoujo-huntress/cmd/ossf-attest/main.go:374.16,377.21 2 0
github.com/greysquirr3l/bishoujo-huntress/cmd/ossf-attest/main.go:377.21,379.4 1 0
github.com/greysquirr3l/bishoujo-huntress/cmd/ossf-attest/main.go:382.2,382.24 1 0
github.com/greysquirr3l/bishoujo-huntress/cmd/ossf-attest/main.go:382.24,384.3 1 0
github.com/greysquirr3l/bishoujo-huntress/cmd/ossf-attest/main.go:387.2,389.30 3 0
github.com/greysquirr3l/bishoujo-huntress/cmd/ossf-attest/main.go:389.30,392.3 1 0
github.com/greysquirr3l/bishoujo-huntress/cmd/ossf-attest/main.go:394.2,395.16 2 0
github.com/greysquirr3l/bishoujo-huntress/cmd/ossf-attest/main.go:395.16,397.3 1 0
github.com/greysquirr3l/bishoujo-huntress/cmd/ossf-attest/main.go:399.2,399.39 1 0
github.com/greysquirr3l/bishoujo-huntress/cmd/ossf-attest/main.go:403.97,404.16 1 0
github.com/greysquirr3l/bishoujo-huntress/cmd/ossf-attest/main.go:404.16,406.3 1 0
github.com/greysquirr3l/bishoujo-huntress/cmd/ossf-attest/main.go:408.2,409.16 2 0
github.com/greysquirr3l/bishoujo-huntress/cmd/ossf-attest/main.go:409.16,411.3 1 0
github.com/greysquirr3l/bishoujo-huntress/cmd/ossf-attest/main.go:413.2,413.29 1 0
github.com/greysquirr3l/bishoujo-huntress/cmd/ossf-attest/main.go:417.89,420.53 2 0
github.com/greysquirr3l/bishoujo-huntress/cmd/ossf-attest/main.go:420.53,421.18 1 0
github.com/greysquirr3l/bishoujo-huntress/cmd/ossf-attest/main.go:421.18,424.4 2 0
github.com/greysquirr3l/bishoujo-huntress/cmd/ossf-attest/main.go:426.3,426.39 1 0
github.com/greysquirr3l/bishoujo-huntress/cmd/ossf-attest/main.go:426.39,428.12 2 0
github.com/greysquirr3l/bishoujo-huntress/cmd/ossf-attest/main.go:432.3,432.35 1 0
github.com/greysquirr3l/bishoujo-huntress/cmd/ossf-attest/main.go:432.35,434.4 1 0
github.com/greysquirr3l/bishoujo-huntress/cmd/ossf-attest/main.go:437.3,437.83 1 0
github.com/greysquirr3l/bishoujo-huntress/cmd/ossf-attest/main.go:437.83,441.47 4 0
github.com/greysquirr3l/bishoujo-huntress/cmd/ossf-attest/main.go:441.47,444.49 2 0
github.com/greysquirr3l/bishoujo-huntress/cmd/ossf-attest/main.go:444.49,446.55 2 0
github.com/greysquirr3l/bishoujo-huntress/cmd/ossf-attest/main.go:446.55,448.7 1 0
github.com/greysquirr3l/bishoujo-huntress/cmd/ossf-attest/main.go:450.5,450.15 1 0
github.com/greysquirr3l/bishoujo-huntress/cmd/ossf-attest/main.go:454.3,454.96 1 0
github.com/greysquirr3l/bishoujo-huntress/cmd/ossf-attest/main.go:457.2,457.98 1 0
github.com/greysquirr3l/bishoujo-huntress/cmd/ossf-attest/main.go:462.62,465.2 1 0
github.com/greysquirr3l/bishoujo-huntress/cmd/ossf-attest/main.go:468.68,470.33 1 0
github.com/greysquirr3l/bishoujo-huntress/cmd/ossf-attest/main.go:470.33,472.3 1 0
github.com/greysquirr3l/bishoujo-huntress/cmd/ossf-attest/main.go:475.2,475.27 1 0
github.com/greysquirr3l/bishoujo-huntress/cmd/ossf-attest/main.go:475.27,476.49 1 0
github.com/greysquirr3l/bishoujo-huntress/cmd/ossf-attest/main.go:476.49,478.4 1 0
github.com/greysquirr3l/bishoujo-huntress/cmd/ossf-attest/main.go:482.2,484.28 3 0
github.com/greysquirr3l/bishoujo-huntress/cmd/ossf-attest/main.go:488.45,511.2 3 0
github.com/greysquirr3l/bishoujo-huntress/cmd/ossf-attest/main.go:514.64,516.29 1 0
github.com/greysquirr3l/bishoujo-huntress/cmd/ossf-attest/main.go:517.12,518.37 1 0
github.com/greysquirr3l/bishoujo-huntress/cmd/ossf-attest/main.go:519.23,520.48 1 0
github.com/greysquirr3l/bishoujo-huntress/cmd/ossf-attest/main.go:521.15,522.40 1 0
github.com/greysquirr3l/bishoujo-huntress/cmd/ossf-attest/main.go:523.21,524.46 1 0
github.com/greysquirr3l/bishoujo-huntress/cmd/ossf-attest/main.go:525.17,526.42 1 0
github.com/greysquirr3l/bishoujo-huntress/cmd/ossf-attest/main.go:527.14,528.39 1 0
github.com/greysquirr3l/bishoujo-huntress/cmd/ossf-attest/main.go:529.13,530.38 1 0
github.com/greysquirr3l/bishoujo-huntress/cmd/ossf-attest/main.go:531.14,532.39 1 0
github.com/greysquirr3l/bishoujo-huntress/cmd/ossf-attest/main.go:533.12,534.37 1 0
github.com/greysquirr3l/bishoujo-huntress/cmd/ossf-attest/main.go:535.14,536.39 1 0
github.com/greysquirr3l/bishoujo-huntress/cmd/ossf-attest/main.go:537.13,538.38 1 0
github.com/greysquirr3l/bishoujo-huntress/cmd/ossf-attest/main.go:539.14,540.39 1 0
github.com/greysquirr3l/bishoujo-huntress/cmd/ossf-attest/main.go:541.14,542.39 1 0
github.com/greysquirr3l/bishoujo-huntress/cmd/ossf-attest/main.go:543.14,544.39 1 0
github.com/greysquirr3l/bishoujo-huntress/cmd/ossf-attest/main.go:545.10,548.31 1 0
github.com/greysquirr3l/bishoujo-huntress/cmd/ossf-attest/main.go:553.43,556.35 1 0
github.com/greysquirr3l/bishoujo-huntress/cmd/ossf-attest/main.go:556.35,558.3 1 0
github.com/greysquirr3l/bishoujo-huntress/cmd/ossf-attest/main.go:561.2,565.44 2 0
github.com/greysquirr3l/bishoujo-huntress/cmd/ossf-attest/main.go:565.44,566.37 1 0
github.com/greysquirr3l/bishoujo-huntress/cmd/ossf-attest/main.go:566.37,568.4 1 0
github.com/greysquirr3l/bishoujo-huntress/cmd/ossf-attest/main.go:571.2,571.12 1 0
github.com/greysquirr3l/bishoujo-huntress/cmd/ossf-attest/main.go:575.82,577.22 1 0
github.com/greysquirr3l/bishoujo-huntress/cmd/ossf-attest/main.go:577.22,579.3 1 0
github.com/greysquirr3l/bishoujo-huntress/cmd/ossf-attest/main.go:582.2,582.48 1 0
github.com/greysquirr3l/bishoujo-huntress/cmd/ossf-attest/main.go:582.48,584.3 1 0
github.com/greysquirr3l/bishoujo-huntress/cmd/ossf-attest/main.go:587.2,587.25 1 0
github.com/greysquirr3l/bishoujo-huntress/cmd/ossf-attest/main.go:587.25,589.3 1 0
github.com/greysquirr3l/bishoujo-huntress/cmd/ossf-attest/main.go:592.2,592.43 1 0
github.com/greysquirr3l/bishoujo-huntress/cmd/ossf-attest/main.go:592.43,594.3 1 0
github.com/greysquirr3l/bishoujo-huntress/cmd/ossf-attest/main.go:597.2,597.19 1 0
github.com/greysquirr3l/bishoujo-huntress/cmd/ossf-attest/main.go:597.19,599.3 1 0
github.com/greysquirr3l/bishoujo-huntress/cmd/ossf-attest/main.go:602.2,602.52 1 0
github.com/greysquirr3l/bishoujo-huntress/cmd/ossf-attest/main.go:602.52,604.3 1 0
github.com/greysquirr3l/bishoujo-huntress/cmd/ossf-attest/main.go:606.2,606.12 1 0
github.com/greysquirr3l/bishoujo-huntress/cmd/ossf-attest/main.go:610.81,613.16 2 0
github.com/greysquirr3l/bishoujo-huntress/cmd/ossf-attest/main.go:613.16,615.3 1 0
github.com/greysquirr3l/bishoujo-huntress/cmd/ossf-attest/main.go:616.2,616.15 1 0
github.com/greysquirr3l/bishoujo-huntress/cmd/ossf-attest/main.go:616.15,617.59 1 0
github.com/greysquirr3l/bishoujo-huntress/cmd/ossf-attest/main.go:617.59,619.4 1 0
github.com/greysquirr3l/bishoujo-huntress/cmd/ossf-attest/main.go:622.2,626.38 3 0
github.com/greysquirr3l/bishoujo-huntress/cmd/ossf-attest/main.go:626.38,628.3 1 0
github.com/greysquirr3l/bishoujo-huntress/cmd/ossf-attest/main.go:633.2,633.51 1 0
github.com/greysquirr3l/bishoujo-huntress/cmd/ossf-attest/main.go:633.51,635.3 1 0
github.com/greysquirr3l/bishoujo-huntress/cmd/ossf-attest/main.go:638.2,640.16 3 0
github.com/greysquirr3l/bishoujo-huntress/cmd/ossf-attest/main.go:640.16,642.3 1 0
github.com/greysquirr3l/bishoujo-huntress/cmd/ossf-attest/main.go:644.2,644.12 1 0
github.com/greysquirr3l/bishoujo-huntress/cmd/ossf-attest/main.go:649.67,654.88 2 0
github.com/greysquirr3l/bishoujo-huntress/cmd/ossf-attest/main.go:654.88,656.3 1 0
github.com/greysquirr3l/bishoujo-huntress/cmd/ossf-attest/main.go:659.2,663.48 3 0
github.com/greysquirr3l/bishoujo-huntress/cmd/ossf-attest/main.go:663.48,665.3 1 0
github.com/greysquirr3l/bishoujo-huntress/cmd/ossf-attest/main.go:667.2,667.43 1 0
github.com/greysquirr3l/bishoujo-huntress/cmd/ossf-attest/main.go:672.60,673.22 1 0
github.com/greysquirr3l/bishoujo-huntress/cmd/ossf-attest/main.go:673.22,675.3 1 0
github.com/greysquirr3l/bishoujo-huntress/cmd/ossf-attest/main.go:678.2,682.16 3 0
github.com/greysquirr3l/bishoujo-huntress/cmd/ossf-attest/main.go:682.16,684.3 1 0
github.com/greysquirr3l/bishoujo-huntress/cmd/ossf-attest/main.go:687.2,688.16 2 0
github.com/greysquirr3l/bishoujo-huntress/cmd/ossf-attest/main.go:688.16,690.3 1 0
github.com/greysquirr3l/bishoujo-huntress/cmd/ossf-attest/main.go:694.2,695.16 2 0
github.com/greysquirr3l/bishoujo-huntress/cmd/ossf-attest/main.go:695.16,697.3 1 0
github.com/greysquirr3l/bishoujo-huntress/cmd/ossf-attest/main.go:700.2,700.38 1 0
github.com/greysquirr3l/bishoujo-huntress/cmd/ossf-attest/main.go:700.38,702.3 1 0
github.com/greysquirr3l/bishoujo-huntress/cmd/ossf-attest/main.go:705.2,705.51 1 0
github.com/greysquirr3l/bishoujo-huntress/cmd/ossf-attest/main.go:705.51,707.3 1 0
github.com/greysquirr3l/bishoujo-huntress/cmd/ossf-attest/main.go:709.2,709.21 1 0
github.com/greysquirr3l/bishoujo-huntress/cmd/ossf-attest/main.go:714.65,721.39 3 0
github.com/greysquirr3l/bishoujo-huntress/cmd/ossf-attest/main.go:721.39,723.3 1 0
github.com/greysquirr3l/bishoujo-huntress/cmd/ossf-attest/main.go:726.2,726.23 1 0
github.com/greysquirr3l/bishoujo-huntress/cmd/ossf-attest/main.go:726.23,728.3 1 0
github.com/greysquirr3l/bishoujo-huntress/cmd/ossf-attest/main.go:730.2,730.14 1 0
github.com/greysquirr3l/bishoujo-huntress/cmd/ossf-attest/main.go:734.100,736.60 1 0
github.com/greysquirr3l/bishoujo-huntress/cmd/ossf-attest/main.go:736.60,737.16 1 0
github.com/greysquirr3l/bishoujo-huntress/cmd/ossf-attest/main.go:737.16,739.4 1 0
github.com/greysquirr3l/bishoujo-huntress/cmd/ossf-attest/main.go:740.3,740.14 1 0
github.com/greysquirr3l/bishoujo-huntress/cmd/ossf-attest/main.go:744.2,744.54 1 0
github.com/greysquirr3l/bishoujo-huntress/cmd/ossf-attest/main.go:744.54,746.3 1 0
github.com/greysquirr3l/bishoujo-huntress/cmd/ossf-attest/main.go:749.2,749.55 1 0
github.com/greysquirr3l/bishoujo-huntress/cmd/ossf-attest/main.go:753.43,758.93 3 0
github.com/greysquirr3l/bishoujo-huntress/cmd/ossf-attest/main.go:758.93,759.69 1 0
github.com/greysquirr3l/bishoujo-huntress/cmd/ossf-attest/main.go:759.69,760.17 1 0
github.com/greysquirr3l/bishoujo-huntress/cmd/ossf-attest/main.go:760.17,762.5 1 0
github.com/greysquirr3l/bishoujo-huntress/cmd/ossf-attest/main.go:763.4,763.14 1 0
github.com/greysquirr3l/bishoujo-huntress/cmd/ossf-attest/main.go:764.9,764.23 1 0
github.com/greysquirr3l/bishoujo-huntress/cmd/ossf-attest/main.go:764.23,766.4 1 0
github.com/greysquirr3l/bishoujo-huntress/cmd/ossf-attest/main.go:770.2,770.46 1 0
github.com/greysquirr3l/bishoujo-huntress/cmd/ossf-attest/main.go:770.46,775.98 4 0
github.com/greysquirr3l/bishoujo-huntress/cmd/ossf-attest/main.go:775.98,776.43 1 0
github.com/greysquirr3l/bishoujo-huntress/cmd/ossf-attest/main.go:776.43,778.5 1 0
github.com/greysquirr3l/bishoujo-huntress/cmd/ossf-attest/main.go:783.2,783.30 1 0
github.com/greysquirr3l/bishoujo-huntress/cmd/ossf-attest/main.go:783.30,787.112 2 0
github.com/greysquirr3l/bishoujo-huntress/cmd/ossf-attest/main.go:787.112,789.4 1 0
github.com/greysquirr3l/bishoujo-huntress/cmd/ossf-attest/main.go:792.3,792.95 1 0
github.com/greysquirr3l/bishoujo-huntress/cmd/ossf-attest/main.go:795.2,795.111 1 0
github.com/greysquirr3l/bishoujo-huntress/cmd/ossf-attest/main.go:798.36,803.93 3 0
github.com/greysquirr3l/bishoujo-huntress/cmd/ossf-attest/main.go:803.93,804.69 1 0
github.com/greysquirr3l/bishoujo-huntress/cmd/ossf-attest/main.go:804.69,805.17 1 0
github.com/greysquirr3l/bishoujo-huntress/cmd/ossf-attest/main.go:805.17,807.5 1 0
github.com/greysquirr3l/bishoujo-huntress/cmd/ossf-attest/main.go:808.4,808.14 1 0
github.com/greysquirr3l/bishoujo-huntress/cmd/ossf-attest/main.go:809.9,809.23 1 0
github.com/greysquirr3l/bishoujo-huntress/cmd/ossf-attest/main.go:809.23,811.4 1 0
github.com/greysquirr3l/bishoujo-huntress/cmd/ossf-attest/main.go:815.2,815.46 1 0
github.com/greysquirr3l/bishoujo-huntress/cmd/ossf-attest/main.go:815.46,820.98 4 0
github.com/greysquirr3l/bishoujo-huntress/cmd/ossf-attest/main.go:820.98,821.43 1 0
github.com/greysquirr3l/bishoujo-huntress/cmd/ossf-attest/main.go:821.43,823.5 1 0
github.com/greysquirr3l/bishoujo-huntress/cmd/ossf-attest/main.go:828.2,828.30 1 0
github.com/greysquirr3l/bishoujo-huntress/cmd/ossf-attest/main.go:828.30,832.77 2 0
github.com/greysquirr3l/bishoujo-huntress/cmd/ossf-attest/main.go:832.77,834.4 1 0
github.com/greysquirr3l/bishoujo-huntress/cmd/ossf-attest/main.go:835.3,835.67 1 0
github.com/greysquirr3l/bishoujo-huntress/cmd/ossf-attest/main.go:835.67,837.4 1 0
github.com/greysquirr3l/bishoujo-huntress/cmd/ossf-attest/main.go:840.3,843.17 4 0
github.com/greysquirr3l/bishoujo-huntress/cmd/ossf-attest/main.go:843.17,845.4 1 0
github.com/greysquirr3l/bishoujo-huntress/cmd/ossf-attest/main.go:846.3,846.13 1 0
github.com/greysquirr3l/bishoujo-huntress/cmd/ossf-attest/main.go:849.2,849.111 1 0
github.com/greysquirr3l/bishoujo-huntress/cmd/ossf-attest/main.go:852.42,857.82 3 0
github.com/greysquirr3l/bishoujo-huntress/cmd/ossf-attest/main.go:857.82,859.113 1 0
github.com/greysquirr3l/bishoujo-huntress/cmd/ossf-attest/main.go:859.113,861.78 1 0
github.com/greysquirr3l/bishoujo-huntress/cmd/ossf-attest/main.go:861.78,863.5 1 0
github.com/greysquirr3l/bishoujo-huntress/cmd/ossf-attest/main.go:865.4,866.47 2 0
github.com/greysquirr3l/bishoujo-huntress/cmd/ossf-attest/main.go:866.47,868.59 2 0
github.com/greysquirr3l/bishoujo-huntress/cmd/ossf-attest/main.go:868.59,869.19 1 0
github.com/greysquirr3l/bishoujo-huntress/cmd/ossf-attest/main.go:869.19,871.7 1 0
github.com/greysquirr3l/bishoujo-huntress/cmd/ossf-attest/main.go:872.6,872.16 1 0
github.com/greysquirr3l/bishoujo-huntress/cmd/ossf-attest/main.go:873.11,873.25 1 0
github.com/greysquirr3l/bishoujo-huntress/cmd/ossf-attest/main.go:873.25,875.6 1 0
github.com/greysquirr3l/bishoujo-huntress/cmd/ossf-attest/main.go:877.9,878.17 1 0
github.com/greysquirr3l/bishoujo-huntress/cmd/ossf-attest/main.go:878.17,880.5 1 0
github.com/greysquirr3l/bishoujo-huntress/cmd/ossf-attest/main.go:881.4,881.14 1 0
github.com/greysquirr3l/bishoujo-huntress/cmd/ossf-attest/main.go:886.2,886.46 1 0
github.com/greysquirr3l/bishoujo-huntress/cmd/ossf-attest/main.go:886.46,891.98 4 0
github.com/greysquirr3l/bishoujo-huntress/cmd/ossf-attest/main.go:891.98,892.43 1 0
github.com/greysquirr3l/bishoujo-huntress/cmd/ossf-attest/main.go:892.43,894.5 1 0
github.com/greysquirr3l/bishoujo-huntress/cmd/ossf-attest/main.go:899.2,899.30 1 0
github.com/greysquirr3l/bishoujo-huntress/cmd/ossf-attest/main.go:899.30,903.77 2 0
github.com/greysquirr3l/bishoujo-huntress/cmd/ossf-attest/main.go:903.77,905.4 1 0
github.com/greysquirr3l/bishoujo-huntress/cmd/ossf-attest/main.go:906.3,906.67 1 0
github.com/greysquirr3l/bishoujo-huntress/cmd/ossf-attest/main.go:906.67,908.4 1 0
github.com/greysquirr3l/bishoujo-huntress/cmd/ossf-attest/main.go:911.3,914.17 4 0
github.com/greysquirr3l/bishoujo-huntress/cmd/ossf-attest/main.go:914.17,916.4 1 0
github.com/greysquirr3l/bishoujo-huntress/cmd/ossf-attest/main.go:917.3,917.13 1 0
github.com/greysquirr3l/bishoujo-huntress/cmd/ossf-attest/main.go:920.2,920.111 1 0
github.com/greysquirr3l/bishoujo-huntress/cmd/ossf-attest/main.go:923.35,928.93 3 0
github.com/greysquirr3l/bishoujo-huntress/cmd/ossf-attest/main.go:928.93,929.69 1 0
github.com/greysquirr3l/bishoujo-huntress/cmd/ossf-attest/main.go:929.69,930.17 1 0
github.com/greysquirr3l/bishoujo-huntress/cmd/ossf-attest/main.go:930.17,932.5 1 0
github.com/greysquirr3l/bishoujo-huntress/cmd/ossf-attest/main.go:933.4,933.14 1 0
github.com/greysquirr3l/bishoujo-huntress/cmd/ossf-attest/main.go:934.9,934.23 1 0
github.com/greysquirr3l/bishoujo-huntress/cmd/ossf-attest/main.go:934.23,936.4 1 0
github.com/greysquirr3l/bishoujo-huntress/cmd/ossf-attest/main.go:937.8,937.22 1 0
github.com/greysquirr3l/bishoujo-huntress/cmd/ossf-attest/main.go:937.22,939.3 1 0
github.com/greysquirr3l/bishoujo-huntress/cmd/ossf-attest/main.go:942.2,942.46 1 0
github.com/greysquirr3l/bishoujo-huntress/cmd/ossf-attest/main.go:942.46,947.98 4 0
github.com/greysquirr3l/bishoujo-huntress/cmd/ossf-attest/main.go:947.98,948.43 1 0
github.com/greysquirr3l/bishoujo-huntress/cmd/ossf-attest/main.go:948.43,950.5 1 0
github.com/greysquirr3l/bishoujo-huntress/cmd/ossf-attest/main.go:955.2,955.30 1 0
github.com/greysquirr3l/bishoujo-huntress/cmd/ossf-attest/main.go:955.30,959.77 2 0
github.com/greysquirr3l/bishoujo-huntress/cmd/ossf-attest/main.go:959.77,961.4 1 0
github.com/greysquirr3l/bishoujo-huntress/cmd/ossf-attest/main.go:962.3,962.67 1 0
github.com/greysquirr3l/bishoujo-huntress/cmd/ossf-attest/main.go:962.67,964.4 1 0
github.com/greysquirr3l/bishoujo-huntress/cmd/ossf-attest/main.go:967.3,970.17 4 0
github.com/greysquirr3l/bishoujo-huntress/cmd/ossf-attest/main.go:970.17,972.4 1 0
github.com/greysquirr3l/bishoujo-huntress/cmd/ossf-attest/main.go:973.3,973.13 1 0
github.com/greysquirr3l/bishoujo-huntress/cmd/ossf-attest/main.go:976.2,976.111 1 0
github.com/greysquirr3l/bishoujo-huntress/cmd/ossf-attest/main.go:979.38,984.93 3 0
github.com/greysquirr3l/bishoujo-huntress/cmd/ossf-attest/main.go:984.93,985.69 1 0
github.com/greysquirr3l/bishoujo-huntress/cmd/ossf-attest/main.go:985.69,986.17 1 0
github.com/greysquirr3l/bishoujo-huntress/cmd/ossf-attest/main.go:986.17,988.5 1 0
github.com/greysquirr3l/bishoujo-huntress/cmd/ossf-attest/main.go:989.4,989.14 1 0
github.com/greysquirr3l/bishoujo-huntress/cmd/ossf-attest/main.go:990.9,990.23 1 0
github.com/greysquirr3l/bishoujo-huntress/cmd/ossf-attest/main.go:990.23,992.4 1 0
github.com/greysquirr3l/bishoujo-huntress/cmd/ossf-attest/main.go:995.2,995.57 1 0
github.com/greysquirr3l/bishoujo-huntress/cmd/ossf-attest/main.go:995.57,997.3 1 0
github.com/greysquirr3l/bishoujo-huntress/cmd/ossf-attest/main.go:1000.2,1000.30 1 0
github.com/greysquirr3l/bishoujo-huntress/cmd/ossf-attest/main.go:1000.30,1004.67 2 0
github.com/greysquirr3l/bishoujo-huntress/cmd/ossf-attest/main.go:1004.67,1006.4 1 0
github.com/greysquirr3l/bishoujo-huntress/cmd/ossf-attest/main.go:1009.3,1010.33 2 0
github.com/greysquirr3l/bishoujo-huntress/cmd/ossf-attest/main.go:1010.33,1012.36 2 0
github.com/greysquirr3l/bishoujo-huntress/cmd/ossf-attest/main.go:1012.36,1014.5 1 0
github.com/greysquirr3l/bishoujo-huntress/cmd/ossf-attest/main.go:1017.3,1017.33 1 0
github.com/greysquirr3l/bishoujo-huntress/cmd/ossf-attest/main.go:1017.33,1019.36 2 0
github.com/greysquirr3l/bishoujo-huntress/cmd/ossf-attest/main.go:1019.36,1022.19 2 0
github.com/greysquirr3l/bishoujo-huntress/cmd/ossf-attest/main.go:1022.19,1024.6 1 0
github.com/greysquirr3l/bishoujo-huntress/cmd/ossf-attest/main.go:1025.5,1027.49 3 0
github.com/greysquirr3l/bishoujo-huntress/cmd/ossf-attest/main.go:1027.49,1029.55 2 0
github.com/greysquirr3l/bishoujo-huntress/cmd/ossf-attest/main.go:1029.55,1031.7 1 0
github.com/greysquirr3l/bishoujo-huntress/cmd/ossf-attest/main.go:1033.5,1033.15 1 0
github.com/greysquirr3l/bishoujo-huntress/cmd/ossf-attest/main.go:1037.3,1037.32 1 0
github.com/greysquirr3l/bishoujo-huntress/cmd/ossf-attest/main.go:1037.32,1040.4 2 0
github.com/greysquirr3l/bishoujo-huntress/cmd/ossf-attest/main.go:1042.3,1042.73 1 0
github.com/greysquirr3l/bishoujo-huntress/cmd/ossf-attest/main.go:1045.2,1045.111 1 0
github.com/greysquirr3l/bishoujo-huntress/cmd/ossf-attest/main.go:1049.50,1058.74 4 0
github.com/greysquirr3l/bishoujo-huntress/cmd/ossf-attest/main.go:1058.74,1060.3 1 0
github.com/greysquirr3l/bishoujo-huntress/cmd/ossf-attest/main.go:1063.2,1068.16 5 0
github.com/greysquirr3l/bishoujo-huntress/cmd/ossf-attest/main.go:1068.16,1070.3 1 0
github.com/greysquirr3l/bishoujo-huntress/cmd/ossf-attest/main.go:1073.2,1073.86 1 0
github.com/greysquirr3l/bishoujo-huntress/cmd/ossf-attest/main.go:1073.86,1075.3 1 0
github.com/greysquirr3l/bishoujo-huntress/cmd/ossf-attest/main.go:1077.2,1077.20 1 0
github.com/greysquirr3l/bishoujo-huntress/cmd/ossf-attest/main.go:1080.43,1089.66 4 0
github.com/greysquirr3l/bishoujo-huntress/cmd/ossf-attest/main.go:1089.66,1091.3 1 0
github.com/greysquirr3l/bishoujo-huntress/cmd/ossf-attest/main.go:1094.2,1099.16 5 0
github.com/greysquirr3l/bishoujo-huntress/cmd/ossf-attest/main.go:1099.16,1101.3 1 0
github.com/greysquirr3l/bishoujo-huntress/cmd/ossf-attest/main.go:1104.2,1104.86 1 0
github.com/greysquirr3l/bishoujo-huntress/cmd/ossf-attest/main.go:1104.86,1106.3 1 0
github.com/greysquirr3l/bishoujo-huntress/cmd/ossf-attest/main.go:1108.2,1108.20 1 0
github.com/greysquirr3l/bishoujo-huntress/cmd/ossf-attest/main.go:1111.49,1120.70 4 0
github.com/greysquirr3l/bishoujo-huntress/cmd/ossf-attest/main.go:1120.70,1122.3 1 0
github.com/greysquirr3l/bishoujo-huntress/cmd/ossf-attest/main.go:1125.2,1130.16 5 0
github.com/greysquirr3l/bishoujo-huntress/cmd/ossf-attest/main.go:1130.16,1132.3 1 0
github.com/greysquirr3l/bishoujo-huntress/cmd/ossf-attest/main.go:1135.2,1135.86 1 0
github.com/greysquirr3l/bishoujo-huntress/cmd/ossf-attest/main.go:1135.86,1137.3 1 0
github.com/greysquirr3l/bishoujo-huntress/cmd/ossf-attest/main.go:1139.2,1139.20 1 0
github.com/greysquirr3l/bishoujo-huntress/cmd/ossf-attest/main.go:1142.45,1151.68 4 0
github.com/greysquirr3l/bishoujo-huntress/cmd/ossf-attest/main.go:1151.68,1153.3 1 0
github.com/greysquirr3l/bishoujo-huntress/cmd/ossf-attest/main.go:1156.2,1156.49 1 0
github.com/greysquirr3l/bishoujo-huntress/cmd/ossf-attest/main.go:1156.49,1159.17 2 0
github.com/greysquirr3l/bishoujo-huntress/cmd/ossf-attest/main.go:1159.17,1162.4 2 0
github.com/greysquirr3l/bishoujo-huntress/cmd/ossf-attest/main.go:1163.3,1166.57 3 0
github.com/greysquirr3l/bishoujo-huntress/cmd/ossf-attest/main.go:1166.57,1170.49 2 0
github.com/greysquirr3l/bishoujo-huntress/cmd/ossf-attest/main.go:1170.49,1173.5 2 0
github.com/greysquirr3l/bishoujo-huntress/cmd/ossf-attest/main.go:1175.4,1175.71 1 0
github.com/greysquirr3l/bishoujo-huntress/cmd/ossf-attest/main.go:1175.71,1176.60 1 0
github.com/greysquirr3l/bishoujo-huntress/cmd/ossf-attest/main.go:1176.60,1178.19 2 0
github.com/greysquirr3l/bishoujo-huntress/cmd/ossf-attest/main.go:1178.19,1180.7 1 0
github.com/greysquirr3l/bishoujo-huntress/cmd/ossf-attest/main.go:1186.3,1186.23 1 0
github.com/greysquirr3l/bishoujo-huntress/cmd/ossf-attest/main.go:1186.23,1187.59 1 0
github.com/greysquirr3l/bishoujo-huntress/cmd/ossf-attest/main.go:1187.59,1188.18 1 0
github.com/greysquirr3l/bishoujo-huntress/cmd/ossf-attest/main.go:1188.18,1190.6 1 0
github.com/greysquirr3l/bishoujo-huntress/cmd/ossf-attest/main.go:1191.5,1191.79 1 0
github.com/greysquirr3l/bishoujo-huntress/cmd/ossf-attest/main.go:1191.79,1192.19 1 0
github.com/greysquirr3l/bishoujo-huntress/cmd/ossf-attest/main.go:1192.19,1194.7 1 0
github.com/greysquirr3l/bishoujo-huntress/cmd/ossf-attest/main.go:1201.2,1205.37 3 0
github.com/greysquirr3l/bishoujo-huntress/cmd/ossf-attest/main.go:1205.37,1208.67 2 0
github.com/greysquirr3l/bishoujo-huntress/cmd/ossf-attest/main.go:1208.67,1211.4 2 0
github.com/greysquirr3l/bishoujo-huntress/cmd/ossf-attest/main.go:1215.2,1220.16 5 0
github.com/greysquirr3l/bishoujo-huntress/cmd/ossf-attest/main.go:1220.16,1222.3 1 0
github.com/greysquirr3l/bishoujo-huntress/cmd/ossf-attest/main.go:1225.2,1225.86 1 0
github.com/greysquirr3l/bishoujo-huntress/cmd/ossf-attest/main.go:1225.86,1227.3 1 0
github.com/greysquirr3l/bishoujo-huntress/cmd/ossf-attest/main.go:1229.2,1229.20 1 0
github.com/greysquirr3l/bishoujo-huntress/cmd/ossf-attest/main.go:1232.43,1241.61 4 0
github.com/greysquirr3l/bishoujo-huntress/cmd/ossf-attest/main.go:1241.61,1243.3 1 0
github.com/greysquirr3l/bishoujo-huntress/cmd/ossf-attest/main.go:1246.2,1249.56 3 0
github.com/greysquirr3l/bishoujo-huntress/cmd/ossf-attest/main.go:1249.56,1252.27 2 0
github.com/greysquirr3l/bishoujo-huntress/cmd/ossf-attest/main.go:1252.27,1253.48 1 0
github.com/greysquirr3l/bishoujo-huntress/cmd/ossf-attest/main.go:1253.48,1255.10 2 0
github.com/greysquirr3l/bishoujo-huntress/cmd/ossf-attest/main.go:1261.2,1266.16 5 0
github.com/greysquirr3l/bishoujo-huntress/cmd/ossf-attest/main.go:1266.16,1268.3 1 0
github.com/greysquirr3l/bishoujo-huntress/cmd/ossf-attest/main.go:1271.2,1271.86 1 0
github.com/greysquirr3l/bishoujo-huntress/cmd/ossf-attest/main.go:1271.86,1273.3 1 0
github.com/greysquirr3l/bishoujo-huntress/cmd/ossf-attest/main.go:1275.2,1275.20 1 0
github.com/greysquirr3l/bishoujo-huntress/cmd/ossf-attest/main.go:1278.42,1286.53 4 0
github.com/greysquirr3l/bishoujo-huntress/cmd/ossf-attest/main.go:1286.53,1291.3 4 0
github.com/greysquirr3l/bishoujo-huntress/cmd/ossf-attest/main.go:1294.2,1294.63 1 0
github.com/greysquirr3l/bishoujo-huntress/cmd/ossf-attest/main.go:1294.63,1296.3 1 0
github.com/greysquirr3l/bishoujo-huntress/cmd/ossf-attest/main.go:1299.2,1311.16 8 0
github.com/greysquirr3l/bishoujo-huntress/cmd/ossf-attest/main.go:1311.16,1313.3 1 0
github.com/greysquirr3l/bishoujo-huntress/cmd/ossf-attest/main.go:1313.8,1315.87 1 0
github.com/greysquirr3l/bishoujo-huntress/cmd/ossf-attest/main.go:1315.87,1317.4 1 0
github.com/greysquirr3l/bishoujo-huntress/cmd/ossf-attest/main.go:1320.2,1320.20 1 0
github.com/greysquirr3l/bishoujo-huntress/cmd/ossf-attest/main.go:1324.34,1336.69 3 0
github.com/greysquirr3l/bishoujo-huntress/cmd/ossf-attest/main.go:1336.69,1343.48 5 0
github.com/greysquirr3l/bishoujo-huntress/cmd/ossf-attest/main.go:1343.48,1344.29 1 0
github.com/greysquirr3l/bishoujo-huntress/cmd/ossf-attest/main.go:1344.29,1345.13 1 0
github.com/greysquirr3l/bishoujo-huntress/cmd/ossf-attest/main.go:1348.4,1349.15 2 0
github.com/greysquirr3l/bishoujo-huntress/cmd/ossf-attest/main.go:1349.15,1351.13 2 0
github.com/greysquirr3l/bishoujo-huntress/cmd/ossf-attest/main.go:1354.4,1355.58 2 0
github.com/greysquirr3l/bishoujo-huntress/cmd/ossf-attest/main.go:1355.58,1360.18 3 0
github.com/greysquirr3l/bishoujo-huntress/cmd/ossf-attest/main.go:1360.18,1360.33 1 0
github.com/greysquirr3l/bishoujo-huntress/cmd/ossf-attest/main.go:1362.5,1363.42 2 0
github.com/greysquirr3l/bishoujo-huntress/cmd/ossf-attest/main.go:1363.42,1367.6 3 0
github.com/greysquirr3l/bishoujo-huntress/cmd/ossf-attest/main.go:1371.3,1373.22 2 0
github.com/greysquirr3l/bishoujo-huntress/cmd/ossf-attest/main.go:1373.22,1375.31 2 0
github.com/greysquirr3l/bishoujo-huntress/cmd/ossf-attest/main.go:1375.31,1377.5 1 0
github.com/greysquirr3l/bishoujo-huntress/cmd/ossf-attest/main.go:1378.4,1378.77 1 0
github.com/greysquirr3l/bishoujo-huntress/cmd/ossf-attest/main.go:1380.8,1382.48 1 0
github.com/greysquirr3l/bishoujo-huntress/cmd/ossf-attest/main.go:1382.48,1383.29 1 0
github.com/greysquirr3l/bishoujo-huntress/cmd/ossf-attest/main.go:1383.29,1384.13 1 0
github.com/greysquirr3l/bishoujo-huntress/cmd/ossf-attest/main.go:1387.4,1388.15 2 0
github.com/greysquirr3l/bishoujo-huntress/cmd/ossf-attest/main.go:1388.15,1390.13 2 0
github.com/greysquirr3l/bishoujo-huntress/cmd/ossf-attest/main.go:1393.4,1394.41 2 0
github.com/greysquirr3l/bishoujo-huntress/cmd/ossf-attest/main.go:1394.41,1396.5 1 0
github.com/greysquirr3l/bishoujo-huntress/cmd/ossf-attest/main.go:1400.2,1400.12 1 0
github.com/greysquirr3l/bishoujo-huntress/cmd/ossf-attest/main.go:1404.48,1427.69 4 0
github.com/greysquirr3l/bishoujo-huntress/cmd/ossf-attest/main.go:1427.69,1433.48 4 0
github.com/greysquirr3l/bishoujo-huntress/cmd/ossf-attest/main.go:1433.48,1435.15 2 0
github.com/greysquirr3l/bishoujo-huntress/cmd/ossf-attest/main.go:1435.15,1437.13 2 0
github.com/greysquirr3l/bishoujo-huntress/cmd/ossf-attest/main.go:1440.4,1441.65 2 0
github.com/greysquirr3l/bishoujo-huntress/cmd/ossf-attest/main.go:1441.65,1446.18 3 0
github.com/greysquirr3l/bishoujo-huntress/cmd/ossf-attest/main.go:1446.18,1446.33 1 0
github.com/greysquirr3l/bishoujo-huntress/cmd/ossf-attest/main.go:1448.5,1450.19 3 0
github.com/greysquirr3l/bishoujo-huntress/cmd/ossf-attest/main.go:1450.19,1452.6 1 0
github.com/greysquirr3l/bishoujo-huntress/cmd/ossf-attest/main.go:1454.5,1456.16 3 0
github.com/greysquirr3l/bishoujo-huntress/cmd/ossf-attest/main.go:1460.3,1460.12 1 0
github.com/greysquirr3l/bishoujo-huntress/cmd/ossf-attest/main.go:1461.8,1463.48 1 0
github.com/greysquirr3l/bishoujo-huntress/cmd/ossf-attest/main.go:1463.48,1465.15 2 0
github.com/greysquirr3l/bishoujo-huntress/cmd/ossf-attest/main.go:1465.15,1467.13 2 0
github.com/greysquirr3l/bishoujo-huntress/cmd/ossf-attest/main.go:1470.4,1472.18 3 0
github.com/greysquirr3l/bishoujo-huntress/cmd/ossf-attest/main.go:1472.18,1474.5 1 0
github.com/greysquirr3l/bishoujo-huntress/cmd/ossf-attest/main.go:1475.4,1475.37 1 0
github.com/greysquirr3l/bishoujo-huntress/cmd/ossf-attest/main.go:1480.2,1481.40 2 0
github.com/greysquirr3l/bishoujo-huntress/cmd/ossf-attest/main.go:1481.40,1485.21 3 0
github.com/greysquirr3l/bishoujo-huntress/cmd/ossf-attest/main.go:1485.21,1487.4 1 0
github.com/greysquirr3l/bishoujo-huntress/cmd/ossf-attest/main.go:1487.9,1489.4 1 0
github.com/greysquirr3l/bishoujo-huntress/cmd/ossf-attest/main.go:1491.2,1493.15 2 0
github.com/greysquirr3l/bishoujo-huntress/cmd/ossf-attest/main.go:1497.73,1500.16 2 0
github.com/greysquirr3l/bishoujo-huntress/cmd/ossf-attest/main.go:1500.16,1502.3 1 0
github.com/greysquirr3l/bishoujo-huntress/cmd/ossf-attest/main.go:1505.2,1506.16 2 0
github.com/greysquirr3l/bishoujo-huntress/cmd/ossf-attest/main.go:1506.16,1508.3 1 0
github.com/greysquirr3l/bishoujo-huntress/cmd/ossf-attest/main.go:1510.2,1510.96 1 0
github.com/greysquirr3l/bishoujo-huntress/cmd/ossf-attest/main.go:1510.96,1512.3 1 0
github.com/greysquirr3l/bishoujo-huntress/cmd/ossf-attest/main.go:1514.2,1519.103 4 0
github.com/greysquirr3l/bishoujo-huntress/cmd/ossf-attest/main.go:1519.103,1521.3 1 0
github.com/greysquirr3l/bishoujo-huntress/cmd/ossf-attest/main.go:1523.2,1525.12 3 0
github.com/greysquirr3l/bishoujo-huntress/cmd/ossf-attest/main.go:1528.60,1547.43 15 0
github.com/greysquirr3l/bishoujo-huntress/cmd/ossf-attest/main.go:1547.43,1549.22 2 0
github.com/greysquirr3l/bishoujo-huntress/cmd/ossf-attest/main.go:1549.22,1551.4 1 0
github.com/greysquirr3l/bishoujo-huntress/cmd/ossf-attest/main.go:1553.3,1554.27 2 0
github.com/greysquirr3l/bishoujo-huntress/cmd/ossf-attest/main.go:1554.27,1556.4 1 0
github.com/greysquirr3l/bishoujo-huntress/cmd/ossf-attest/main.go:1557.3,1557.30 1 0
github.com/greysquirr3l/bishoujo-huntress/cmd/ossf-attest/main.go:1557.30,1559.4 1 0
github.com/greysquirr3l/bishoujo-huntress/cmd/ossf-attest/main.go:1560.3,1560.44 1 0
github.com/greysquirr3l/bishoujo-huntress/cmd/ossf-attest/main.go:1560.44,1562.4 1 0
github.com/greysquirr3l/bishoujo-huntress/cmd/ossf-attest/main.go:1563.3,1563.23 1 0
github.com/greysquirr3l/bishoujo-huntress/cmd/ossf-attest/main.go:1566.2,1566.20 1 0
github.com/greysquirr3l/bishoujo-huntress/cmd/ossf-attest/main.go:1570.49,1571.15 1 0
github.com/greysquirr3l/bishoujo-huntress/cmd/ossf-attest/main.go:1571.15,1573.3 1 0
github.com/greysquirr3l/bishoujo-huntress/cmd/ossf-attest/main.go:1576.2,1576.27 1 0
github.com/greysquirr3l/bishoujo-huntress/cmd/ossf-attest/main.go:1576.27,1580.61 1 0
github.com/greysquirr3l/bishoujo-huntress/cmd/ossf-attest/main.go:1580.61,1582.4 1 0
github.com/greysquirr3l/bishoujo-huntress/cmd/ossf-attest/main.go:1586.2,1586.64 1 0
github.com/greysquirr3l/bishoujo-huntress/cmd/ossf-attest/main.go:1586.64,1588.3 1 0
github.com/greysquirr3l/bishoujo-huntress/cmd/ossf-attest/main.go:1590.2,1590.12 1 0
github.com/greysquirr3l/bishoujo-huntress/cmd/ossf-attest/main.go:1594.50,1595.19 1 0
github.com/greysquirr3l/bishoujo-huntress/cmd/ossf-attest/main.go:1595.19,1597.3 1 0
github.com/greysquirr3l/bishoujo-huntress/cmd/ossf-attest/main.go:1600.2,1600.31 1 0
github.com/greysquirr3l/bishoujo-huntress/cmd/ossf-attest/main.go:1600.31,1604.46 1 0
github.com/greysquirr3l/bishoujo-huntress/cmd/ossf-attest/main.go:1604.46,1606.4 1 0
github.com/greysquirr3l/bishoujo-huntress/cmd/ossf-attest/main.go:1609.2,1609.12 1 0
github.com/greysquirr3l/bishoujo-huntress/cmd/ossf-attest/main.go:1612.13,1614.16 2 0
github.com/greysquirr3l/bishoujo-huntress/cmd/ossf-attest/main.go:1614.16,1616.3 1 0
github.com/greysquirr3l/bishoujo-huntress/cmd/ossf-attest/main.go:1619.2,1619.34 1 0
github.com/greysquirr3l/bishoujo-huntress/cmd/ossf-attest/main.go:1619.34,1620.14 1 0
github.com/greysquirr3l/bishoujo-huntress/cmd/ossf-attest/main.go:1621.26,1622.25 1 0
github.com/greysquirr3l/bishoujo-huntress/cmd/ossf-attest/main.go:1623.29,1624.27 1 0
github.com/greysquirr3l/bishoujo-huntress/cmd/ossf-attest/main.go:1625.25,1626.30 1 0
github.com/greysquirr3l/bishoujo-huntress/cmd/ossf-attest/main.go:1626.30,1628.19 2 0
github.com/greysquirr3l/bishoujo-huntress/cmd/ossf-attest/main.go:1628.19,1630.6 1 0
github.com/greysquirr3l/bishoujo-huntress/cmd/ossf-attest/main.go:1631.5,1631.37 1 0
github.com/greysquirr3l/bishoujo-huntress/cmd/ossf-attest/main.go:1633.23,1643.56 10 0
github.com/greysquirr3l/bishoujo-huntress/cmd/ossf-attest/main.go:1643.56,1645.5 1 0
github.com/greysquirr3l/bishoujo-huntress/cmd/ossf-attest/main.go:1646.4,1652.56 7 0
github.com/greysquirr3l/bishoujo-huntress/cmd/ossf-attest/main.go:1652.56,1654.5 1 0
github.com/greysquirr3l/bishoujo-huntress/cmd/ossf-attest/main.go:1655.4,1655.14 1 0
github.com/greysquirr3l/bishoujo-huntress/cmd/ossf-attest/main.go:1659.2,1659.20 1 0
github.com/greysquirr3l/bishoujo-huntress/cmd/ossf-attest/main.go:1659.20,1667.3 7 0
github.com/greysquirr3l/bishoujo-huntress/cmd/ossf-attest/main.go:1670.2,1670.64 1 0
github.com/greysquirr3l/bishoujo-huntress/cmd/ossf-attest/main.go:1670.64,1671.54 1 0
github.com/greysquirr3l/bishoujo-huntress/cmd/ossf-attest/main.go:1671.54,1673.4 1 0
github.com/greysquirr3l/bishoujo-huntress/cmd/ossf-attest/main.go:1677.2,1677.43 1 0
github.com/greysquirr3l/bishoujo-huntress/cmd/ossf-attest/main.go:1677.43,1679.3 1 0
github.com/greysquirr3l/bishoujo-huntress/cmd/ossf-attest/main.go:1682.2,1685.65 2 0
github.com/greysquirr3l/bishoujo-huntress/cmd/ossf-attest/main.go:1685.65,1687.3 1 0
github.com/greysquirr3l/bishoujo-huntress/cmd/ossf-attest/main.go:1690.2,1693.37 2 0
github.com/greysquirr3l/bishoujo-huntress/cmd/ossf-attest/main.go:1693.37,1696.3 2 0
github.com/greysquirr3l/bishoujo-huntress/cmd/ossf-attest/main.go:1698.2,1699.105 2 0
github.com/greysquirr3l/bishoujo-huntress/internal/domain/auditlog/auditlog.go:35.37,36.16 1 1
github.com/greysquirr3l/bishoujo-huntress/internal/domain/auditlog/auditlog.go:36.16,38.3 1 1
github.com/greysquirr3l/bishoujo-huntress/internal/domain/auditlog/auditlog.go:39.2,39.26 1 1
github.com/greysquirr3l/bishoujo-huntress/internal/domain/auditlog/auditlog.go:39.26,41.3 1 1
github.com/greysquirr3l/bishoujo-huntress/internal/domain/auditlog/auditlog.go:42.2,42.19 1 1
github.com/greysquirr3l/bishoujo-huntress/internal/domain/auditlog/auditlog.go:42.19,44.3 1 1
github.com/greysquirr3l/bishoujo-huntress/internal/domain/auditlog/auditlog.go:45.2,45.20 1 1
github.com/greysquirr3l/bishoujo-huntress/internal/domain/auditlog/auditlog.go:45.20,47.3 1 1
github.com/greysquirr3l/bishoujo-huntress/internal/domain/auditlog/auditlog.go:48.2,48.26 1 1
github.com/greysquirr3l/bishoujo-huntress/internal/domain/auditlog/auditlog.go:48.26,50.3 1 1
github.com/greysquirr3l/bishoujo-huntress/internal/domain/auditlog/auditlog.go:51.2,51.24 1 1
github.com/greysquirr3l/bishoujo-huntress/internal/domain/auditlog/auditlog.go:51.24,53.3 1 1
github.com/greysquirr3l/bishoujo-huntress/internal/domain/auditlog/auditlog.go:54.2,54.12 1 1
github.com/greysquirr3l/bishoujo-huntress/internal/adapters/repository/http_utils.go:19.66,21.28 2 1
github.com/greysquirr3l/bishoujo-huntress/internal/adapters/repository/http_utils.go:21.28,22.26 1 1
github.com/greysquirr3l/bishoujo-huntress/internal/adapters/repository/http_utils.go:23.15,24.17 1 1
github.com/greysquirr3l/bishoujo-huntress/internal/adapters/repository/http_utils.go:24.17,26.5 1 1
github.com/greysquirr3l/bishoujo-huntress/internal/adapters/repository/http_utils.go:27.12,28.15 1 1
github.com/greysquirr3l/bishoujo-huntress/internal/adapters/repository/http_utils.go:28.15,30.5 1 1
github.com/greysquirr3l/bishoujo-huntress/internal/adapters/repository/http_utils.go:31.17,32.26 1 1
github.com/greysquirr3l/bishoujo-huntress/internal/adapters/repository/http_utils.go:32.26,34.5 1 1
github.com/greysquirr3l/bishoujo-huntress/internal/adapters/repository/http_utils.go:35.13,36.41 1 1
github.com/greysquirr3l/bishoujo-huntress/internal/adapters/repository/http_utils.go:37.16,38.32 1 1
github.com/greysquirr3l/bishoujo-huntress/internal/adapters/repository/http_utils.go:38.32,40.5 1 1
github.com/greysquirr3l/bishoujo-huntress/internal/adapters/repository/http_utils.go:41.13,42.30 1 1
github.com/greysquirr3l/bishoujo-huntress/internal/adapters/repository/http_utils.go:42.30,44.5 1 1
github.com/greysquirr3l/bishoujo-huntress/internal/adapters/repository/http_utils.go:45.14,46.18 1 1
github.com/greysquirr3l/bishoujo-huntress/internal/adapters/repository/http_utils.go:46.18,48.5 1 1
github.com/greysquirr3l/bishoujo-huntress/internal/adapters/repository/http_utils.go:51.2,51.14 1 1
github.com/greysquirr3l/bishoujo-huntress/internal/adapters/repository/http_utils.go:60.124,62.17 2 1
github.com/greysquirr3l/bishoujo-huntress/internal/adapters/repository/http_utils.go:62.17,64.3 1 1
github.com/greysquirr3l/bishoujo-huntress/internal/adapters/repository/http_utils.go:66.2,67.16 2 1
github.com/greysquirr3l/bishoujo-huntress/internal/adapters/repository/http_utils.go:67.16,69.3 1 0
github.com/greysquirr3l/bishoujo-huntress/internal/adapters/repository/http_utils.go:72.2,72.17 1 1
github.com/greysquirr3l/bishoujo-huntress/internal/adapters/repository/http_utils.go:72.17,74.3 1 1
github.com/greysquirr3l/bishoujo-huntress/internal/adapters/repository/http_utils.go:75.2,76.34 2 1
github.com/greysquirr3l/bishoujo-huntress/internal/adapters/repository/http_utils.go:76.34,78.3 1 1
github.com/greysquirr3l/bishoujo-huntress/internal/adapters/repository/http_utils.go:80.2,80.17 1 1
github.com/greysquirr3l/bishoujo-huntress/internal/adapters/repository/http_utils.go:84.53,92.69 2 1
github.com/greysquirr3l/bishoujo-huntress/internal/adapters/repository/http_utils.go:92.69,100.3 1 1
github.com/greysquirr3l/bishoujo-huntress/internal/adapters/repository/http_utils.go:103.2,103.25 1 1
github.com/greysquirr3l/bishoujo-huntress/internal/adapters/repository/http_utils.go:103.25,105.3 1 0
github.com/greysquirr3l/bishoujo-huntress/internal/adapters/repository/http_utils.go:108.2,109.30 2 1
github.com/greysquirr3l/bishoujo-huntress/internal/adapters/repository/http_utils.go:109.30,110.20 1 1
github.com/greysquirr3l/bishoujo-huntress/internal/adapters/repository/http_utils.go:110.20,112.4 1 1
github.com/greysquirr3l/bishoujo-huntress/internal/adapters/repository/http_utils.go:113.3,113.48 1 1
github.com/greysquirr3l/bishoujo-huntress/internal/adapters/repository/http_utils.go:116.2,121.3 1 1
github.com/greysquirr3l/bishoujo-huntress/internal/adapters/repository/http_utils.go:125.67,134.47 2 1
github.com/greysquirr3l/bishoujo-huntress/internal/adapters/repository/http_utils.go:134.47,135.49 1 1
github.com/greysquirr3l/bishoujo-huntress/internal/adapters/repository/http_utils.go:135.49,137.4 1 1
github.com/greysquirr3l/bishoujo-huntress/internal/adapters/repository/http_utils.go:141.2,141.57 1 1
github.com/greysquirr3l/bishoujo-huntress/internal/adapters/repository/http_utils.go:141.57,142.52 1 1
github.com/greysquirr3l/bishoujo-huntress/internal/adapters/repository/http_utils.go:142.52,144.4 1 1
github.com/greysquirr3l/bishoujo-huntress/internal/adapters/repository/http_utils.go:148.2,148.66 1 1
github.com/greysquirr3l/bishoujo-huntress/internal/adapters/repository/http_utils.go:148.66,149.55 1 1
github.com/greysquirr3l/bishoujo-huntress/internal/adapters/repository/http_utils.go:149.55,151.4 1 1
github.com/greysquirr3l/bishoujo-huntress/internal/adapters/repository/http_utils.go:155.2,155.66 1 1
github.com/greysquirr3l/bishoujo-huntress/internal/adapters/repository/http_utils.go:155.66,156.55 1 1
github.com/greysquirr3l/bishoujo-huntress/internal/adapters/repository/http_utils.go:156.55,158.4 1 1
github.com/greysquirr3l/bishoujo-huntress/internal/adapters/repository/http_utils.go:161.2,161.19 1 1
github.com/greysquirr3l/bishoujo-huntress/internal/adapters/repository/http_utils.go:165.51,166.19 1 1
github.com/greysquirr3l/bishoujo-huntress/internal/adapters/repository/http_utils.go:166.19,168.3 1 1
github.com/greysquirr3l/bishoujo-huntress/internal/adapters/repository/http_utils.go:169.2,170.16 2 1
github.com/greysquirr3l/bishoujo-huntress/internal/adapters/repository/http_utils.go:170.16,172.3 1 1
github.com/greysquirr3l/bishoujo-huntress/internal/adapters/repository/http_utils.go:173.2,173.15 1 1
github.com/greysquirr3l/bishoujo-huntress/internal/adapters/repository/incident_dtos.go:67.69,70.16 2 0
github.com/greysquirr3l/bishoujo-huntress/internal/adapters/repository/incident_dtos.go:70.16,72.3 1 0
github.com/greysquirr3l/bishoujo-huntress/internal/adapters/repository/incident_dtos.go:75.2,76.16 2 0
github.com/greysquirr3l/bishoujo-huntress/internal/adapters/repository/incident_dtos.go:76.16,79.3 1 0
github.com/greysquirr3l/bishoujo-huntress/internal/adapters/repository/incident_dtos.go:82.2,100.27 2 0
github.com/greysquirr3l/bishoujo-huntress/internal/adapters/repository/incident_dtos.go:100.27,102.3 1 0
github.com/greysquirr3l/bishoujo-huntress/internal/adapters/repository/incident_dtos.go:105.2,105.24 1 0
github.com/greysquirr3l/bishoujo-huntress/internal/adapters/repository/incident_dtos.go:105.24,107.37 2 0
github.com/greysquirr3l/bishoujo-huntress/internal/adapters/repository/incident_dtos.go:107.37,109.18 2 0
github.com/greysquirr3l/bishoujo-huntress/internal/adapters/repository/incident_dtos.go:109.18,111.5 1 0
github.com/greysquirr3l/bishoujo-huntress/internal/adapters/repository/incident_dtos.go:113.4,119.5 1 0
github.com/greysquirr3l/bishoujo-huntress/internal/adapters/repository/incident_dtos.go:124.2,124.28 1 0
github.com/greysquirr3l/bishoujo-huntress/internal/adapters/repository/incident_dtos.go:124.28,126.45 2 0
github.com/greysquirr3l/bishoujo-huntress/internal/adapters/repository/incident_dtos.go:126.45,128.18 2 0
github.com/greysquirr3l/bishoujo-huntress/internal/adapters/repository/incident_dtos.go:128.18,130.5 1 0
github.com/greysquirr3l/bishoujo-huntress/internal/adapters/repository/incident_dtos.go:132.4,133.18 2 0
github.com/greysquirr3l/bishoujo-huntress/internal/adapters/repository/incident_dtos.go:133.18,135.5 1 0
github.com/greysquirr3l/bishoujo-huntress/internal/adapters/repository/incident_dtos.go:137.4,151.5 1 0
github.com/greysquirr3l/bishoujo-huntress/internal/adapters/repository/incident_dtos.go:156.2,156.23 1 0
github.com/greysquirr3l/bishoujo-huntress/internal/adapters/repository/incident_dtos.go:156.23,158.35 2 0
github.com/greysquirr3l/bishoujo-huntress/internal/adapters/repository/incident_dtos.go:158.35,160.18 2 0
github.com/greysquirr3l/bishoujo-huntress/internal/adapters/repository/incident_dtos.go:160.18,162.5 1 0
github.com/greysquirr3l/bishoujo-huntress/internal/adapters/repository/incident_dtos.go:164.4,165.18 2 0
github.com/greysquirr3l/bishoujo-huntress/internal/adapters/repository/incident_dtos.go:165.18,167.5 1 0
github.com/greysquirr3l/bishoujo-huntress/internal/adapters/repository/incident_dtos.go:169.4,179.5 1 0
github.com/greysquirr3l/bishoujo-huntress/internal/adapters/repository/incident_dtos.go:183.2,183.17 1 0
github.com/greysquirr3l/bishoujo-huntress/internal/adapters/repository/incident_dtos.go:208.57,226.27 2 0
github.com/greysquirr3l/bishoujo-huntress/internal/adapters/repository/incident_dtos.go:226.27,228.3 1 0
github.com/greysquirr3l/bishoujo-huntress/internal/adapters/repository/incident_dtos.go:231.2,234.24 2 0
github.com/greysquirr3l/bishoujo-huntress/internal/adapters/repository/incident_dtos.go:234.24,236.34 2 0
github.com/greysquirr3l/bishoujo-huntress/internal/adapters/repository/incident_dtos.go:236.34,244.4 1 0
github.com/greysquirr3l/bishoujo-huntress/internal/adapters/repository/incident_dtos.go:248.2,248.28 1 0
github.com/greysquirr3l/bishoujo-huntress/internal/adapters/repository/incident_dtos.go:248.28,250.42 2 0
github.com/greysquirr3l/bishoujo-huntress/internal/adapters/repository/incident_dtos.go:250.42,263.4 1 0
github.com/greysquirr3l/bishoujo-huntress/internal/adapters/repository/incident_dtos.go:267.2,267.23 1 0
github.com/greysquirr3l/bishoujo-huntress/internal/adapters/repository/incident_dtos.go:267.23,269.32 2 0
github.com/greysquirr3l/bishoujo-huntress/internal/adapters/repository/incident_dtos.go:269.32,280.4 1 0
github.com/greysquirr3l/bishoujo-huntress/internal/adapters/repository/incident_dtos.go:283.2,283.12 1 0
github.com/greysquirr3l/bishoujo-huntress/internal/adapters/repository/incident_repository.go:26.128,32.2 1 0
github.com/greysquirr3l/bishoujo-huntress/internal/adapters/repository/incident_repository.go:35.98,38.16 3 0
github.com/greysquirr3l/bishoujo-huntress/internal/adapters/repository/incident_repository.go:38.16,40.3 1 0
github.com/greysquirr3l/bishoujo-huntress/internal/adapters/repository/incident_repository.go:42.2,43.16 2 0
github.com/greysquirr3l/bishoujo-huntress/internal/adapters/repository/incident_repository.go:43.16,45.3 1 0
github.com/greysquirr3l/bishoujo-huntress/internal/adapters/repository/incident_repository.go:46.2,46.15 1 0
github.com/greysquirr3l/bishoujo-huntress/internal/adapters/repository/incident_repository.go:46.15,47.43 1 0
github.com/greysquirr3l/bishoujo-huntress/internal/adapters/repository/incident_repository.go:47.43,49.4 1 0
github.com/greysquirr3l/bishoujo-huntress/internal/adapters/repository/incident_repository.go:52.2,52.38 1 0
github.com/greysquirr3l/bishoujo-huntress/internal/adapters/repository/incident_repository.go:52.38,54.3 1 0
github.com/greysquirr3l/bishoujo-huntress/internal/adapters/repository/incident_repository.go:57.2,58.64 2 0
github.com/greysquirr3l/bishoujo-huntress/internal/adapters/repository/incident_repository.go:58.64,60.3 1 0
github.com/greysquirr3l/bishoujo-huntress/internal/adapters/repository/incident_repository.go:63.2,64.16 2 0
github.com/greysquirr3l/bishoujo-huntress/internal/adapters/repository/incident_repository.go:64.16,66.3 1 0
github.com/greysquirr3l/bishoujo-huntress/internal/adapters/repository/incident_repository.go:68.2,68.22 1 0
github.com/greysquirr3l/bishoujo-huntress/internal/adapters/repository/incident_repository.go:72.149,87.34 2 0
github.com/greysquirr3l/bishoujo-huntress/internal/adapters/repository/incident_repository.go:87.34,89.3 1 0
github.com/greysquirr3l/bishoujo-huntress/internal/adapters/repository/incident_repository.go:90.2,90.35 1 0
github.com/greysquirr3l/bishoujo-huntress/internal/adapters/repository/incident_repository.go:90.35,92.3 1 0
github.com/greysquirr3l/bishoujo-huntress/internal/adapters/repository/incident_repository.go:94.2,94.40 1 0
github.com/greysquirr3l/bishoujo-huntress/internal/adapters/repository/incident_repository.go:94.40,97.46 3 0
github.com/greysquirr3l/bishoujo-huntress/internal/adapters/repository/incident_repository.go:97.46,99.4 1 0
github.com/greysquirr3l/bishoujo-huntress/internal/adapters/repository/incident_repository.go:100.3,100.65 1 0
github.com/greysquirr3l/bishoujo-huntress/internal/adapters/repository/incident_repository.go:102.2,104.20 3 0
github.com/greysquirr3l/bishoujo-huntress/internal/adapters/repository/incident_repository.go:104.20,106.3 1 0
github.com/greysquirr3l/bishoujo-huntress/internal/adapters/repository/incident_repository.go:108.2,109.16 2 0
github.com/greysquirr3l/bishoujo-huntress/internal/adapters/repository/incident_repository.go:109.16,111.3 1 0
github.com/greysquirr3l/bishoujo-huntress/internal/adapters/repository/incident_repository.go:113.2,114.16 2 0
github.com/greysquirr3l/bishoujo-huntress/internal/adapters/repository/incident_repository.go:114.16,116.3 1 0
github.com/greysquirr3l/bishoujo-huntress/internal/adapters/repository/incident_repository.go:117.2,117.15 1 0
github.com/greysquirr3l/bishoujo-huntress/internal/adapters/repository/incident_repository.go:117.15,118.43 1 0
github.com/greysquirr3l/bishoujo-huntress/internal/adapters/repository/incident_repository.go:118.43,120.4 1 0
github.com/greysquirr3l/bishoujo-huntress/internal/adapters/repository/incident_repository.go:123.2,123.38 1 0
github.com/greysquirr3l/bishoujo-huntress/internal/adapters/repository/incident_repository.go:123.38,125.3 1 0
github.com/greysquirr3l/bishoujo-huntress/internal/adapters/repository/incident_repository.go:127.2,128.73 2 0
github.com/greysquirr3l/bishoujo-huntress/internal/adapters/repository/incident_repository.go:128.73,130.3 1 0
github.com/greysquirr3l/bishoujo-huntress/internal/adapters/repository/incident_repository.go:133.2,137.35 3 0
github.com/greysquirr3l/bishoujo-huntress/internal/adapters/repository/incident_repository.go:137.35,139.17 2 0
github.com/greysquirr3l/bishoujo-huntress/internal/adapters/repository/incident_repository.go:139.17,141.4 1 0
github.com/greysquirr3l/bishoujo-huntress/internal/adapters/repository/incident_repository.go:142.3,142.26 1 0
github.com/greysquirr3l/bishoujo-huntress/internal/adapters/repository/incident_repository.go:145.2,145.35 1 0
github.com/greysquirr3l/bishoujo-huntress/internal/adapters/repository/incident_repository.go:149.92,155.16 3 0
github.com/greysquirr3l/bishoujo-huntress/internal/adapters/repository/incident_repository.go:155.16,157.3 1 0
github.com/greysquirr3l/bishoujo-huntress/internal/adapters/repository/incident_repository.go:159.2,160.16 2 0
github.com/greysquirr3l/bishoujo-huntress/internal/adapters/repository/incident_repository.go:160.16,162.3 1 0
github.com/greysquirr3l/bishoujo-huntress/internal/adapters/repository/incident_repository.go:164.2,165.16 2 0
github.com/greysquirr3l/bishoujo-huntress/internal/adapters/repository/incident_repository.go:165.16,167.3 1 0
github.com/greysquirr3l/bishoujo-huntress/internal/adapters/repository/incident_repository.go:168.2,168.15 1 0
github.com/greysquirr3l/bishoujo-huntress/internal/adapters/repository/incident_repository.go:168.15,169.43 1 0
github.com/greysquirr3l/bishoujo-huntress/internal/adapters/repository/incident_repository.go:169.43,171.4 1 0
github.com/greysquirr3l/bishoujo-huntress/internal/adapters/repository/incident_repository.go:174.2,174.43 1 0
github.com/greysquirr3l/bishoujo-huntress/internal/adapters/repository/incident_repository.go:174.43,176.3 1 0
github.com/greysquirr3l/bishoujo-huntress/internal/adapters/repository/incident_repository.go:179.2,180.73 2 0
github.com/greysquirr3l/bishoujo-huntress/internal/adapters/repository/incident_repository.go:180.73,182.3 1 0
github.com/greysquirr3l/bishoujo-huntress/internal/adapters/repository/incident_repository.go:185.2,185.50 1 0
github.com/greysquirr3l/bishoujo-huntress/internal/adapters/repository/incident_repository.go:185.50,187.17 2 0
github.com/greysquirr3l/bishoujo-huntress/internal/adapters/repository/incident_repository.go:187.17,189.4 1 0
github.com/greysquirr3l/bishoujo-huntress/internal/adapters/repository/incident_repository.go:190.3,190.21 1 0
github.com/greysquirr3l/bishoujo-huntress/internal/adapters/repository/incident_repository.go:191.8,193.3 1 0
github.com/greysquirr3l/bishoujo-huntress/internal/adapters/repository/incident_repository.go:195.2,195.12 1 0
github.com/greysquirr3l/bishoujo-huntress/internal/adapters/repository/incident_repository.go:199.92,205.16 3 0
github.com/greysquirr3l/bishoujo-huntress/internal/adapters/repository/incident_repository.go:205.16,207.3 1 0
github.com/greysquirr3l/bishoujo-huntress/internal/adapters/repository/incident_repository.go:209.2,211.16 3 0
github.com/greysquirr3l/bishoujo-huntress/internal/adapters/repository/incident_repository.go:211.16,213.3 1 0
github.com/greysquirr3l/bishoujo-huntress/internal/adapters/repository/incident_repository.go:215.2,216.16 2 0
github.com/greysquirr3l/bishoujo-huntress/internal/adapters/repository/incident_repository.go:216.16,218.3 1 0
github.com/greysquirr3l/bishoujo-huntress/internal/adapters/repository/incident_repository.go:219.2,219.15 1 0
github.com/greysquirr3l/bishoujo-huntress/internal/adapters/repository/incident_repository.go:219.15,220.43 1 0
github.com/greysquirr3l/bishoujo-huntress/internal/adapters/repository/incident_repository.go:220.43,222.4 1 0
github.com/greysquirr3l/bishoujo-huntress/internal/adapters/repository/incident_repository.go:225.2,225.38 1 0
github.com/greysquirr3l/bishoujo-huntress/internal/adapters/repository/incident_repository.go:225.38,227.3 1 0
github.com/greysquirr3l/bishoujo-huntress/internal/adapters/repository/incident_repository.go:229.2,229.12 1 0
github.com/greysquirr3l/bishoujo-huntress/internal/adapters/repository/incident_repository.go:233.79,236.16 3 0
github.com/greysquirr3l/bishoujo-huntress/internal/adapters/repository/incident_repository.go:236.16,238.3 1 0
github.com/greysquirr3l/bishoujo-huntress/internal/adapters/repository/incident_repository.go:240.2,241.16 2 0
github.com/greysquirr3l/bishoujo-huntress/internal/adapters/repository/incident_repository.go:241.16,243.3 1 0
github.com/greysquirr3l/bishoujo-huntress/internal/adapters/repository/incident_repository.go:244.2,244.15 1 0
github.com/greysquirr3l/bishoujo-huntress/internal/adapters/repository/incident_repository.go:244.15,245.43 1 0
github.com/greysquirr3l/bishoujo-huntress/internal/adapters/repository/incident_repository.go:245.43,247.4 1 0
github.com/greysquirr3l/bishoujo-huntress/internal/adapters/repository/incident_repository.go:250.2,250.45 1 0
github.com/greysquirr3l/bishoujo-huntress/internal/adapters/repository/incident_repository.go:250.45,252.3 1 0
github.com/greysquirr3l/bishoujo-huntress/internal/adapters/repository/incident_repository.go:254.2,254.12 1 0
github.com/greysquirr3l/bishoujo-huntress/internal/adapters/repository/incident_repository.go:258.109,264.16 4 0
github.com/greysquirr3l/bishoujo-huntress/internal/adapters/repository/incident_repository.go:264.16,266.3 1 0
github.com/greysquirr3l/bishoujo-huntress/internal/adapters/repository/incident_repository.go:268.2,269.16 2 0
github.com/greysquirr3l/bishoujo-huntress/internal/adapters/repository/incident_repository.go:269.16,271.3 1 0
github.com/greysquirr3l/bishoujo-huntress/internal/adapters/repository/incident_repository.go:273.2,274.16 2 0
github.com/greysquirr3l/bishoujo-huntress/internal/adapters/repository/incident_repository.go:274.16,276.3 1 0
github.com/greysquirr3l/bishoujo-huntress/internal/adapters/repository/incident_repository.go:277.2,277.15 1 0
github.com/greysquirr3l/bishoujo-huntress/internal/adapters/repository/incident_repository.go:277.15,278.43 1 0
github.com/greysquirr3l/bishoujo-huntress/internal/adapters/repository/incident_repository.go:278.43,280.4 1 0
github.com/greysquirr3l/bishoujo-huntress/internal/adapters/repository/incident_repository.go:283.2,283.38 1 0
github.com/greysquirr3l/bishoujo-huntress/internal/adapters/repository/incident_repository.go:283.38,285.3 1 0
github.com/greysquirr3l/bishoujo-huntress/internal/adapters/repository/incident_repository.go:287.2,287.12 1 0
github.com/greysquirr3l/bishoujo-huntress/internal/adapters/repository/incident_repository.go:291.104,297.16 4 0
github.com/greysquirr3l/bishoujo-huntress/internal/adapters/repository/incident_repository.go:297.16,299.3 1 0
github.com/greysquirr3l/bishoujo-huntress/internal/adapters/repository/incident_repository.go:301.2,302.16 2 0
github.com/greysquirr3l/bishoujo-huntress/internal/adapters/repository/incident_repository.go:302.16,304.3 1 0
github.com/greysquirr3l/bishoujo-huntress/internal/adapters/repository/incident_repository.go:306.2,307.16 2 0
github.com/greysquirr3l/bishoujo-huntress/internal/adapters/repository/incident_repository.go:307.16,309.3 1 0
github.com/greysquirr3l/bishoujo-huntress/internal/adapters/repository/incident_repository.go:310.2,310.15 1 0
github.com/greysquirr3l/bishoujo-huntress/internal/adapters/repository/incident_repository.go:310.15,311.43 1 0
github.com/greysquirr3l/bishoujo-huntress/internal/adapters/repository/incident_repository.go:311.43,313.4 1 0
github.com/greysquirr3l/bishoujo-huntress/internal/adapters/repository/incident_repository.go:316.2,316.38 1 0
github.com/greysquirr3l/bishoujo-huntress/internal/adapters/repository/incident_repository.go:316.38,318.3 1 0
github.com/greysquirr3l/bishoujo-huntress/internal/adapters/repository/incident_repository.go:320.2,320.12 1 0
github.com/greysquirr3l/bishoujo-huntress/internal/adapters/repository/incident_repository.go:324.183,328.2 2 0
github.com/greysquirr3l/bishoujo-huntress/internal/adapters/repository/incident_repository.go:331.172,335.2 2 0
github.com/greysquirr3l/bishoujo-huntress/internal/adapters/repository/incident_repository.go:338.108,344.16 4 0
github.com/greysquirr3l/bishoujo-huntress/internal/adapters/repository/incident_repository.go:344.16,346.3 1 0
github.com/greysquirr3l/bishoujo-huntress/internal/adapters/repository/incident_repository.go:348.2,349.16 2 0
[...]
github.com/greysquirr3l/bishoujo-huntress/internal/adapters/api/integration_repository.go:96.16,98.3 1 0
github.com/greysquirr3l/bishoujo-huntress/internal/adapters/api/integration_repository.go:99.2,100.21 2 1
github.com/greysquirr3l/bishoujo-huntress/internal/adapters/api/integration_repository.go:100.21,102.3 1 0
github.com/greysquirr3l/bishoujo-huntress/internal/adapters/api/integration_repository.go:103.2,103.38 1 1
github.com/greysquirr3l/bishoujo-huntress/internal/adapters/api/integration_repository.go:103.38,105.3 1 1
github.com/greysquirr3l/bishoujo-huntress/internal/adapters/api/integration_repository.go:106.2,107.64 2 1
github.com/greysquirr3l/bishoujo-huntress/internal/adapters/api/integration_repository.go:107.64,109.3 1 1
github.com/greysquirr3l/bishoujo-huntress/internal/adapters/api/integration_repository.go:110.2,110.17 1 1
github.com/greysquirr3l/bishoujo-huntress/internal/adapters/api/integration_repository.go:114.78,116.16 2 1
github.com/greysquirr3l/bishoujo-huntress/internal/adapters/api/integration_repository.go:116.16,118.3 1 0
github.com/greysquirr3l/bishoujo-huntress/internal/adapters/api/integration_repository.go:119.2,121.16 3 1
github.com/greysquirr3l/bishoujo-huntress/internal/adapters/api/integration_repository.go:121.16,123.3 1 0
github.com/greysquirr3l/bishoujo-huntress/internal/adapters/api/integration_repository.go:124.2,125.21 2 1
github.com/greysquirr3l/bishoujo-huntress/internal/adapters/api/integration_repository.go:125.21,127.3 1 1
github.com/greysquirr3l/bishoujo-huntress/internal/adapters/api/integration_repository.go:128.2,128.45 1 1
github.com/greysquirr3l/bishoujo-huntress/internal/adapters/api/integration_repository.go:128.45,130.3 1 1
github.com/greysquirr3l/bishoujo-huntress/internal/adapters/api/integration_repository.go:131.2,131.12 1 1
github.com/greysquirr3l/bishoujo-huntress/internal/adapters/api/integration_repository.go:135.119,137.2 1 1
github.com/greysquirr3l/bishoujo-huntress/internal/adapters/api/organization_repository.go:27.99,32.2 1 0
github.com/greysquirr3l/bishoujo-huntress/internal/adapters/api/organization_repository.go:35.106,43.16 4 1
github.com/greysquirr3l/bishoujo-huntress/internal/adapters/api/organization_repository.go:43.16,45.3 1 1
github.com/greysquirr3l/bishoujo-huntress/internal/adapters/api/organization_repository.go:46.2,46.17 1 1
github.com/greysquirr3l/bishoujo-huntress/internal/adapters/api/organization_repository.go:46.17,47.16 1 1
github.com/greysquirr3l/bishoujo-huntress/internal/adapters/api/organization_repository.go:47.16,48.44 1 1
github.com/greysquirr3l/bishoujo-huntress/internal/adapters/api/organization_repository.go:48.44,50.5 1 0
github.com/greysquirr3l/bishoujo-huntress/internal/adapters/api/organization_repository.go:54.2,54.38 1 1
github.com/greysquirr3l/bishoujo-huntress/internal/adapters/api/organization_repository.go:54.38,57.3 1 0
github.com/greysquirr3l/bishoujo-huntress/internal/adapters/api/organization_repository.go:60.2,61.16 2 1
github.com/greysquirr3l/bishoujo-huntress/internal/adapters/api/organization_repository.go:61.16,63.3 1 0
github.com/greysquirr3l/bishoujo-huntress/internal/adapters/api/organization_repository.go:65.2,65.17 1 1
github.com/greysquirr3l/bishoujo-huntress/internal/adapters/api/organization_repository.go:69.155,74.19 3 1
github.com/greysquirr3l/bishoujo-huntress/internal/adapters/api/organization_repository.go:74.19,75.22 1 0
github.com/greysquirr3l/bishoujo-huntress/internal/adapters/api/organization_repository.go:75.22,77.4 1 0
github.com/greysquirr3l/bishoujo-huntress/internal/adapters/api/organization_repository.go:78.3,78.23 1 0
github.com/greysquirr3l/bishoujo-huntress/internal/adapters/api/organization_repository.go:78.23,81.4 1 0
github.com/greysquirr3l/bishoujo-huntress/internal/adapters/api/organization_repository.go:86.3,86.26 1 0
github.com/greysquirr3l/bishoujo-huntress/internal/adapters/api/organization_repository.go:86.26,88.4 1 0
github.com/greysquirr3l/bishoujo-huntress/internal/adapters/api/organization_repository.go:89.3,89.26 1 0
github.com/greysquirr3l/bishoujo-huntress/internal/adapters/api/organization_repository.go:89.26,91.4 1 0
github.com/greysquirr3l/bishoujo-huntress/internal/adapters/api/organization_repository.go:103.2,117.16 4 1
github.com/greysquirr3l/bishoujo-huntress/internal/adapters/api/organization_repository.go:117.16,119.3 1 1
github.com/greysquirr3l/bishoujo-huntress/internal/adapters/api/organization_repository.go:120.2,120.17 1 0
github.com/greysquirr3l/bishoujo-huntress/internal/adapters/api/organization_repository.go:120.17,121.16 1 0
github.com/greysquirr3l/bishoujo-huntress/internal/adapters/api/organization_repository.go:121.16,122.44 1 0
github.com/greysquirr3l/bishoujo-huntress/internal/adapters/api/organization_repository.go:122.44,124.5 1 0
github.com/greysquirr3l/bishoujo-huntress/internal/adapters/api/organization_repository.go:127.2,127.38 1 0
github.com/greysquirr3l/bishoujo-huntress/internal/adapters/api/organization_repository.go:127.38,129.3 1 0
github.com/greysquirr3l/bishoujo-huntress/internal/adapters/api/organization_repository.go:132.2,133.36 2 0
github.com/greysquirr3l/bishoujo-huntress/internal/adapters/api/organization_repository.go:133.36,135.17 2 0
github.com/greysquirr3l/bishoujo-huntress/internal/adapters/api/organization_repository.go:135.17,139.4 1 0
github.com/greysquirr3l/bishoujo-huntress/internal/adapters/api/organization_repository.go:140.3,140.45 1 0
github.com/greysquirr3l/bishoujo-huntress/internal/adapters/api/organization_repository.go:144.2,151.39 2 0
github.com/greysquirr3l/bishoujo-huntress/internal/adapters/api/organization_repository.go:155.130,170.16 5 0
github.com/greysquirr3l/bishoujo-huntress/internal/adapters/api/organization_repository.go:170.16,172.3 1 0
github.com/greysquirr3l/bishoujo-huntress/internal/adapters/api/organization_repository.go:173.2,173.17 1 0
github.com/greysquirr3l/bishoujo-huntress/internal/adapters/api/organization_repository.go:173.17,174.16 1 0
github.com/greysquirr3l/bishoujo-huntress/internal/adapters/api/organization_repository.go:174.16,175.44 1 0
github.com/greysquirr3l/bishoujo-huntress/internal/adapters/api/organization_repository.go:175.44,177.5 1 0
github.com/greysquirr3l/bishoujo-huntress/internal/adapters/api/organization_repository.go:181.2,181.43 1 0
github.com/greysquirr3l/bishoujo-huntress/internal/adapters/api/organization_repository.go:181.43,183.3 1 0
github.com/greysquirr3l/bishoujo-huntress/internal/adapters/api/organization_repository.go:186.2,187.16 2 0
github.com/greysquirr3l/bishoujo-huntress/internal/adapters/api/organization_repository.go:187.16,189.3 1 0
github.com/greysquirr3l/bishoujo-huntress/internal/adapters/api/organization_repository.go:191.2,191.24 1 0
github.com/greysquirr3l/bishoujo-huntress/internal/adapters/api/organization_repository.go:195.130,196.18 1 0
github.com/greysquirr3l/bishoujo-huntress/internal/adapters/api/organization_repository.go:196.18,198.3 1 0
github.com/greysquirr3l/bishoujo-huntress/internal/adapters/api/organization_repository.go:205.2,213.16 5 0
github.com/greysquirr3l/bishoujo-huntress/internal/adapters/api/organization_repository.go:213.16,215.3 1 0
github.com/greysquirr3l/bishoujo-huntress/internal/adapters/api/organization_repository.go:216.2,216.17 1 0
github.com/greysquirr3l/bishoujo-huntress/internal/adapters/api/organization_repository.go:216.17,217.16 1 0
github.com/greysquirr3l/bishoujo-huntress/internal/adapters/api/organization_repository.go:217.16,218.44 1 0
github.com/greysquirr3l/bishoujo-huntress/internal/adapters/api/organization_repository.go:218.44,220.5 1 0
github.com/greysquirr3l/bishoujo-huntress/internal/adapters/api/organization_repository.go:223.2,223.38 1 0
github.com/greysquirr3l/bishoujo-huntress/internal/adapters/api/organization_repository.go:223.38,225.3 1 0
github.com/greysquirr3l/bishoujo-huntress/internal/adapters/api/organization_repository.go:228.2,229.16 2 0
github.com/greysquirr3l/bishoujo-huntress/internal/adapters/api/organization_repository.go:229.16,231.3 1 0
github.com/greysquirr3l/bishoujo-huntress/internal/adapters/api/organization_repository.go:233.2,233.24 1 0
github.com/greysquirr3l/bishoujo-huntress/internal/adapters/api/organization_repository.go:237.79,242.16 3 1
github.com/greysquirr3l/bishoujo-huntress/internal/adapters/api/organization_repository.go:242.16,244.3 1 1
github.com/greysquirr3l/bishoujo-huntress/internal/adapters/api/organization_repository.go:245.2,245.17 1 1
github.com/greysquirr3l/bishoujo-huntress/internal/adapters/api/organization_repository.go:245.17,246.16 1 1
github.com/greysquirr3l/bishoujo-huntress/internal/adapters/api/organization_repository.go:246.16,247.44 1 1
github.com/greysquirr3l/bishoujo-huntress/internal/adapters/api/organization_repository.go:247.44,249.5 1 0
github.com/greysquirr3l/bishoujo-huntress/internal/adapters/api/organization_repository.go:253.2,253.45 1 1
github.com/greysquirr3l/bishoujo-huntress/internal/adapters/api/organization_repository.go:253.45,255.3 1 0
github.com/greysquirr3l/bishoujo-huntress/internal/adapters/api/organization_repository.go:257.2,257.12 1 1
github.com/greysquirr3l/bishoujo-huntress/internal/adapters/api/organization_repository.go:261.141,272.16 4 0
github.com/greysquirr3l/bishoujo-huntress/internal/adapters/api/organization_repository.go:272.16,274.3 1 0
github.com/greysquirr3l/bishoujo-huntress/internal/adapters/api/organization_repository.go:275.2,275.17 1 0
github.com/greysquirr3l/bishoujo-huntress/internal/adapters/api/organization_repository.go:275.17,276.16 1 0
github.com/greysquirr3l/bishoujo-huntress/internal/adapters/api/organization_repository.go:276.16,277.44 1 0
github.com/greysquirr3l/bishoujo-huntress/internal/adapters/api/organization_repository.go:277.44,279.5 1 0
github.com/greysquirr3l/bishoujo-huntress/internal/adapters/api/organization_repository.go:282.2,282.38 1 0
github.com/greysquirr3l/bishoujo-huntress/internal/adapters/api/organization_repository.go:282.38,284.3 1 0
github.com/greysquirr3l/bishoujo-huntress/internal/adapters/api/organization_repository.go:287.2,288.36 2 0
github.com/greysquirr3l/bishoujo-huntress/internal/adapters/api/organization_repository.go:288.36,291.3 2 0
github.com/greysquirr3l/bishoujo-huntress/internal/adapters/api/organization_repository.go:293.2,300.31 2 0
github.com/greysquirr3l/bishoujo-huntress/internal/adapters/api/organization_repository.go:304.117,312.16 4 0
github.com/greysquirr3l/bishoujo-huntress/internal/adapters/api/organization_repository.go:312.16,314.3 1 0
github.com/greysquirr3l/bishoujo-huntress/internal/adapters/api/organization_repository.go:315.2,315.17 1 0
github.com/greysquirr3l/bishoujo-huntress/internal/adapters/api/organization_repository.go:315.17,316.16 1 0
github.com/greysquirr3l/bishoujo-huntress/internal/adapters/api/organization_repository.go:316.16,317.44 1 0
github.com/greysquirr3l/bishoujo-huntress/internal/adapters/api/organization_repository.go:317.44,319.5 1 0
github.com/greysquirr3l/bishoujo-huntress/internal/adapters/api/organization_repository.go:323.2,323.79 1 0
github.com/greysquirr3l/bishoujo-huntress/internal/adapters/api/organization_repository.go:323.79,325.3 1 0
github.com/greysquirr3l/bishoujo-huntress/internal/adapters/api/organization_repository.go:327.2,327.12 1 0
github.com/greysquirr3l/bishoujo-huntress/internal/adapters/api/organization_repository.go:331.110,336.16 3 0
github.com/greysquirr3l/bishoujo-huntress/internal/adapters/api/organization_repository.go:336.16,338.3 1 0
github.com/greysquirr3l/bishoujo-huntress/internal/adapters/api/organization_repository.go:339.2,339.17 1 0
github.com/greysquirr3l/bishoujo-huntress/internal/adapters/api/organization_repository.go:339.17,340.16 1 0
github.com/greysquirr3l/bishoujo-huntress/internal/adapters/api/organization_repository.go:340.16,341.44 1 0
github.com/greysquirr3l/bishoujo-huntress/internal/adapters/api/organization_repository.go:341.44,343.5 1 0
github.com/greysquirr3l/bishoujo-huntress/internal/adapters/api/organization_repository.go:347.2,347.45 1 0
github.com/greysquirr3l/bishoujo-huntress/internal/adapters/api/organization_repository.go:347.45,349.3 1 0
github.com/greysquirr3l/bishoujo-huntress/internal/adapters/api/organization_repository.go:351.2,351.12 1 0
github.com/greysquirr3l/bishoujo-huntress/internal/adapters/api/organization_repository.go:397.116,399.16 2 1
github.com/greysquirr3l/bishoujo-huntress/internal/adapters/api/organization_repository.go:399.16,401.3 1 0
github.com/greysquirr3l/bishoujo-huntress/internal/adapters/api/organization_repository.go:403.2,404.16 2 1
github.com/greysquirr3l/bishoujo-huntress/internal/adapters/api/organization_repository.go:404.16,406.3 1 0
github.com/greysquirr3l/bishoujo-huntress/internal/adapters/api/organization_repository.go:408.2,436.17 2 1
github.com/greysquirr3l/bishoujo-huntress/internal/adapters/api/organization_repository.go:439.107,467.2 1 0
github.com/greysquirr3l/bishoujo-huntress/internal/adapters/api/organization_repository.go:469.83,478.2 1 0
github.com/greysquirr3l/bishoujo-huntress/internal/adapters/api/organization_repository.go:480.84,489.2 1 0
github.com/greysquirr3l/bishoujo-huntress/internal/adapters/api/organization_repository.go:492.51,493.19 1 1
github.com/greysquirr3l/bishoujo-huntress/internal/adapters/api/organization_repository.go:493.19,495.3 1 1
github.com/greysquirr3l/bishoujo-huntress/internal/adapters/api/organization_repository.go:496.2,497.16 2 0
github.com/greysquirr3l/bishoujo-huntress/internal/adapters/api/organization_repository.go:497.16,499.3 1 0
github.com/greysquirr3l/bishoujo-huntress/internal/adapters/api/organization_repository.go:500.2,500.15 1 0
github.com/greysquirr3l/bishoujo-huntress/internal/adapters/api/webhook_repository.go:26.83,28.16 2 1
github.com/greysquirr3l/bishoujo-huntress/internal/adapters/api/webhook_repository.go:28.16,30.3 1 0
github.com/greysquirr3l/bishoujo-huntress/internal/adapters/api/webhook_repository.go:31.2,33.16 3 1
github.com/greysquirr3l/bishoujo-huntress/internal/adapters/api/webhook_repository.go:33.16,35.3 1 0
github.com/greysquirr3l/bishoujo-huntress/internal/adapters/api/webhook_repository.go:36.2,36.38 1 1
github.com/greysquirr3l/bishoujo-huntress/internal/adapters/api/webhook_repository.go:36.38,38.22 2 1
github.com/greysquirr3l/bishoujo-huntress/internal/adapters/api/webhook_repository.go:38.22,40.4 1 0
github.com/greysquirr3l/bishoujo-huntress/internal/adapters/api/webhook_repository.go:41.3,41.81 1 1
github.com/greysquirr3l/bishoujo-huntress/internal/adapters/api/webhook_repository.go:43.2,44.64 2 1
github.com/greysquirr3l/bishoujo-huntress/internal/adapters/api/webhook_repository.go:44.64,46.22 2 1
github.com/greysquirr3l/bishoujo-huntress/internal/adapters/api/webhook_repository.go:46.22,48.4 1 0
github.com/greysquirr3l/bishoujo-huntress/internal/adapters/api/webhook_repository.go:49.3,49.58 1 1
github.com/greysquirr3l/bishoujo-huntress/internal/adapters/api/webhook_repository.go:51.2,52.21 2 1
github.com/greysquirr3l/bishoujo-huntress/internal/adapters/api/webhook_repository.go:52.21,54.3 1 0
github.com/greysquirr3l/bishoujo-huntress/internal/adapters/api/webhook_repository.go:55.2,55.17 1 1
github.com/greysquirr3l/bishoujo-huntress/internal/adapters/api/webhook_repository.go:60.104,62.16 2 1
github.com/greysquirr3l/bishoujo-huntress/internal/adapters/api/webhook_repository.go:62.16,64.3 1 0
github.com/greysquirr3l/bishoujo-huntress/internal/adapters/api/webhook_repository.go:65.2,66.16 2 1
github.com/greysquirr3l/bishoujo-huntress/internal/adapters/api/webhook_repository.go:66.16,68.3 1 0
github.com/greysquirr3l/bishoujo-huntress/internal/adapters/api/webhook_repository.go:69.2,72.16 4 1
github.com/greysquirr3l/bishoujo-huntress/internal/adapters/api/webhook_repository.go:72.16,74.3 1 0
github.com/greysquirr3l/bishoujo-huntress/internal/adapters/api/webhook_repository.go:75.2,76.21 2 1
github.com/greysquirr3l/bishoujo-huntress/internal/adapters/api/webhook_repository.go:76.21,78.3 1 0
github.com/greysquirr3l/bishoujo-huntress/internal/adapters/api/webhook_repository.go:79.2,79.43 1 1
github.com/greysquirr3l/bishoujo-huntress/internal/adapters/api/webhook_repository.go:79.43,81.3 1 1
github.com/greysquirr3l/bishoujo-huntress/internal/adapters/api/webhook_repository.go:82.2,83.64 2 1
github.com/greysquirr3l/bishoujo-huntress/internal/adapters/api/webhook_repository.go:83.64,85.3 1 0
github.com/greysquirr3l/bishoujo-huntress/internal/adapters/api/webhook_repository.go:86.2,86.18 1 1
github.com/greysquirr3l/bishoujo-huntress/internal/adapters/api/webhook_repository.go:91.91,93.16 2 0
github.com/greysquirr3l/bishoujo-huntress/internal/adapters/api/webhook_repository.go:93.16,95.3 1 0
github.com/greysquirr3l/bishoujo-huntress/internal/adapters/api/webhook_repository.go:96.2,98.16 3 0
github.com/greysquirr3l/bishoujo-huntress/internal/adapters/api/webhook_repository.go:98.16,100.3 1 0
github.com/greysquirr3l/bishoujo-huntress/internal/adapters/api/webhook_repository.go:101.2,102.21 2 0
github.com/greysquirr3l/bishoujo-huntress/internal/adapters/api/webhook_repository.go:102.21,104.3 1 0
github.com/greysquirr3l/bishoujo-huntress/internal/adapters/api/webhook_repository.go:105.2,105.38 1 0
github.com/greysquirr3l/bishoujo-huntress/internal/adapters/api/webhook_repository.go:105.38,107.3 1 0
github.com/greysquirr3l/bishoujo-huntress/internal/adapters/api/webhook_repository.go:108.2,109.64 2 0
github.com/greysquirr3l/bishoujo-huntress/internal/adapters/api/webhook_repository.go:109.64,111.3 1 0
github.com/greysquirr3l/bishoujo-huntress/internal/adapters/api/webhook_repository.go:112.2,112.18 1 0
github.com/greysquirr3l/bishoujo-huntress/internal/adapters/api/webhook_repository.go:117.115,119.16 2 0
github.com/greysquirr3l/bishoujo-huntress/internal/adapters/api/webhook_repository.go:119.16,121.3 1 0
github.com/greysquirr3l/bishoujo-huntress/internal/adapters/api/webhook_repository.go:122.2,123.16 2 0
github.com/greysquirr3l/bishoujo-huntress/internal/adapters/api/webhook_repository.go:123.16,125.3 1 0
github.com/greysquirr3l/bishoujo-huntress/internal/adapters/api/webhook_repository.go:126.2,129.16 4 0
github.com/greysquirr3l/bishoujo-huntress/internal/adapters/api/webhook_repository.go:129.16,131.3 1 0
github.com/greysquirr3l/bishoujo-huntress/internal/adapters/api/webhook_repository.go:132.2,133.21 2 0
github.com/greysquirr3l/bishoujo-huntress/internal/adapters/api/webhook_repository.go:133.21,135.3 1 0
github.com/greysquirr3l/bishoujo-huntress/internal/adapters/api/webhook_repository.go:136.2,136.38 1 0
github.com/greysquirr3l/bishoujo-huntress/internal/adapters/api/webhook_repository.go:136.38,138.3 1 0
github.com/greysquirr3l/bishoujo-huntress/internal/adapters/api/webhook_repository.go:139.2,140.64 2 0
github.com/greysquirr3l/bishoujo-huntress/internal/adapters/api/webhook_repository.go:140.64,142.3 1 0
github.com/greysquirr3l/bishoujo-huntress/internal/adapters/api/webhook_repository.go:143.2,143.18 1 0
github.com/greysquirr3l/bishoujo-huntress/internal/adapters/api/webhook_repository.go:148.74,150.16 2 1
github.com/greysquirr3l/bishoujo-huntress/internal/adapters/api/webhook_repository.go:150.16,152.3 1 0
github.com/greysquirr3l/bishoujo-huntress/internal/adapters/api/webhook_repository.go:153.2,155.16 3 1
github.com/greysquirr3l/bishoujo-huntress/internal/adapters/api/webhook_repository.go:155.16,157.3 1 0
github.com/greysquirr3l/bishoujo-huntress/internal/adapters/api/webhook_repository.go:158.2,159.21 2 1
github.com/greysquirr3l/bishoujo-huntress/internal/adapters/api/webhook_repository.go:159.21,161.3 1 0
github.com/greysquirr3l/bishoujo-huntress/internal/adapters/api/webhook_repository.go:162.2,162.45 1 1
github.com/greysquirr3l/bishoujo-huntress/internal/adapters/api/webhook_repository.go:162.45,164.3 1 1
github.com/greysquirr3l/bishoujo-huntress/internal/adapters/api/webhook_repository.go:165.2,165.12 1 1
