mode: set
github.com/greysquirr3l/bishoujo-huntress/internal/adapters/api/httpclient/client.go:31.84,38.2 1 0
github.com/greysquirr3l/bishoujo-huntress/internal/adapters/api/httpclient/client.go:41.85,43.26 1 0
github.com/greysquirr3l/bishoujo-huntress/internal/adapters/api/httpclient/client.go:43.26,44.49 1 0
github.com/greysquirr3l/bishoujo-huntress/internal/adapters/api/httpclient/client.go:44.49,46.4 1 0
github.com/greysquirr3l/bishoujo-huntress/internal/adapters/api/httpclient/client.go:49.2,52.22 4 0
github.com/greysquirr3l/bishoujo-huntress/internal/adapters/api/httpclient/client.go:52.22,54.3 1 0
github.com/greysquirr3l/bishoujo-huntress/internal/adapters/api/httpclient/client.go:55.2,55.53 1 0
github.com/greysquirr3l/bishoujo-huntress/internal/adapters/api/httpclient/client.go:55.53,56.23 1 0
github.com/greysquirr3l/bishoujo-huntress/internal/adapters/api/httpclient/client.go:56.23,58.4 1 0
github.com/greysquirr3l/bishoujo-huntress/internal/adapters/api/httpclient/client.go:59.3,60.95 2 0
github.com/greysquirr3l/bishoujo-huntress/internal/adapters/api/httpclient/client.go:60.95,62.4 1 0
github.com/greysquirr3l/bishoujo-huntress/internal/adapters/api/httpclient/client.go:64.3,64.76 1 0
github.com/greysquirr3l/bishoujo-huntress/internal/adapters/api/httpclient/client.go:64.76,65.9 1 0
github.com/greysquirr3l/bishoujo-huntress/internal/adapters/api/httpclient/client.go:67.3,68.10 2 0
github.com/greysquirr3l/bishoujo-huntress/internal/adapters/api/httpclient/client.go:69.21,70.25 1 0
github.com/greysquirr3l/bishoujo-huntress/internal/adapters/api/httpclient/client.go:71.28,71.28 0 0
github.com/greysquirr3l/bishoujo-huntress/internal/adapters/api/httpclient/client.go:74.2,74.18 1 0
github.com/greysquirr3l/bishoujo-huntress/internal/adapters/api/httpclient/client.go:78.104,80.16 2 0
github.com/greysquirr3l/bishoujo-huntress/internal/adapters/api/httpclient/client.go:80.16,82.3 1 0
github.com/greysquirr3l/bishoujo-huntress/internal/adapters/api/httpclient/client.go:83.2,83.15 1 0
github.com/greysquirr3l/bishoujo-huntress/internal/adapters/api/httpclient/client.go:83.15,83.40 1 0
github.com/greysquirr3l/bishoujo-huntress/internal/adapters/api/httpclient/client.go:84.2,84.14 1 0
github.com/greysquirr3l/bishoujo-huntress/internal/adapters/api/httpclient/client.go:84.14,86.3 1 0
github.com/greysquirr3l/bishoujo-huntress/internal/adapters/api/httpclient/client.go:87.2,87.53 1 0
github.com/greysquirr3l/bishoujo-huntress/internal/adapters/api/httpclient/client.go:87.53,90.3 2 0
github.com/greysquirr3l/bishoujo-huntress/internal/adapters/api/httpclient/client.go:91.2,91.39 1 0
github.com/greysquirr3l/bishoujo-huntress/internal/adapters/api/httpclient/client.go:94.51,97.2 2 0
github.com/greysquirr3l/bishoujo-huntress/internal/adapters/api/httpclient/client.go:104.41,106.2 1 0
github.com/greysquirr3l/bishoujo-huntress/internal/adapters/api/httpclient/credentials.go:10.55,13.2 2 0
github.com/greysquirr3l/bishoujo-huntress/internal/adapters/api/httpclient/credentials.go:16.64,18.2 1 0
github.com/greysquirr3l/bishoujo-huntress/internal/adapters/api/httpclient/rate_limiter.go:19.67,24.2 1 0
github.com/greysquirr3l/bishoujo-huntress/internal/adapters/api/httpclient/rate_limiter.go:27.36,34.33 6 0
github.com/greysquirr3l/bishoujo-huntress/internal/adapters/api/httpclient/rate_limiter.go:34.33,35.22 1 0
github.com/greysquirr3l/bishoujo-huntress/internal/adapters/api/httpclient/rate_limiter.go:35.22,37.4 1 0
github.com/greysquirr3l/bishoujo-huntress/internal/adapters/api/httpclient/rate_limiter.go:39.2,40.33 2 0
github.com/greysquirr3l/bishoujo-huntress/internal/adapters/api/httpclient/rate_limiter.go:40.33,43.3 2 0
github.com/greysquirr3l/bishoujo-huntress/internal/adapters/api/httpclient/rate_limiter.go:44.2,44.14 1 0
github.com/greysquirr3l/bishoujo-huntress/internal/adapters/api/httpclient/rate_limiter.go:48.55,49.6 1 0
github.com/greysquirr3l/bishoujo-huntress/internal/adapters/api/httpclient/rate_limiter.go:49.6,50.16 1 0
github.com/greysquirr3l/bishoujo-huntress/internal/adapters/api/httpclient/rate_limiter.go:50.16,52.4 1 0
github.com/greysquirr3l/bishoujo-huntress/internal/adapters/api/httpclient/rate_limiter.go:53.3,53.10 1 0
github.com/greysquirr3l/bishoujo-huntress/internal/adapters/api/httpclient/rate_limiter.go:54.21,55.20 1 0
github.com/greysquirr3l/bishoujo-huntress/internal/adapters/api/httpclient/rate_limiter.go:56.45,56.45 0 0
github.com/greysquirr3l/bishoujo-huntress/internal/adapters/api/auditlog_repository.go:18.119,20.16 2 0
github.com/greysquirr3l/bishoujo-huntress/internal/adapters/api/auditlog_repository.go:20.16,22.3 1 0
github.com/greysquirr3l/bishoujo-huntress/internal/adapters/api/auditlog_repository.go:23.2,24.28 2 0
github.com/greysquirr3l/bishoujo-huntress/internal/adapters/api/auditlog_repository.go:24.28,26.3 1 0
github.com/greysquirr3l/bishoujo-huntress/internal/adapters/api/auditlog_repository.go:27.2,30.16 4 0
github.com/greysquirr3l/bishoujo-huntress/internal/adapters/api/auditlog_repository.go:30.16,32.3 1 0
github.com/greysquirr3l/bishoujo-huntress/internal/adapters/api/auditlog_repository.go:33.2,34.38 2 0
github.com/greysquirr3l/bishoujo-huntress/internal/adapters/api/auditlog_repository.go:34.38,36.3 1 0
github.com/greysquirr3l/bishoujo-huntress/internal/adapters/api/auditlog_repository.go:37.2,38.64 2 0
github.com/greysquirr3l/bishoujo-huntress/internal/adapters/api/auditlog_repository.go:38.64,40.3 1 0
github.com/greysquirr3l/bishoujo-huntress/internal/adapters/api/auditlog_repository.go:41.2,41.17 1 0
github.com/greysquirr3l/bishoujo-huntress/internal/adapters/api/auditlog_repository.go:54.94,56.16 2 0
github.com/greysquirr3l/bishoujo-huntress/internal/adapters/api/auditlog_repository.go:56.16,58.3 1 0
github.com/greysquirr3l/bishoujo-huntress/internal/adapters/api/auditlog_repository.go:59.2,61.16 3 0
github.com/greysquirr3l/bishoujo-huntress/internal/adapters/api/auditlog_repository.go:61.16,63.3 1 0
github.com/greysquirr3l/bishoujo-huntress/internal/adapters/api/auditlog_repository.go:64.2,65.44 2 0
github.com/greysquirr3l/bishoujo-huntress/internal/adapters/api/auditlog_repository.go:65.44,67.3 1 0
github.com/greysquirr3l/bishoujo-huntress/internal/adapters/api/auditlog_repository.go:68.2,68.38 1 0
github.com/greysquirr3l/bishoujo-huntress/internal/adapters/api/auditlog_repository.go:68.38,70.3 1 0
github.com/greysquirr3l/bishoujo-huntress/internal/adapters/api/auditlog_repository.go:71.2,72.64 2 0
github.com/greysquirr3l/bishoujo-huntress/internal/adapters/api/auditlog_repository.go:72.64,74.3 1 0
github.com/greysquirr3l/bishoujo-huntress/internal/adapters/api/auditlog_repository.go:75.2,75.18 1 0
github.com/greysquirr3l/bishoujo-huntress/internal/adapters/api/auditlog_repository.go:81.135,84.19 2 0
github.com/greysquirr3l/bishoujo-huntress/internal/adapters/api/auditlog_repository.go:84.19,85.30 1 0
github.com/greysquirr3l/bishoujo-huntress/internal/adapters/api/auditlog_repository.go:85.30,87.4 1 0
github.com/greysquirr3l/bishoujo-huntress/internal/adapters/api/auditlog_repository.go:88.3,88.28 1 0
github.com/greysquirr3l/bishoujo-huntress/internal/adapters/api/auditlog_repository.go:88.28,90.4 1 0
github.com/greysquirr3l/bishoujo-huntress/internal/adapters/api/auditlog_repository.go:91.3,91.26 1 0
github.com/greysquirr3l/bishoujo-huntress/internal/adapters/api/auditlog_repository.go:91.26,93.4 1 0
github.com/greysquirr3l/bishoujo-huntress/internal/adapters/api/auditlog_repository.go:94.3,94.27 1 0
github.com/greysquirr3l/bishoujo-huntress/internal/adapters/api/auditlog_repository.go:94.27,96.4 1 0
github.com/greysquirr3l/bishoujo-huntress/internal/adapters/api/auditlog_repository.go:97.3,97.33 1 0
github.com/greysquirr3l/bishoujo-huntress/internal/adapters/api/auditlog_repository.go:97.33,99.4 1 0
github.com/greysquirr3l/bishoujo-huntress/internal/adapters/api/auditlog_repository.go:100.3,100.31 1 0
github.com/greysquirr3l/bishoujo-huntress/internal/adapters/api/auditlog_repository.go:100.31,102.4 1 0
github.com/greysquirr3l/bishoujo-huntress/internal/adapters/api/auditlog_repository.go:103.3,103.22 1 0
github.com/greysquirr3l/bishoujo-huntress/internal/adapters/api/auditlog_repository.go:103.22,105.4 1 0
github.com/greysquirr3l/bishoujo-huntress/internal/adapters/api/auditlog_repository.go:106.3,106.23 1 0
github.com/greysquirr3l/bishoujo-huntress/internal/adapters/api/auditlog_repository.go:106.23,108.4 1 0
github.com/greysquirr3l/bishoujo-huntress/internal/adapters/api/auditlog_repository.go:110.2,111.16 2 0
github.com/greysquirr3l/bishoujo-huntress/internal/adapters/api/auditlog_repository.go:111.16,113.3 1 0
github.com/greysquirr3l/bishoujo-huntress/internal/adapters/api/auditlog_repository.go:114.2,115.22 2 0
github.com/greysquirr3l/bishoujo-huntress/internal/adapters/api/auditlog_repository.go:115.22,117.3 1 0
github.com/greysquirr3l/bishoujo-huntress/internal/adapters/api/auditlog_repository.go:118.2,121.16 4 0
github.com/greysquirr3l/bishoujo-huntress/internal/adapters/api/auditlog_repository.go:121.16,123.3 1 0
github.com/greysquirr3l/bishoujo-huntress/internal/adapters/api/auditlog_repository.go:124.2,125.38 2 0
github.com/greysquirr3l/bishoujo-huntress/internal/adapters/api/auditlog_repository.go:125.38,127.3 1 0
github.com/greysquirr3l/bishoujo-huntress/internal/adapters/api/auditlog_repository.go:128.2,131.64 2 0
github.com/greysquirr3l/bishoujo-huntress/internal/adapters/api/auditlog_repository.go:131.64,133.3 1 0
github.com/greysquirr3l/bishoujo-huntress/internal/adapters/api/auditlog_repository.go:134.2,140.34 2 0
github.com/greysquirr3l/bishoujo-huntress/internal/adapters/api/bulk_repository.go:21.150,28.16 4 0
github.com/greysquirr3l/bishoujo-huntress/internal/adapters/api/bulk_repository.go:28.16,30.3 1 0
github.com/greysquirr3l/bishoujo-huntress/internal/adapters/api/bulk_repository.go:31.2,32.16 2 0
github.com/greysquirr3l/bishoujo-huntress/internal/adapters/api/bulk_repository.go:32.16,34.3 1 0
github.com/greysquirr3l/bishoujo-huntress/internal/adapters/api/bulk_repository.go:35.2,38.16 4 0
github.com/greysquirr3l/bishoujo-huntress/internal/adapters/api/bulk_repository.go:38.16,40.3 1 0
github.com/greysquirr3l/bishoujo-huntress/internal/adapters/api/bulk_repository.go:41.2,42.53 2 0
github.com/greysquirr3l/bishoujo-huntress/internal/adapters/api/bulk_repository.go:42.53,44.3 1 0
github.com/greysquirr3l/bishoujo-huntress/internal/adapters/api/bulk_repository.go:45.2,46.64 2 0
github.com/greysquirr3l/bishoujo-huntress/internal/adapters/api/bulk_repository.go:46.64,48.3 1 0
github.com/greysquirr3l/bishoujo-huntress/internal/adapters/api/bulk_repository.go:49.2,49.17 1 0
github.com/greysquirr3l/bishoujo-huntress/internal/adapters/api/bulk_repository.go:54.146,61.16 4 0
github.com/greysquirr3l/bishoujo-huntress/internal/adapters/api/bulk_repository.go:61.16,63.3 1 0
github.com/greysquirr3l/bishoujo-huntress/internal/adapters/api/bulk_repository.go:64.2,65.16 2 0
github.com/greysquirr3l/bishoujo-huntress/internal/adapters/api/bulk_repository.go:65.16,67.3 1 0
github.com/greysquirr3l/bishoujo-huntress/internal/adapters/api/bulk_repository.go:68.2,71.16 4 0
github.com/greysquirr3l/bishoujo-huntress/internal/adapters/api/bulk_repository.go:71.16,73.3 1 0
github.com/greysquirr3l/bishoujo-huntress/internal/adapters/api/bulk_repository.go:74.2,75.53 2 0
github.com/greysquirr3l/bishoujo-huntress/internal/adapters/api/bulk_repository.go:75.53,77.3 1 0
github.com/greysquirr3l/bishoujo-huntress/internal/adapters/api/bulk_repository.go:78.2,79.64 2 0
github.com/greysquirr3l/bishoujo-huntress/internal/adapters/api/bulk_repository.go:79.64,81.3 1 0
github.com/greysquirr3l/bishoujo-huntress/internal/adapters/api/bulk_repository.go:82.2,82.17 1 0
github.com/greysquirr3l/bishoujo-huntress/internal/adapters/api/client.go:19.95,21.2 1 0
github.com/greysquirr3l/bishoujo-huntress/internal/adapters/api/http_client.go:14.96,16.2 1 0
github.com/greysquirr3l/bishoujo-huntress/internal/adapters/api/integration_repository.go:21.101,23.16 2 0
github.com/greysquirr3l/bishoujo-huntress/internal/adapters/api/integration_repository.go:23.16,25.3 1 0
github.com/greysquirr3l/bishoujo-huntress/internal/adapters/api/integration_repository.go:26.2,28.16 3 0
github.com/greysquirr3l/bishoujo-huntress/internal/adapters/api/integration_repository.go:28.16,30.3 1 0
github.com/greysquirr3l/bishoujo-huntress/internal/adapters/api/integration_repository.go:31.2,32.38 2 0
github.com/greysquirr3l/bishoujo-huntress/internal/adapters/api/integration_repository.go:32.38,34.3 1 0
github.com/greysquirr3l/bishoujo-huntress/internal/adapters/api/integration_repository.go:35.2,36.64 2 0
github.com/greysquirr3l/bishoujo-huntress/internal/adapters/api/integration_repository.go:36.64,38.3 1 0
github.com/greysquirr3l/bishoujo-huntress/internal/adapters/api/integration_repository.go:39.2,39.17 1 0
github.com/greysquirr3l/bishoujo-huntress/internal/adapters/api/integration_repository.go:43.129,45.16 2 0
github.com/greysquirr3l/bishoujo-huntress/internal/adapters/api/integration_repository.go:45.16,47.3 1 0
github.com/greysquirr3l/bishoujo-huntress/internal/adapters/api/integration_repository.go:48.2,49.16 2 0
github.com/greysquirr3l/bishoujo-huntress/internal/adapters/api/integration_repository.go:49.16,51.3 1 0
github.com/greysquirr3l/bishoujo-huntress/internal/adapters/api/integration_repository.go:52.2,55.16 4 0
github.com/greysquirr3l/bishoujo-huntress/internal/adapters/api/integration_repository.go:55.16,57.3 1 0
github.com/greysquirr3l/bishoujo-huntress/internal/adapters/api/integration_repository.go:58.2,59.43 2 0
github.com/greysquirr3l/bishoujo-huntress/internal/adapters/api/integration_repository.go:59.43,61.3 1 0
github.com/greysquirr3l/bishoujo-huntress/internal/adapters/api/integration_repository.go:62.2,63.64 2 0
github.com/greysquirr3l/bishoujo-huntress/internal/adapters/api/integration_repository.go:63.64,65.3 1 0
github.com/greysquirr3l/bishoujo-huntress/internal/adapters/api/integration_repository.go:66.2,66.17 1 0
github.com/greysquirr3l/bishoujo-huntress/internal/adapters/api/integration_repository.go:70.140,72.16 2 0
github.com/greysquirr3l/bishoujo-huntress/internal/adapters/api/integration_repository.go:72.16,74.3 1 0
github.com/greysquirr3l/bishoujo-huntress/internal/adapters/api/integration_repository.go:75.2,76.16 2 0
github.com/greysquirr3l/bishoujo-huntress/internal/adapters/api/integration_repository.go:76.16,78.3 1 0
github.com/greysquirr3l/bishoujo-huntress/internal/adapters/api/integration_repository.go:79.2,82.16 4 0
github.com/greysquirr3l/bishoujo-huntress/internal/adapters/api/integration_repository.go:82.16,84.3 1 0
github.com/greysquirr3l/bishoujo-huntress/internal/adapters/api/integration_repository.go:85.2,86.38 2 0
github.com/greysquirr3l/bishoujo-huntress/internal/adapters/api/integration_repository.go:86.38,88.3 1 0
github.com/greysquirr3l/bishoujo-huntress/internal/adapters/api/integration_repository.go:89.2,90.64 2 0
github.com/greysquirr3l/bishoujo-huntress/internal/adapters/api/integration_repository.go:90.64,92.3 1 0
github.com/greysquirr3l/bishoujo-huntress/internal/adapters/api/integration_repository.go:93.2,93.17 1 0
github.com/greysquirr3l/bishoujo-huntress/internal/adapters/api/integration_repository.go:97.78,99.16 2 0
github.com/greysquirr3l/bishoujo-huntress/internal/adapters/api/integration_repository.go:99.16,101.3 1 0
github.com/greysquirr3l/bishoujo-huntress/internal/adapters/api/integration_repository.go:102.2,104.16 3 0
github.com/greysquirr3l/bishoujo-huntress/internal/adapters/api/integration_repository.go:104.16,106.3 1 0
github.com/greysquirr3l/bishoujo-huntress/internal/adapters/api/integration_repository.go:107.2,108.45 2 0
github.com/greysquirr3l/bishoujo-huntress/internal/adapters/api/integration_repository.go:108.45,110.3 1 0
github.com/greysquirr3l/bishoujo-huntress/internal/adapters/api/integration_repository.go:111.2,111.12 1 0
github.com/greysquirr3l/bishoujo-huntress/internal/adapters/api/integration_repository.go:115.119,117.16 2 0
github.com/greysquirr3l/bishoujo-huntress/internal/adapters/api/integration_repository.go:117.16,119.3 1 0
github.com/greysquirr3l/bishoujo-huntress/internal/adapters/api/integration_repository.go:120.2,121.27 2 0
github.com/greysquirr3l/bishoujo-huntress/internal/adapters/api/integration_repository.go:121.27,123.3 1 0
github.com/greysquirr3l/bishoujo-huntress/internal/adapters/api/integration_repository.go:124.2,127.16 4 0
github.com/greysquirr3l/bishoujo-huntress/internal/adapters/api/integration_repository.go:127.16,129.3 1 0
github.com/greysquirr3l/bishoujo-huntress/internal/adapters/api/integration_repository.go:130.2,131.38 2 0
github.com/greysquirr3l/bishoujo-huntress/internal/adapters/api/integration_repository.go:131.38,133.3 1 0
github.com/greysquirr3l/bishoujo-huntress/internal/adapters/api/integration_repository.go:134.2,135.64 2 0
github.com/greysquirr3l/bishoujo-huntress/internal/adapters/api/integration_repository.go:135.64,137.3 1 0
github.com/greysquirr3l/bishoujo-huntress/internal/adapters/api/integration_repository.go:138.2,138.17 1 0
github.com/greysquirr3l/bishoujo-huntress/internal/adapters/api/organization_repository.go:26.99,31.2 1 0
github.com/greysquirr3l/bishoujo-huntress/internal/adapters/api/organization_repository.go:34.106,42.16 4 0
github.com/greysquirr3l/bishoujo-huntress/internal/adapters/api/organization_repository.go:42.16,44.3 1 0
github.com/greysquirr3l/bishoujo-huntress/internal/adapters/api/organization_repository.go:45.2,45.17 1 0
github.com/greysquirr3l/bishoujo-huntress/internal/adapters/api/organization_repository.go:45.17,46.16 1 0
github.com/greysquirr3l/bishoujo-huntress/internal/adapters/api/organization_repository.go:46.16,46.41 1 0
github.com/greysquirr3l/bishoujo-huntress/internal/adapters/api/organization_repository.go:49.2,49.38 1 0
github.com/greysquirr3l/bishoujo-huntress/internal/adapters/api/organization_repository.go:49.38,52.3 1 0
github.com/greysquirr3l/bishoujo-huntress/internal/adapters/api/organization_repository.go:55.2,56.16 2 0
github.com/greysquirr3l/bishoujo-huntress/internal/adapters/api/organization_repository.go:56.16,58.3 1 0
github.com/greysquirr3l/bishoujo-huntress/internal/adapters/api/organization_repository.go:60.2,60.17 1 0
github.com/greysquirr3l/bishoujo-huntress/internal/adapters/api/organization_repository.go:64.155,69.19 3 0
github.com/greysquirr3l/bishoujo-huntress/internal/adapters/api/organization_repository.go:69.19,70.22 1 0
github.com/greysquirr3l/bishoujo-huntress/internal/adapters/api/organization_repository.go:70.22,72.4 1 0
github.com/greysquirr3l/bishoujo-huntress/internal/adapters/api/organization_repository.go:73.3,73.23 1 0
github.com/greysquirr3l/bishoujo-huntress/internal/adapters/api/organization_repository.go:73.23,76.4 1 0
github.com/greysquirr3l/bishoujo-huntress/internal/adapters/api/organization_repository.go:81.3,81.26 1 0
github.com/greysquirr3l/bishoujo-huntress/internal/adapters/api/organization_repository.go:81.26,83.4 1 0
github.com/greysquirr3l/bishoujo-huntress/internal/adapters/api/organization_repository.go:84.3,84.26 1 0
github.com/greysquirr3l/bishoujo-huntress/internal/adapters/api/organization_repository.go:84.26,86.4 1 0
github.com/greysquirr3l/bishoujo-huntress/internal/adapters/api/organization_repository.go:98.2,112.16 4 0
github.com/greysquirr3l/bishoujo-huntress/internal/adapters/api/organization_repository.go:112.16,114.3 1 0
github.com/greysquirr3l/bishoujo-huntress/internal/adapters/api/organization_repository.go:115.2,115.17 1 0
github.com/greysquirr3l/bishoujo-huntress/internal/adapters/api/organization_repository.go:115.17,116.16 1 0
github.com/greysquirr3l/bishoujo-huntress/internal/adapters/api/organization_repository.go:116.16,116.41 1 0
github.com/greysquirr3l/bishoujo-huntress/internal/adapters/api/organization_repository.go:118.2,118.38 1 0
github.com/greysquirr3l/bishoujo-huntress/internal/adapters/api/organization_repository.go:118.38,120.3 1 0
github.com/greysquirr3l/bishoujo-huntress/internal/adapters/api/organization_repository.go:123.2,124.36 2 0
github.com/greysquirr3l/bishoujo-huntress/internal/adapters/api/organization_repository.go:124.36,126.17 2 0
github.com/greysquirr3l/bishoujo-huntress/internal/adapters/api/organization_repository.go:126.17,130.4 1 0
github.com/greysquirr3l/bishoujo-huntress/internal/adapters/api/organization_repository.go:131.3,131.45 1 0
github.com/greysquirr3l/bishoujo-huntress/internal/adapters/api/organization_repository.go:135.2,142.39 2 0
github.com/greysquirr3l/bishoujo-huntress/internal/adapters/api/organization_repository.go:146.130,161.16 5 0
github.com/greysquirr3l/bishoujo-huntress/internal/adapters/api/organization_repository.go:161.16,163.3 1 0
github.com/greysquirr3l/bishoujo-huntress/internal/adapters/api/organization_repository.go:164.2,164.17 1 0
github.com/greysquirr3l/bishoujo-huntress/internal/adapters/api/organization_repository.go:164.17,165.16 1 0
github.com/greysquirr3l/bishoujo-huntress/internal/adapters/api/organization_repository.go:165.16,165.41 1 0
github.com/greysquirr3l/bishoujo-huntress/internal/adapters/api/organization_repository.go:168.2,168.43 1 0
github.com/greysquirr3l/bishoujo-huntress/internal/adapters/api/organization_repository.go:168.43,170.3 1 0
github.com/greysquirr3l/bishoujo-huntress/internal/adapters/api/organization_repository.go:173.2,174.16 2 0
github.com/greysquirr3l/bishoujo-huntress/internal/adapters/api/organization_repository.go:174.16,176.3 1 0
github.com/greysquirr3l/bishoujo-huntress/internal/adapters/api/organization_repository.go:178.2,178.24 1 0
github.com/greysquirr3l/bishoujo-huntress/internal/adapters/api/organization_repository.go:182.130,183.18 1 0
github.com/greysquirr3l/bishoujo-huntress/internal/adapters/api/organization_repository.go:183.18,185.3 1 0
github.com/greysquirr3l/bishoujo-huntress/internal/adapters/api/organization_repository.go:192.2,200.16 5 0
github.com/greysquirr3l/bishoujo-huntress/internal/adapters/api/organization_repository.go:200.16,202.3 1 0
github.com/greysquirr3l/bishoujo-huntress/internal/adapters/api/organization_repository.go:203.2,203.17 1 0
github.com/greysquirr3l/bishoujo-huntress/internal/adapters/api/organization_repository.go:203.17,204.16 1 0
github.com/greysquirr3l/bishoujo-huntress/internal/adapters/api/organization_repository.go:204.16,204.41 1 0
github.com/greysquirr3l/bishoujo-huntress/internal/adapters/api/organization_repository.go:206.2,206.38 1 0
github.com/greysquirr3l/bishoujo-huntress/internal/adapters/api/organization_repository.go:206.38,208.3 1 0
github.com/greysquirr3l/bishoujo-huntress/internal/adapters/api/organization_repository.go:211.2,212.16 2 0
github.com/greysquirr3l/bishoujo-huntress/internal/adapters/api/organization_repository.go:212.16,214.3 1 0
github.com/greysquirr3l/bishoujo-huntress/internal/adapters/api/organization_repository.go:216.2,216.24 1 0
github.com/greysquirr3l/bishoujo-huntress/internal/adapters/api/organization_repository.go:220.79,225.16 3 0
github.com/greysquirr3l/bishoujo-huntress/internal/adapters/api/organization_repository.go:225.16,227.3 1 0
github.com/greysquirr3l/bishoujo-huntress/internal/adapters/api/organization_repository.go:228.2,228.17 1 0
github.com/greysquirr3l/bishoujo-huntress/internal/adapters/api/organization_repository.go:228.17,229.16 1 0
github.com/greysquirr3l/bishoujo-huntress/internal/adapters/api/organization_repository.go:229.16,229.41 1 0
github.com/greysquirr3l/bishoujo-huntress/internal/adapters/api/organization_repository.go:232.2,232.45 1 0
github.com/greysquirr3l/bishoujo-huntress/internal/adapters/api/organization_repository.go:232.45,234.3 1 0
github.com/greysquirr3l/bishoujo-huntress/internal/adapters/api/organization_repository.go:236.2,236.12 1 0
github.com/greysquirr3l/bishoujo-huntress/internal/adapters/api/organization_repository.go:240.141,251.16 4 0
github.com/greysquirr3l/bishoujo-huntress/internal/adapters/api/organization_repository.go:251.16,253.3 1 0
github.com/greysquirr3l/bishoujo-huntress/internal/adapters/api/organization_repository.go:254.2,254.17 1 0
github.com/greysquirr3l/bishoujo-huntress/internal/adapters/api/organization_repository.go:254.17,255.16 1 0
github.com/greysquirr3l/bishoujo-huntress/internal/adapters/api/organization_repository.go:255.16,255.41 1 0
github.com/greysquirr3l/bishoujo-huntress/internal/adapters/api/organization_repository.go:257.2,257.38 1 0
github.com/greysquirr3l/bishoujo-huntress/internal/adapters/api/organization_repository.go:257.38,259.3 1 0
github.com/greysquirr3l/bishoujo-huntress/internal/adapters/api/organization_repository.go:262.2,263.36 2 0
github.com/greysquirr3l/bishoujo-huntress/internal/adapters/api/organization_repository.go:263.36,266.3 2 0
github.com/greysquirr3l/bishoujo-huntress/internal/adapters/api/organization_repository.go:268.2,275.31 2 0
github.com/greysquirr3l/bishoujo-huntress/internal/adapters/api/organization_repository.go:279.117,287.16 4 0
github.com/greysquirr3l/bishoujo-huntress/internal/adapters/api/organization_repository.go:287.16,289.3 1 0
github.com/greysquirr3l/bishoujo-huntress/internal/adapters/api/organization_repository.go:290.2,290.17 1 0
github.com/greysquirr3l/bishoujo-huntress/internal/adapters/api/organization_repository.go:290.17,291.16 1 0
github.com/greysquirr3l/bishoujo-huntress/internal/adapters/api/organization_repository.go:291.16,291.41 1 0
github.com/greysquirr3l/bishoujo-huntress/internal/adapters/api/organization_repository.go:294.2,294.79 1 0
github.com/greysquirr3l/bishoujo-huntress/internal/adapters/api/organization_repository.go:294.79,296.3 1 0
github.com/greysquirr3l/bishoujo-huntress/internal/adapters/api/organization_repository.go:298.2,298.12 1 0
github.com/greysquirr3l/bishoujo-huntress/internal/adapters/api/organization_repository.go:302.110,307.16 3 0
github.com/greysquirr3l/bishoujo-huntress/internal/adapters/api/organization_repository.go:307.16,309.3 1 0
github.com/greysquirr3l/bishoujo-huntress/internal/adapters/api/organization_repository.go:310.2,310.17 1 0
github.com/greysquirr3l/bishoujo-huntress/internal/adapters/api/organization_repository.go:310.17,311.16 1 0
github.com/greysquirr3l/bishoujo-huntress/internal/adapters/api/organization_repository.go:311.16,311.41 1 0
github.com/greysquirr3l/bishoujo-huntress/internal/adapters/api/organization_repository.go:314.2,314.45 1 0
github.com/greysquirr3l/bishoujo-huntress/internal/adapters/api/organization_repository.go:314.45,316.3 1 0
github.com/greysquirr3l/bishoujo-huntress/internal/adapters/api/organization_repository.go:318.2,318.12 1 0
github.com/greysquirr3l/bishoujo-huntress/internal/adapters/api/organization_repository.go:364.116,366.16 2 0
github.com/greysquirr3l/bishoujo-huntress/internal/adapters/api/organization_repository.go:366.16,368.3 1 0
github.com/greysquirr3l/bishoujo-huntress/internal/adapters/api/organization_repository.go:370.2,371.16 2 0
github.com/greysquirr3l/bishoujo-huntress/internal/adapters/api/organization_repository.go:371.16,373.3 1 0
github.com/greysquirr3l/bishoujo-huntress/internal/adapters/api/organization_repository.go:375.2,403.17 2 0
github.com/greysquirr3l/bishoujo-huntress/internal/adapters/api/organization_repository.go:406.107,434.2 1 0
github.com/greysquirr3l/bishoujo-huntress/internal/adapters/api/organization_repository.go:436.83,445.2 1 0
github.com/greysquirr3l/bishoujo-huntress/internal/adapters/api/organization_repository.go:447.84,456.2 1 0
github.com/greysquirr3l/bishoujo-huntress/internal/adapters/api/organization_repository.go:459.51,460.19 1 0
github.com/greysquirr3l/bishoujo-huntress/internal/adapters/api/organization_repository.go:460.19,462.3 1 0
github.com/greysquirr3l/bishoujo-huntress/internal/adapters/api/organization_repository.go:463.2,464.16 2 0
github.com/greysquirr3l/bishoujo-huntress/internal/adapters/api/organization_repository.go:464.16,466.3 1 0
github.com/greysquirr3l/bishoujo-huntress/internal/adapters/api/organization_repository.go:467.2,467.15 1 0
github.com/greysquirr3l/bishoujo-huntress/internal/adapters/api/webhook_repository.go:26.83,28.16 2 0
github.com/greysquirr3l/bishoujo-huntress/internal/adapters/api/webhook_repository.go:28.16,30.3 1 0
github.com/greysquirr3l/bishoujo-huntress/internal/adapters/api/webhook_repository.go:31.2,33.16 3 0
github.com/greysquirr3l/bishoujo-huntress/internal/adapters/api/webhook_repository.go:33.16,35.3 1 0
github.com/greysquirr3l/bishoujo-huntress/internal/adapters/api/webhook_repository.go:36.2,37.38 2 0
github.com/greysquirr3l/bishoujo-huntress/internal/adapters/api/webhook_repository.go:37.38,39.3 1 0
github.com/greysquirr3l/bishoujo-huntress/internal/adapters/api/webhook_repository.go:40.2,41.64 2 0
github.com/greysquirr3l/bishoujo-huntress/internal/adapters/api/webhook_repository.go:41.64,43.3 1 0
github.com/greysquirr3l/bishoujo-huntress/internal/adapters/api/webhook_repository.go:44.2,44.17 1 0
github.com/greysquirr3l/bishoujo-huntress/internal/adapters/api/webhook_repository.go:48.104,50.16 2 0
github.com/greysquirr3l/bishoujo-huntress/internal/adapters/api/webhook_repository.go:50.16,52.3 1 0
github.com/greysquirr3l/bishoujo-huntress/internal/adapters/api/webhook_repository.go:53.2,54.16 2 0
github.com/greysquirr3l/bishoujo-huntress/internal/adapters/api/webhook_repository.go:54.16,56.3 1 0
github.com/greysquirr3l/bishoujo-huntress/internal/adapters/api/webhook_repository.go:57.2,60.16 4 0
github.com/greysquirr3l/bishoujo-huntress/internal/adapters/api/webhook_repository.go:60.16,62.3 1 0
github.com/greysquirr3l/bishoujo-huntress/internal/adapters/api/webhook_repository.go:63.2,64.43 2 0
github.com/greysquirr3l/bishoujo-huntress/internal/adapters/api/webhook_repository.go:64.43,66.3 1 0
github.com/greysquirr3l/bishoujo-huntress/internal/adapters/api/webhook_repository.go:67.2,68.64 2 0
github.com/greysquirr3l/bishoujo-huntress/internal/adapters/api/webhook_repository.go:68.64,70.3 1 0
github.com/greysquirr3l/bishoujo-huntress/internal/adapters/api/webhook_repository.go:71.2,71.18 1 0
github.com/greysquirr3l/bishoujo-huntress/internal/adapters/api/webhook_repository.go:75.91,77.16 2 0
github.com/greysquirr3l/bishoujo-huntress/internal/adapters/api/webhook_repository.go:77.16,79.3 1 0
github.com/greysquirr3l/bishoujo-huntress/internal/adapters/api/webhook_repository.go:80.2,82.16 3 0
github.com/greysquirr3l/bishoujo-huntress/internal/adapters/api/webhook_repository.go:82.16,84.3 1 0
github.com/greysquirr3l/bishoujo-huntress/internal/adapters/api/webhook_repository.go:85.2,86.38 2 0
github.com/greysquirr3l/bishoujo-huntress/internal/adapters/api/webhook_repository.go:86.38,88.3 1 0
github.com/greysquirr3l/bishoujo-huntress/internal/adapters/api/webhook_repository.go:89.2,90.64 2 0
github.com/greysquirr3l/bishoujo-huntress/internal/adapters/api/webhook_repository.go:90.64,92.3 1 0
github.com/greysquirr3l/bishoujo-huntress/internal/adapters/api/webhook_repository.go:93.2,93.18 1 0
github.com/greysquirr3l/bishoujo-huntress/internal/adapters/api/webhook_repository.go:97.115,99.16 2 0
github.com/greysquirr3l/bishoujo-huntress/internal/adapters/api/webhook_repository.go:99.16,101.3 1 0
github.com/greysquirr3l/bishoujo-huntress/internal/adapters/api/webhook_repository.go:102.2,103.16 2 0
github.com/greysquirr3l/bishoujo-huntress/internal/adapters/api/webhook_repository.go:103.16,105.3 1 0
github.com/greysquirr3l/bishoujo-huntress/internal/adapters/api/webhook_repository.go:106.2,109.16 4 0
github.com/greysquirr3l/bishoujo-huntress/internal/adapters/api/webhook_repository.go:109.16,111.3 1 0
github.com/greysquirr3l/bishoujo-huntress/internal/adapters/api/webhook_repository.go:112.2,113.38 2 0
github.com/greysquirr3l/bishoujo-huntress/internal/adapters/api/webhook_repository.go:113.38,115.3 1 0
github.com/greysquirr3l/bishoujo-huntress/internal/adapters/api/webhook_repository.go:116.2,117.64 2 0
github.com/greysquirr3l/bishoujo-huntress/internal/adapters/api/webhook_repository.go:117.64,119.3 1 0
github.com/greysquirr3l/bishoujo-huntress/internal/adapters/api/webhook_repository.go:120.2,120.18 1 0
github.com/greysquirr3l/bishoujo-huntress/internal/adapters/api/webhook_repository.go:124.74,126.16 2 0
github.com/greysquirr3l/bishoujo-huntress/internal/adapters/api/webhook_repository.go:126.16,128.3 1 0
github.com/greysquirr3l/bishoujo-huntress/internal/adapters/api/webhook_repository.go:129.2,131.16 3 0
github.com/greysquirr3l/bishoujo-huntress/internal/adapters/api/webhook_repository.go:131.16,133.3 1 0
github.com/greysquirr3l/bishoujo-huntress/internal/adapters/api/webhook_repository.go:134.2,135.45 2 0
github.com/greysquirr3l/bishoujo-huntress/internal/adapters/api/webhook_repository.go:135.45,137.3 1 0
github.com/greysquirr3l/bishoujo-huntress/internal/adapters/api/webhook_repository.go:138.2,138.12 1 0
github.com/greysquirr3l/bishoujo-huntress/internal/adapters/repository/http_utils.go:19.66,21.28 2 0
github.com/greysquirr3l/bishoujo-huntress/internal/adapters/repository/http_utils.go:21.28,22.26 1 0
github.com/greysquirr3l/bishoujo-huntress/internal/adapters/repository/http_utils.go:23.15,24.17 1 0
github.com/greysquirr3l/bishoujo-huntress/internal/adapters/repository/http_utils.go:24.17,26.5 1 0
github.com/greysquirr3l/bishoujo-huntress/internal/adapters/repository/http_utils.go:27.12,28.15 1 0
github.com/greysquirr3l/bishoujo-huntress/internal/adapters/repository/http_utils.go:28.15,30.5 1 0
github.com/greysquirr3l/bishoujo-huntress/internal/adapters/repository/http_utils.go:31.17,32.26 1 0
github.com/greysquirr3l/bishoujo-huntress/internal/adapters/repository/http_utils.go:32.26,34.5 1 0
github.com/greysquirr3l/bishoujo-huntress/internal/adapters/repository/http_utils.go:35.13,36.41 1 0
github.com/greysquirr3l/bishoujo-huntress/internal/adapters/repository/http_utils.go:37.16,38.32 1 0
github.com/greysquirr3l/bishoujo-huntress/internal/adapters/repository/http_utils.go:38.32,40.5 1 0
github.com/greysquirr3l/bishoujo-huntress/internal/adapters/repository/http_utils.go:41.13,42.30 1 0
github.com/greysquirr3l/bishoujo-huntress/internal/adapters/repository/http_utils.go:42.30,44.5 1 0
github.com/greysquirr3l/bishoujo-huntress/internal/adapters/repository/http_utils.go:45.14,46.18 1 0
github.com/greysquirr3l/bishoujo-huntress/internal/adapters/repository/http_utils.go:46.18,48.5 1 0
github.com/greysquirr3l/bishoujo-huntress/internal/adapters/repository/http_utils.go:51.2,51.14 1 0
github.com/greysquirr3l/bishoujo-huntress/internal/adapters/repository/http_utils.go:60.124,62.17 2 0
github.com/greysquirr3l/bishoujo-huntress/internal/adapters/repository/http_utils.go:62.17,64.3 1 0
github.com/greysquirr3l/bishoujo-huntress/internal/adapters/repository/http_utils.go:66.2,67.16 2 0
github.com/greysquirr3l/bishoujo-huntress/internal/adapters/repository/http_utils.go:67.16,69.3 1 0
github.com/greysquirr3l/bishoujo-huntress/internal/adapters/repository/http_utils.go:72.2,72.17 1 0
github.com/greysquirr3l/bishoujo-huntress/internal/adapters/repository/http_utils.go:72.17,74.3 1 0
github.com/greysquirr3l/bishoujo-huntress/internal/adapters/repository/http_utils.go:75.2,76.34 2 0
github.com/greysquirr3l/bishoujo-huntress/internal/adapters/repository/http_utils.go:76.34,78.3 1 0
github.com/greysquirr3l/bishoujo-huntress/internal/adapters/repository/http_utils.go:80.2,80.17 1 0
github.com/greysquirr3l/bishoujo-huntress/internal/adapters/repository/http_utils.go:84.53,92.69 2 0
github.com/greysquirr3l/bishoujo-huntress/internal/adapters/repository/http_utils.go:92.69,100.3 1 0
github.com/greysquirr3l/bishoujo-huntress/internal/adapters/repository/http_utils.go:103.2,103.25 1 0
github.com/greysquirr3l/bishoujo-huntress/internal/adapters/repository/http_utils.go:103.25,105.3 1 0
github.com/greysquirr3l/bishoujo-huntress/internal/adapters/repository/http_utils.go:108.2,109.30 2 0
github.com/greysquirr3l/bishoujo-huntress/internal/adapters/repository/http_utils.go:109.30,110.20 1 0
github.com/greysquirr3l/bishoujo-huntress/internal/adapters/repository/http_utils.go:110.20,112.4 1 0
github.com/greysquirr3l/bishoujo-huntress/internal/adapters/repository/http_utils.go:113.3,113.48 1 0
github.com/greysquirr3l/bishoujo-huntress/internal/adapters/repository/http_utils.go:116.2,121.3 1 0
github.com/greysquirr3l/bishoujo-huntress/internal/adapters/repository/http_utils.go:125.67,134.47 2 0
github.com/greysquirr3l/bishoujo-huntress/internal/adapters/repository/http_utils.go:134.47,135.49 1 0
github.com/greysquirr3l/bishoujo-huntress/internal/adapters/repository/http_utils.go:135.49,137.4 1 0
github.com/greysquirr3l/bishoujo-huntress/internal/adapters/repository/http_utils.go:141.2,141.57 1 0
github.com/greysquirr3l/bishoujo-huntress/internal/adapters/repository/http_utils.go:141.57,142.52 1 0
github.com/greysquirr3l/bishoujo-huntress/internal/adapters/repository/http_utils.go:142.52,144.4 1 0
github.com/greysquirr3l/bishoujo-huntress/internal/adapters/repository/http_utils.go:148.2,148.66 1 0
github.com/greysquirr3l/bishoujo-huntress/internal/adapters/repository/http_utils.go:148.66,149.55 1 0
github.com/greysquirr3l/bishoujo-huntress/internal/adapters/repository/http_utils.go:149.55,151.4 1 0
github.com/greysquirr3l/bishoujo-huntress/internal/adapters/repository/http_utils.go:155.2,155.66 1 0
github.com/greysquirr3l/bishoujo-huntress/internal/adapters/repository/http_utils.go:155.66,156.55 1 0
github.com/greysquirr3l/bishoujo-huntress/internal/adapters/repository/http_utils.go:156.55,158.4 1 0
github.com/greysquirr3l/bishoujo-huntress/internal/adapters/repository/http_utils.go:161.2,161.19 1 0
github.com/greysquirr3l/bishoujo-huntress/internal/adapters/repository/http_utils.go:165.51,166.19 1 0
github.com/greysquirr3l/bishoujo-huntress/internal/adapters/repository/http_utils.go:166.19,168.3 1 0
github.com/greysquirr3l/bishoujo-huntress/internal/adapters/repository/http_utils.go:169.2,170.16 2 0
github.com/greysquirr3l/bishoujo-huntress/internal/adapters/repository/http_utils.go:170.16,172.3 1 0
github.com/greysquirr3l/bishoujo-huntress/internal/adapters/repository/http_utils.go:173.2,173.15 1 0
github.com/greysquirr3l/bishoujo-huntress/internal/adapters/repository/incident_dtos.go:67.69,70.16 2 0
github.com/greysquirr3l/bishoujo-huntress/internal/adapters/repository/incident_dtos.go:70.16,72.3 1 0
github.com/greysquirr3l/bishoujo-huntress/internal/adapters/repository/incident_dtos.go:75.2,76.16 2 0
github.com/greysquirr3l/bishoujo-huntress/internal/adapters/repository/incident_dtos.go:76.16,79.3 1 0
github.com/greysquirr3l/bishoujo-huntress/internal/adapters/repository/incident_dtos.go:82.2,100.27 2 0
github.com/greysquirr3l/bishoujo-huntress/internal/adapters/repository/incident_dtos.go:100.27,102.3 1 0
github.com/greysquirr3l/bishoujo-huntress/internal/adapters/repository/incident_dtos.go:105.2,105.24 1 0
github.com/greysquirr3l/bishoujo-huntress/internal/adapters/repository/incident_dtos.go:105.24,107.37 2 0
github.com/greysquirr3l/bishoujo-huntress/internal/adapters/repository/incident_dtos.go:107.37,109.18 2 0
github.com/greysquirr3l/bishoujo-huntress/internal/adapters/repository/incident_dtos.go:109.18,111.5 1 0
github.com/greysquirr3l/bishoujo-huntress/internal/adapters/repository/incident_dtos.go:113.4,119.5 1 0
github.com/greysquirr3l/bishoujo-huntress/internal/adapters/repository/incident_dtos.go:124.2,124.28 1 0
github.com/greysquirr3l/bishoujo-huntress/internal/adapters/repository/incident_dtos.go:124.28,126.45 2 0
github.com/greysquirr3l/bishoujo-huntress/internal/adapters/repository/incident_dtos.go:126.45,128.18 2 0
github.com/greysquirr3l/bishoujo-huntress/internal/adapters/repository/incident_dtos.go:128.18,130.5 1 0
github.com/greysquirr3l/bishoujo-huntress/internal/adapters/repository/incident_dtos.go:132.4,133.18 2 0
github.com/greysquirr3l/bishoujo-huntress/internal/adapters/repository/incident_dtos.go:133.18,135.5 1 0
github.com/greysquirr3l/bishoujo-huntress/internal/adapters/repository/incident_dtos.go:137.4,151.5 1 0
github.com/greysquirr3l/bishoujo-huntress/internal/adapters/repository/incident_dtos.go:156.2,156.23 1 0
github.com/greysquirr3l/bishoujo-huntress/internal/adapters/repository/incident_dtos.go:156.23,158.35 2 0
github.com/greysquirr3l/bishoujo-huntress/internal/adapters/repository/incident_dtos.go:158.35,160.18 2 0
github.com/greysquirr3l/bishoujo-huntress/internal/adapters/repository/incident_dtos.go:160.18,162.5 1 0
github.com/greysquirr3l/bishoujo-huntress/internal/adapters/repository/incident_dtos.go:164.4,165.18 2 0
github.com/greysquirr3l/bishoujo-huntress/internal/adapters/repository/incident_dtos.go:165.18,167.5 1 0
github.com/greysquirr3l/bishoujo-huntress/internal/adapters/repository/incident_dtos.go:169.4,179.5 1 0
github.com/greysquirr3l/bishoujo-huntress/internal/adapters/repository/incident_dtos.go:183.2,183.17 1 0
github.com/greysquirr3l/bishoujo-huntress/internal/adapters/repository/incident_dtos.go:208.57,226.27 2 0
github.com/greysquirr3l/bishoujo-huntress/internal/adapters/repository/incident_dtos.go:226.27,228.3 1 0
github.com/greysquirr3l/bishoujo-huntress/internal/adapters/repository/incident_dtos.go:231.2,234.24 2 0
github.com/greysquirr3l/bishoujo-huntress/internal/adapters/repository/incident_dtos.go:234.24,236.34 2 0
github.com/greysquirr3l/bishoujo-huntress/internal/adapters/repository/incident_dtos.go:236.34,244.4 1 0
github.com/greysquirr3l/bishoujo-huntress/internal/adapters/repository/incident_dtos.go:248.2,248.28 1 0
github.com/greysquirr3l/bishoujo-huntress/internal/adapters/repository/incident_dtos.go:248.28,250.42 2 0
github.com/greysquirr3l/bishoujo-huntress/internal/adapters/repository/incident_dtos.go:250.42,263.4 1 0
github.com/greysquirr3l/bishoujo-huntress/internal/adapters/repository/incident_dtos.go:267.2,267.23 1 0
github.com/greysquirr3l/bishoujo-huntress/internal/adapters/repository/incident_dtos.go:267.23,269.32 2 0
github.com/greysquirr3l/bishoujo-huntress/internal/adapters/repository/incident_dtos.go:269.32,280.4 1 0
github.com/greysquirr3l/bishoujo-huntress/internal/adapters/repository/incident_dtos.go:283.2,283.12 1 0
github.com/greysquirr3l/bishoujo-huntress/internal/adapters/repository/incident_repository.go:25.128,31.2 1 0
github.com/greysquirr3l/bishoujo-huntress/internal/adapters/repository/incident_repository.go:34.98,37.16 3 0
github.com/greysquirr3l/bishoujo-huntress/internal/adapters/repository/incident_repository.go:37.16,39.3 1 0
github.com/greysquirr3l/bishoujo-huntress/internal/adapters/repository/incident_repository.go:41.2,42.16 2 0
github.com/greysquirr3l/bishoujo-huntress/internal/adapters/repository/incident_repository.go:42.16,44.3 1 0
github.com/greysquirr3l/bishoujo-huntress/internal/adapters/repository/incident_repository.go:45.2,45.17 1 0
github.com/greysquirr3l/bishoujo-huntress/internal/adapters/repository/incident_repository.go:45.17,46.16 1 0
github.com/greysquirr3l/bishoujo-huntress/internal/adapters/repository/incident_repository.go:46.16,46.41 1 0
github.com/greysquirr3l/bishoujo-huntress/internal/adapters/repository/incident_repository.go:49.2,49.38 1 0
github.com/greysquirr3l/bishoujo-huntress/internal/adapters/repository/incident_repository.go:49.38,51.3 1 0
github.com/greysquirr3l/bishoujo-huntress/internal/adapters/repository/incident_repository.go:54.2,55.64 2 0
github.com/greysquirr3l/bishoujo-huntress/internal/adapters/repository/incident_repository.go:55.64,57.3 1 0
github.com/greysquirr3l/bishoujo-huntress/internal/adapters/repository/incident_repository.go:60.2,61.16 2 0
github.com/greysquirr3l/bishoujo-huntress/internal/adapters/repository/incident_repository.go:61.16,63.3 1 0
github.com/greysquirr3l/bishoujo-huntress/internal/adapters/repository/incident_repository.go:65.2,65.22 1 0
github.com/greysquirr3l/bishoujo-huntress/internal/adapters/repository/incident_repository.go:69.149,84.34 2 0
github.com/greysquirr3l/bishoujo-huntress/internal/adapters/repository/incident_repository.go:84.34,86.3 1 0
github.com/greysquirr3l/bishoujo-huntress/internal/adapters/repository/incident_repository.go:87.2,87.35 1 0
github.com/greysquirr3l/bishoujo-huntress/internal/adapters/repository/incident_repository.go:87.35,89.3 1 0
github.com/greysquirr3l/bishoujo-huntress/internal/adapters/repository/incident_repository.go:91.2,91.40 1 0
github.com/greysquirr3l/bishoujo-huntress/internal/adapters/repository/incident_repository.go:91.40,94.46 3 0
github.com/greysquirr3l/bishoujo-huntress/internal/adapters/repository/incident_repository.go:94.46,96.4 1 0
github.com/greysquirr3l/bishoujo-huntress/internal/adapters/repository/incident_repository.go:97.3,97.65 1 0
github.com/greysquirr3l/bishoujo-huntress/internal/adapters/repository/incident_repository.go:99.2,101.20 3 0
github.com/greysquirr3l/bishoujo-huntress/internal/adapters/repository/incident_repository.go:101.20,103.3 1 0
github.com/greysquirr3l/bishoujo-huntress/internal/adapters/repository/incident_repository.go:105.2,106.16 2 0
github.com/greysquirr3l/bishoujo-huntress/internal/adapters/repository/incident_repository.go:106.16,108.3 1 0
github.com/greysquirr3l/bishoujo-huntress/internal/adapters/repository/incident_repository.go:110.2,111.16 2 0
github.com/greysquirr3l/bishoujo-huntress/internal/adapters/repository/incident_repository.go:111.16,113.3 1 0
github.com/greysquirr3l/bishoujo-huntress/internal/adapters/repository/incident_repository.go:114.2,114.17 1 0
github.com/greysquirr3l/bishoujo-huntress/internal/adapters/repository/incident_repository.go:114.17,115.16 1 0
github.com/greysquirr3l/bishoujo-huntress/internal/adapters/repository/incident_repository.go:115.16,115.41 1 0
github.com/greysquirr3l/bishoujo-huntress/internal/adapters/repository/incident_repository.go:118.2,118.38 1 0
github.com/greysquirr3l/bishoujo-huntress/internal/adapters/repository/incident_repository.go:118.38,120.3 1 0
github.com/greysquirr3l/bishoujo-huntress/internal/adapters/repository/incident_repository.go:122.2,123.73 2 0
github.com/greysquirr3l/bishoujo-huntress/internal/adapters/repository/incident_repository.go:123.73,125.3 1 0
github.com/greysquirr3l/bishoujo-huntress/internal/adapters/repository/incident_repository.go:128.2,132.35 3 0
github.com/greysquirr3l/bishoujo-huntress/internal/adapters/repository/incident_repository.go:132.35,134.17 2 0
github.com/greysquirr3l/bishoujo-huntress/internal/adapters/repository/incident_repository.go:134.17,136.4 1 0
github.com/greysquirr3l/bishoujo-huntress/internal/adapters/repository/incident_repository.go:137.3,137.26 1 0
github.com/greysquirr3l/bishoujo-huntress/internal/adapters/repository/incident_repository.go:140.2,140.35 1 0
github.com/greysquirr3l/bishoujo-huntress/internal/adapters/repository/incident_repository.go:144.92,150.16 3 0
github.com/greysquirr3l/bishoujo-huntress/internal/adapters/repository/incident_repository.go:150.16,152.3 1 0
github.com/greysquirr3l/bishoujo-huntress/internal/adapters/repository/incident_repository.go:154.2,155.16 2 0
github.com/greysquirr3l/bishoujo-huntress/internal/adapters/repository/incident_repository.go:155.16,157.3 1 0
github.com/greysquirr3l/bishoujo-huntress/internal/adapters/repository/incident_repository.go:159.2,160.16 2 0
github.com/greysquirr3l/bishoujo-huntress/internal/adapters/repository/incident_repository.go:160.16,162.3 1 0
github.com/greysquirr3l/bishoujo-huntress/internal/adapters/repository/incident_repository.go:163.2,163.17 1 0
github.com/greysquirr3l/bishoujo-huntress/internal/adapters/repository/incident_repository.go:163.17,164.16 1 0
github.com/greysquirr3l/bishoujo-huntress/internal/adapters/repository/incident_repository.go:164.16,164.41 1 0
github.com/greysquirr3l/bishoujo-huntress/internal/adapters/repository/incident_repository.go:167.2,167.43 1 0
github.com/greysquirr3l/bishoujo-huntress/internal/adapters/repository/incident_repository.go:167.43,169.3 1 0
github.com/greysquirr3l/bishoujo-huntress/internal/adapters/repository/incident_repository.go:172.2,173.73 2 0
github.com/greysquirr3l/bishoujo-huntress/internal/adapters/repository/incident_repository.go:173.73,175.3 1 0
github.com/greysquirr3l/bishoujo-huntress/internal/adapters/repository/incident_repository.go:178.2,178.50 1 0
github.com/greysquirr3l/bishoujo-huntress/internal/adapters/repository/incident_repository.go:178.50,180.17 2 0
github.com/greysquirr3l/bishoujo-huntress/internal/adapters/repository/incident_repository.go:180.17,182.4 1 0
github.com/greysquirr3l/bishoujo-huntress/internal/adapters/repository/incident_repository.go:183.3,183.21 1 0
github.com/greysquirr3l/bishoujo-huntress/internal/adapters/repository/incident_repository.go:184.8,186.3 1 0
github.com/greysquirr3l/bishoujo-huntress/internal/adapters/repository/incident_repository.go:188.2,188.12 1 0
github.com/greysquirr3l/bishoujo-huntress/internal/adapters/repository/incident_repository.go:192.92,198.16 3 0
github.com/greysquirr3l/bishoujo-huntress/internal/adapters/repository/incident_repository.go:198.16,200.3 1 0
github.com/greysquirr3l/bishoujo-huntress/internal/adapters/repository/incident_repository.go:202.2,204.16 3 0
github.com/greysquirr3l/bishoujo-huntress/internal/adapters/repository/incident_repository.go:204.16,206.3 1 0
github.com/greysquirr3l/bishoujo-huntress/internal/adapters/repository/incident_repository.go:208.2,209.16 2 0
github.com/greysquirr3l/bishoujo-huntress/internal/adapters/repository/incident_repository.go:209.16,211.3 1 0
github.com/greysquirr3l/bishoujo-huntress/internal/adapters/repository/incident_repository.go:212.2,212.17 1 0
github.com/greysquirr3l/bishoujo-huntress/internal/adapters/repository/incident_repository.go:212.17,213.16 1 0
github.com/greysquirr3l/bishoujo-huntress/internal/adapters/repository/incident_repository.go:213.16,213.41 1 0
github.com/greysquirr3l/bishoujo-huntress/internal/adapters/repository/incident_repository.go:216.2,216.38 1 0
github.com/greysquirr3l/bishoujo-huntress/internal/adapters/repository/incident_repository.go:216.38,218.3 1 0
github.com/greysquirr3l/bishoujo-huntress/internal/adapters/repository/incident_repository.go:220.2,220.12 1 0
github.com/greysquirr3l/bishoujo-huntress/internal/adapters/repository/incident_repository.go:224.79,227.16 3 0
github.com/greysquirr3l/bishoujo-huntress/internal/adapters/repository/incident_repository.go:227.16,229.3 1 0
github.com/greysquirr3l/bishoujo-huntress/internal/adapters/repository/incident_repository.go:231.2,232.16 2 0
github.com/greysquirr3l/bishoujo-huntress/internal/adapters/repository/incident_repository.go:232.16,234.3 1 0
github.com/greysquirr3l/bishoujo-huntress/internal/adapters/repository/incident_repository.go:235.2,235.17 1 0
github.com/greysquirr3l/bishoujo-huntress/internal/adapters/repository/incident_repository.go:235.17,236.16 1 0
github.com/greysquirr3l/bishoujo-huntress/internal/adapters/repository/incident_repository.go:236.16,236.41 1 0
github.com/greysquirr3l/bishoujo-huntress/internal/adapters/repository/incident_repository.go:239.2,239.45 1 0
github.com/greysquirr3l/bishoujo-huntress/internal/adapters/repository/incident_repository.go:239.45,241.3 1 0
github.com/greysquirr3l/bishoujo-huntress/internal/adapters/repository/incident_repository.go:243.2,243.12 1 0
github.com/greysquirr3l/bishoujo-huntress/internal/adapters/repository/incident_repository.go:247.109,253.16 4 0
github.com/greysquirr3l/bishoujo-huntress/internal/adapters/repository/incident_repository.go:253.16,255.3 1 0
github.com/greysquirr3l/bishoujo-huntress/internal/adapters/repository/incident_repository.go:257.2,258.16 2 0
github.com/greysquirr3l/bishoujo-huntress/internal/adapters/repository/incident_repository.go:258.16,260.3 1 0
github.com/greysquirr3l/bishoujo-huntress/internal/adapters/repository/incident_repository.go:262.2,263.16 2 0
github.com/greysquirr3l/bishoujo-huntress/internal/adapters/repository/incident_repository.go:263.16,265.3 1 0
github.com/greysquirr3l/bishoujo-huntress/internal/adapters/repository/incident_repository.go:266.2,266.17 1 0
github.com/greysquirr3l/bishoujo-huntress/internal/adapters/repository/incident_repository.go:266.17,267.16 1 0
github.com/greysquirr3l/bishoujo-huntress/internal/adapters/repository/incident_repository.go:267.16,267.41 1 0
github.com/greysquirr3l/bishoujo-huntress/internal/adapters/repository/incident_repository.go:270.2,270.38 1 0
github.com/greysquirr3l/bishoujo-huntress/internal/adapters/repository/incident_repository.go:270.38,272.3 1 0
github.com/greysquirr3l/bishoujo-huntress/internal/adapters/repository/incident_repository.go:274.2,274.12 1 0
github.com/greysquirr3l/bishoujo-huntress/internal/adapters/repository/incident_repository.go:278.104,284.16 4 0
github.com/greysquirr3l/bishoujo-huntress/internal/adapters/repository/incident_repository.go:284.16,286.3 1 0
github.com/greysquirr3l/bishoujo-huntress/internal/adapters/repository/incident_repository.go:288.2,289.16 2 0
github.com/greysquirr3l/bishoujo-huntress/internal/adapters/repository/incident_repository.go:289.16,291.3 1 0
github.com/greysquirr3l/bishoujo-huntress/internal/adapters/repository/incident_repository.go:293.2,294.16 2 0
github.com/greysquirr3l/bishoujo-huntress/internal/adapters/repository/incident_repository.go:294.16,296.3 1 0
github.com/greysquirr3l/bishoujo-huntress/internal/adapters/repository/incident_repository.go:297.2,297.17 1 0
github.com/greysquirr3l/bishoujo-huntress/internal/adapters/repository/incident_repository.go:297.17,298.16 1 0
github.com/greysquirr3l/bishoujo-huntress/internal/adapters/repository/incident_repository.go:298.16,298.41 1 0
github.com/greysquirr3l/bishoujo-huntress/internal/adapters/repository/incident_repository.go:301.2,301.38 1 0
github.com/greysquirr3l/bishoujo-huntress/internal/adapters/repository/incident_repository.go:301.38,303.3 1 0
github.com/greysquirr3l/bishoujo-huntress/internal/adapters/repository/incident_repository.go:305.2,305.12 1 0
github.com/greysquirr3l/bishoujo-huntress/internal/adapters/repository/incident_repository.go:309.183,313.2 2 0
github.com/greysquirr3l/bishoujo-huntress/internal/adapters/repository/incident_repository.go:316.172,320.2 2 0
github.com/greysquirr3l/bishoujo-huntress/internal/adapters/repository/incident_repository.go:323.108,329.16 4 0
github.com/greysquirr3l/bishoujo-huntress/internal/adapters/repository/incident_repository.go:329.16,331.3 1 0
github.com/greysquirr3l/bishoujo-huntress/internal/adapters/repository/incident_repository.go:333.2,334.16 2 0
github.com/greysquirr3l/bishoujo-huntress/internal/adapters/repository/incident_repository.go:334.16,336.3 1 0
github.com/greysquirr3l/bishoujo-huntress/internal/adapters/repository/incident_repository.go:338.2,339.16 2 0
github.com/greysquirr3l/bishoujo-huntress/internal/adapters/repository/incident_repository.go:339.16,341.3 1 0
github.com/greysquirr3l/bishoujo-huntress/internal/adapters/repository/incident_repository.go:342.2,342.17 1 0
github.com/greysquirr3l/bishoujo-huntress/internal/adapters/repository/incident_repository.go:342.17,343.16 1 0
github.com/greysquirr3l/bishoujo-huntress/internal/adapters/repository/incident_repository.go:343.16,343.41 1 0
github.com/greysquirr3l/bishoujo-huntress/internal/adapters/repository/incident_repository.go:346.2,346.43 1 0
github.com/greysquirr3l/bishoujo-huntress/internal/adapters/repository/incident_repository.go:346.43,348.3 1 0
github.com/greysquirr3l/bishoujo-huntress/internal/adapters/repository/incident_repository.go:350.2,350.12 1 0
github.com/greysquirr3l/bishoujo-huntress/internal/adapters/repository/incident_repository.go:354.123,366.16 4 0
github.com/greysquirr3l/bishoujo-huntress/internal/adapters/repository/incident_repository.go:366.16,368.3 1 0
github.com/greysquirr3l/bishoujo-huntress/internal/adapters/repository/incident_repository.go:370.2,371.16 2 0
github.com/greysquirr3l/bishoujo-huntress/internal/adapters/repository/incident_repository.go:371.16,373.3 1 0
github.com/greysquirr3l/bishoujo-huntress/internal/adapters/repository/incident_repository.go:375.2,376.16 2 0
github.com/greysquirr3l/bishoujo-huntress/internal/adapters/repository/incident_repository.go:376.16,378.3 1 0
github.com/greysquirr3l/bishoujo-huntress/internal/adapters/repository/incident_repository.go:379.2,379.17 1 0
github.com/greysquirr3l/bishoujo-huntress/internal/adapters/repository/incident_repository.go:379.17,380.16 1 0
github.com/greysquirr3l/bishoujo-huntress/internal/adapters/repository/incident_repository.go:380.16,380.41 1 0
github.com/greysquirr3l/bishoujo-huntress/internal/adapters/repository/incident_repository.go:383.2,383.43 1 0
github.com/greysquirr3l/bishoujo-huntress/internal/adapters/repository/incident_repository.go:383.43,385.3 1 0
github.com/greysquirr3l/bishoujo-huntress/internal/adapters/repository/incident_repository.go:387.2,387.12 1 0
github.com/greysquirr3l/bishoujo-huntress/internal/adapters/repository/incident_repository.go:391.120,405.16 4 0
github.com/greysquirr3l/bishoujo-huntress/internal/adapters/repository/incident_repository.go:405.16,407.3 1 0
github.com/greysquirr3l/bishoujo-huntress/internal/adapters/repository/incident_repository.go:409.2,410.16 2 0
github.com/greysquirr3l/bishoujo-huntress/internal/adapters/repository/incident_repository.go:410.16,412.3 1 0
github.com/greysquirr3l/bishoujo-huntress/internal/adapters/repository/incident_repository.go:414.2,415.16 2 0
github.com/greysquirr3l/bishoujo-huntress/internal/adapters/repository/incident_repository.go:415.16,417.3 1 0
github.com/greysquirr3l/bishoujo-huntress/internal/adapters/repository/incident_repository.go:418.2,418.17 1 0
github.com/greysquirr3l/bishoujo-huntress/internal/adapters/repository/incident_repository.go:418.17,419.16 1 0
github.com/greysquirr3l/bishoujo-huntress/internal/adapters/repository/incident_repository.go:419.16,419.41 1 0
github.com/greysquirr3l/bishoujo-huntress/internal/adapters/repository/incident_repository.go:422.2,422.43 1 0
github.com/greysquirr3l/bishoujo-huntress/internal/adapters/repository/incident_repository.go:422.43,424.3 1 0
github.com/greysquirr3l/bishoujo-huntress/internal/adapters/repository/incident_repository.go:426.2,426.12 1 0
github.com/greysquirr3l/bishoujo-huntress/internal/adapters/repository/incident_repository.go:430.98,436.16 4 0
github.com/greysquirr3l/bishoujo-huntress/internal/adapters/repository/incident_repository.go:436.16,438.3 1 0
github.com/greysquirr3l/bishoujo-huntress/internal/adapters/repository/incident_repository.go:440.2,441.16 2 0
github.com/greysquirr3l/bishoujo-huntress/internal/adapters/repository/incident_repository.go:441.16,443.3 1 0
github.com/greysquirr3l/bishoujo-huntress/internal/adapters/repository/incident_repository.go:445.2,446.16 2 0
github.com/greysquirr3l/bishoujo-huntress/internal/adapters/repository/incident_repository.go:446.16,448.3 1 0
github.com/greysquirr3l/bishoujo-huntress/internal/adapters/repository/incident_repository.go:449.2,449.17 1 0
github.com/greysquirr3l/bishoujo-huntress/internal/adapters/repository/incident_repository.go:449.17,450.16 1 0
github.com/greysquirr3l/bishoujo-huntress/internal/adapters/repository/incident_repository.go:450.16,450.41 1 0
github.com/greysquirr3l/bishoujo-huntress/internal/adapters/repository/incident_repository.go:453.2,453.38 1 0
github.com/greysquirr3l/bishoujo-huntress/internal/adapters/repository/incident_repository.go:453.38,455.3 1 0
github.com/greysquirr3l/bishoujo-huntress/internal/adapters/repository/incident_repository.go:457.2,457.12 1 0
github.com/greysquirr3l/bishoujo-huntress/internal/adapters/repository/organization_repository.go:24.136,30.2 1 0
github.com/greysquirr3l/bishoujo-huntress/internal/adapters/repository/organization_repository.go:33.110,36.16 3 0
github.com/greysquirr3l/bishoujo-huntress/internal/adapters/repository/organization_repository.go:36.16,38.3 1 0
github.com/greysquirr3l/bishoujo-huntress/internal/adapters/repository/organization_repository.go:40.2,41.16 2 0
github.com/greysquirr3l/bishoujo-huntress/internal/adapters/repository/organization_repository.go:41.16,43.3 1 0
github.com/greysquirr3l/bishoujo-huntress/internal/adapters/repository/organization_repository.go:44.2,44.17 1 0
github.com/greysquirr3l/bishoujo-huntress/internal/adapters/repository/organization_repository.go:44.17,45.16 1 0
github.com/greysquirr3l/bishoujo-huntress/internal/adapters/repository/organization_repository.go:45.16,45.41 1 0
github.com/greysquirr3l/bishoujo-huntress/internal/adapters/repository/organization_repository.go:48.2,48.38 1 0
github.com/greysquirr3l/bishoujo-huntress/internal/adapters/repository/organization_repository.go:48.38,50.3 1 0
github.com/greysquirr3l/bishoujo-huntress/internal/adapters/repository/organization_repository.go:52.2,53.67 2 0
github.com/greysquirr3l/bishoujo-huntress/internal/adapters/repository/organization_repository.go:53.67,55.3 1 0
github.com/greysquirr3l/bishoujo-huntress/internal/adapters/repository/organization_repository.go:57.2,57.38 1 0
github.com/greysquirr3l/bishoujo-huntress/internal/adapters/repository/organization_repository.go:61.158,64.20 3 0
github.com/greysquirr3l/bishoujo-huntress/internal/adapters/repository/organization_repository.go:64.20,66.3 1 0
github.com/greysquirr3l/bishoujo-huntress/internal/adapters/repository/organization_repository.go:67.2,68.16 2 0
github.com/greysquirr3l/bishoujo-huntress/internal/adapters/repository/organization_repository.go:68.16,70.3 1 0
github.com/greysquirr3l/bishoujo-huntress/internal/adapters/repository/organization_repository.go:71.2,72.16 2 0
github.com/greysquirr3l/bishoujo-huntress/internal/adapters/repository/organization_repository.go:72.16,74.3 1 0
github.com/greysquirr3l/bishoujo-huntress/internal/adapters/repository/organization_repository.go:75.2,75.17 1 0
github.com/greysquirr3l/bishoujo-huntress/internal/adapters/repository/organization_repository.go:75.17,76.16 1 0
github.com/greysquirr3l/bishoujo-huntress/internal/adapters/repository/organization_repository.go:76.16,76.41 1 0
github.com/greysquirr3l/bishoujo-huntress/internal/adapters/repository/organization_repository.go:78.2,78.38 1 0
github.com/greysquirr3l/bishoujo-huntress/internal/adapters/repository/organization_repository.go:78.38,80.3 1 0
github.com/greysquirr3l/bishoujo-huntress/internal/adapters/repository/organization_repository.go:81.2,82.68 2 0
github.com/greysquirr3l/bishoujo-huntress/internal/adapters/repository/organization_repository.go:82.68,84.3 1 0
github.com/greysquirr3l/bishoujo-huntress/internal/adapters/repository/organization_repository.go:86.2,89.30 3 0
github.com/greysquirr3l/bishoujo-huntress/internal/adapters/repository/organization_repository.go:89.30,91.17 2 0
github.com/greysquirr3l/bishoujo-huntress/internal/adapters/repository/organization_repository.go:91.17,93.4 1 0
github.com/greysquirr3l/bishoujo-huntress/internal/adapters/repository/organization_repository.go:94.3,94.16 1 0
github.com/greysquirr3l/bishoujo-huntress/internal/adapters/repository/organization_repository.go:96.2,96.31 1 0
github.com/greysquirr3l/bishoujo-huntress/internal/adapters/repository/organization_repository.go:100.134,105.16 3 0
github.com/greysquirr3l/bishoujo-huntress/internal/adapters/repository/organization_repository.go:105.16,107.3 1 0
github.com/greysquirr3l/bishoujo-huntress/internal/adapters/repository/organization_repository.go:109.2,110.16 2 0
github.com/greysquirr3l/bishoujo-huntress/internal/adapters/repository/organization_repository.go:110.16,112.3 1 0
github.com/greysquirr3l/bishoujo-huntress/internal/adapters/repository/organization_repository.go:114.2,115.16 2 0
github.com/greysquirr3l/bishoujo-huntress/internal/adapters/repository/organization_repository.go:115.16,117.3 1 0
github.com/greysquirr3l/bishoujo-huntress/internal/adapters/repository/organization_repository.go:118.2,118.17 1 0
github.com/greysquirr3l/bishoujo-huntress/internal/adapters/repository/organization_repository.go:118.17,119.16 1 0
github.com/greysquirr3l/bishoujo-huntress/internal/adapters/repository/organization_repository.go:119.16,119.41 1 0
github.com/greysquirr3l/bishoujo-huntress/internal/adapters/repository/organization_repository.go:122.2,122.43 1 0
github.com/greysquirr3l/bishoujo-huntress/internal/adapters/repository/organization_repository.go:122.43,124.3 1 0
github.com/greysquirr3l/bishoujo-huntress/internal/adapters/repository/organization_repository.go:127.2,128.71 2 0
github.com/greysquirr3l/bishoujo-huntress/internal/adapters/repository/organization_repository.go:128.71,130.3 1 0
github.com/greysquirr3l/bishoujo-huntress/internal/adapters/repository/organization_repository.go:132.2,132.42 1 0
github.com/greysquirr3l/bishoujo-huntress/internal/adapters/repository/organization_repository.go:136.134,141.16 3 0
github.com/greysquirr3l/bishoujo-huntress/internal/adapters/repository/organization_repository.go:141.16,143.3 1 0
github.com/greysquirr3l/bishoujo-huntress/internal/adapters/repository/organization_repository.go:145.2,147.16 3 0
github.com/greysquirr3l/bishoujo-huntress/internal/adapters/repository/organization_repository.go:147.16,149.3 1 0
github.com/greysquirr3l/bishoujo-huntress/internal/adapters/repository/organization_repository.go:151.2,152.16 2 0
github.com/greysquirr3l/bishoujo-huntress/internal/adapters/repository/organization_repository.go:152.16,154.3 1 0
github.com/greysquirr3l/bishoujo-huntress/internal/adapters/repository/organization_repository.go:155.2,155.17 1 0
github.com/greysquirr3l/bishoujo-huntress/internal/adapters/repository/organization_repository.go:155.17,156.16 1 0
github.com/greysquirr3l/bishoujo-huntress/internal/adapters/repository/organization_repository.go:156.16,156.41 1 0
github.com/greysquirr3l/bishoujo-huntress/internal/adapters/repository/organization_repository.go:159.2,159.38 1 0
github.com/greysquirr3l/bishoujo-huntress/internal/adapters/repository/organization_repository.go:159.38,161.3 1 0
github.com/greysquirr3l/bishoujo-huntress/internal/adapters/repository/organization_repository.go:164.2,165.71 2 0
github.com/greysquirr3l/bishoujo-huntress/internal/adapters/repository/organization_repository.go:165.71,167.3 1 0
github.com/greysquirr3l/bishoujo-huntress/internal/adapters/repository/organization_repository.go:169.2,169.42 1 0
github.com/greysquirr3l/bishoujo-huntress/internal/adapters/repository/organization_repository.go:173.83,176.16 3 0
github.com/greysquirr3l/bishoujo-huntress/internal/adapters/repository/organization_repository.go:176.16,178.3 1 0
github.com/greysquirr3l/bishoujo-huntress/internal/adapters/repository/organization_repository.go:180.2,181.16 2 0
github.com/greysquirr3l/bishoujo-huntress/internal/adapters/repository/organization_repository.go:181.16,183.3 1 0
github.com/greysquirr3l/bishoujo-huntress/internal/adapters/repository/organization_repository.go:184.2,184.17 1 0
github.com/greysquirr3l/bishoujo-huntress/internal/adapters/repository/organization_repository.go:184.17,185.16 1 0
github.com/greysquirr3l/bishoujo-huntress/internal/adapters/repository/organization_repository.go:185.16,185.41 1 0
github.com/greysquirr3l/bishoujo-huntress/internal/adapters/repository/organization_repository.go:188.2,188.45 1 0
github.com/greysquirr3l/bishoujo-huntress/internal/adapters/repository/organization_repository.go:188.45,190.3 1 0
github.com/greysquirr3l/bishoujo-huntress/internal/adapters/repository/organization_repository.go:192.2,192.12 1 0
github.com/greysquirr3l/bishoujo-huntress/internal/adapters/repository/organization_repository.go:196.136,199.16 3 0
github.com/greysquirr3l/bishoujo-huntress/internal/adapters/repository/organization_repository.go:199.16,201.3 1 0
github.com/greysquirr3l/bishoujo-huntress/internal/adapters/repository/organization_repository.go:203.2,204.16 2 0
github.com/greysquirr3l/bishoujo-huntress/internal/adapters/repository/organization_repository.go:204.16,206.3 1 0
github.com/greysquirr3l/bishoujo-huntress/internal/adapters/repository/organization_repository.go:207.2,207.17 1 0
github.com/greysquirr3l/bishoujo-huntress/internal/adapters/repository/organization_repository.go:207.17,208.16 1 0
github.com/greysquirr3l/bishoujo-huntress/internal/adapters/repository/organization_repository.go:208.16,208.41 1 0
github.com/greysquirr3l/bishoujo-huntress/internal/adapters/repository/organization_repository.go:211.2,211.38 1 0
github.com/greysquirr3l/bishoujo-huntress/internal/adapters/repository/organization_repository.go:211.38,213.3 1 0
github.com/greysquirr3l/bishoujo-huntress/internal/adapters/repository/organization_repository.go:215.2,216.69 2 0
github.com/greysquirr3l/bishoujo-huntress/internal/adapters/repository/organization_repository.go:216.69,218.3 1 0
github.com/greysquirr3l/bishoujo-huntress/internal/adapters/repository/organization_repository.go:221.2,225.35 3 0
github.com/greysquirr3l/bishoujo-huntress/internal/adapters/repository/organization_repository.go:225.35,227.3 1 0
github.com/greysquirr3l/bishoujo-huntress/internal/adapters/repository/organization_repository.go:229.2,229.32 1 0
github.com/greysquirr3l/bishoujo-huntress/internal/adapters/repository/organization_repository.go:233.112,241.16 4 0
github.com/greysquirr3l/bishoujo-huntress/internal/adapters/repository/organization_repository.go:241.16,243.3 1 0
github.com/greysquirr3l/bishoujo-huntress/internal/adapters/repository/organization_repository.go:245.2,246.16 2 0
github.com/greysquirr3l/bishoujo-huntress/internal/adapters/repository/organization_repository.go:246.16,248.3 1 0
github.com/greysquirr3l/bishoujo-huntress/internal/adapters/repository/organization_repository.go:250.2,251.16 2 0
github.com/greysquirr3l/bishoujo-huntress/internal/adapters/repository/organization_repository.go:251.16,253.3 1 0
github.com/greysquirr3l/bishoujo-huntress/internal/adapters/repository/organization_repository.go:254.2,254.17 1 0
github.com/greysquirr3l/bishoujo-huntress/internal/adapters/repository/organization_repository.go:254.17,255.16 1 0
github.com/greysquirr3l/bishoujo-huntress/internal/adapters/repository/organization_repository.go:255.16,255.41 1 0
github.com/greysquirr3l/bishoujo-huntress/internal/adapters/repository/organization_repository.go:258.2,258.43 1 0
github.com/greysquirr3l/bishoujo-huntress/internal/adapters/repository/organization_repository.go:258.43,260.3 1 0
github.com/greysquirr3l/bishoujo-huntress/internal/adapters/repository/organization_repository.go:262.2,262.12 1 0
github.com/greysquirr3l/bishoujo-huntress/internal/adapters/repository/organization_repository.go:266.105,269.16 3 0
github.com/greysquirr3l/bishoujo-huntress/internal/adapters/repository/organization_repository.go:269.16,271.3 1 0
github.com/greysquirr3l/bishoujo-huntress/internal/adapters/repository/organization_repository.go:273.2,274.16 2 0
github.com/greysquirr3l/bishoujo-huntress/internal/adapters/repository/organization_repository.go:274.16,276.3 1 0
github.com/greysquirr3l/bishoujo-huntress/internal/adapters/repository/organization_repository.go:277.2,277.17 1 0
github.com/greysquirr3l/bishoujo-huntress/internal/adapters/repository/organization_repository.go:277.17,278.16 1 0
github.com/greysquirr3l/bishoujo-huntress/internal/adapters/repository/organization_repository.go:278.16,278.41 1 0
github.com/greysquirr3l/bishoujo-huntress/internal/adapters/repository/organization_repository.go:281.2,281.45 1 0
github.com/greysquirr3l/bishoujo-huntress/internal/adapters/repository/organization_repository.go:281.45,283.3 1 0
github.com/greysquirr3l/bishoujo-huntress/internal/adapters/repository/organization_repository.go:285.2,285.12 1 0
github.com/greysquirr3l/bishoujo-huntress/internal/adapters/repository/organization_repository.go:331.85,334.16 2 0
github.com/greysquirr3l/bishoujo-huntress/internal/adapters/repository/organization_repository.go:334.16,336.3 1 0
github.com/greysquirr3l/bishoujo-huntress/internal/adapters/repository/organization_repository.go:338.2,339.16 2 0
github.com/greysquirr3l/bishoujo-huntress/internal/adapters/repository/organization_repository.go:339.16,341.3 1 0
github.com/greysquirr3l/bishoujo-huntress/internal/adapters/repository/organization_repository.go:344.2,378.17 4 0
github.com/greysquirr3l/bishoujo-huntress/internal/adapters/repository/organization_repository.go:382.76,385.18 2 0
github.com/greysquirr3l/bishoujo-huntress/internal/adapters/repository/organization_repository.go:385.18,388.17 3 0
github.com/greysquirr3l/bishoujo-huntress/internal/adapters/repository/organization_repository.go:388.17,392.4 1 0
github.com/greysquirr3l/bishoujo-huntress/internal/adapters/repository/organization_repository.go:395.2,421.3 1 0
github.com/greysquirr3l/bishoujo-huntress/internal/adapters/repository/organization_repository.go:427.51,436.2 1 0
github.com/greysquirr3l/bishoujo-huntress/internal/adapters/repository/organization_repository.go:439.55,448.2 1 0
github.com/greysquirr3l/bishoujo-huntress/internal/application/query/auditlog/get_auditlog.go:21.84,23.2 1 0
github.com/greysquirr3l/bishoujo-huntress/internal/application/query/auditlog/get_auditlog.go:25.110,27.2 1 0
github.com/greysquirr3l/bishoujo-huntress/internal/application/query/auditlog/list_auditlogs.go:22.88,24.2 1 0
github.com/greysquirr3l/bishoujo-huntress/internal/application/query/auditlog/list_auditlogs.go:26.136,28.2 1 0
github.com/greysquirr3l/bishoujo-huntress/internal/application/command/organization/create_organization.go:43.105,47.2 1 0
github.com/greysquirr3l/bishoujo-huntress/internal/application/command/organization/create_organization.go:50.132,77.22 2 0
github.com/greysquirr3l/bishoujo-huntress/internal/application/command/organization/create_organization.go:77.22,79.3 1 0
github.com/greysquirr3l/bishoujo-huntress/internal/application/command/organization/create_organization.go:82.2,82.39 1 0
github.com/greysquirr3l/bishoujo-huntress/internal/application/command/organization/create_organization.go:82.39,84.3 1 0
github.com/greysquirr3l/bishoujo-huntress/internal/application/command/organization/create_organization.go:87.2,88.16 2 0
github.com/greysquirr3l/bishoujo-huntress/internal/application/command/organization/create_organization.go:88.16,90.3 1 0
github.com/greysquirr3l/bishoujo-huntress/internal/application/command/organization/create_organization.go:92.2,92.24 1 0
github.com/greysquirr3l/bishoujo-huntress/internal/application/command/organization/delete_organization.go:22.105,26.2 1 0
github.com/greysquirr3l/bishoujo-huntress/internal/application/command/organization/delete_organization.go:29.102,31.18 1 0
github.com/greysquirr3l/bishoujo-huntress/internal/application/command/organization/delete_organization.go:31.18,33.3 1 0
github.com/greysquirr3l/bishoujo-huntress/internal/application/command/organization/delete_organization.go:36.2,36.54 1 0
github.com/greysquirr3l/bishoujo-huntress/internal/application/command/organization/delete_organization.go:36.54,38.3 1 0
github.com/greysquirr3l/bishoujo-huntress/internal/application/command/organization/delete_organization.go:40.2,40.12 1 0
github.com/greysquirr3l/bishoujo-huntress/internal/application/command/organization/update_organization.go:44.105,48.2 1 0
github.com/greysquirr3l/bishoujo-huntress/internal/application/command/organization/update_organization.go:58.4,59.27 1 0
github.com/greysquirr3l/bishoujo-huntress/internal/application/command/organization/update_organization.go:59.27,61.3 1 0
github.com/greysquirr3l/bishoujo-huntress/internal/application/command/organization/update_organization.go:62.2,62.27 1 0
github.com/greysquirr3l/bishoujo-huntress/internal/application/command/organization/update_organization.go:62.27,64.3 1 0
github.com/greysquirr3l/bishoujo-huntress/internal/application/command/organization/update_organization.go:65.2,65.24 1 0
github.com/greysquirr3l/bishoujo-huntress/internal/application/command/organization/update_organization.go:65.24,67.3 1 0
github.com/greysquirr3l/bishoujo-huntress/internal/application/command/organization/update_organization.go:68.2,68.25 1 0
github.com/greysquirr3l/bishoujo-huntress/internal/application/command/organization/update_organization.go:68.25,70.3 1 0
github.com/greysquirr3l/bishoujo-huntress/internal/application/command/organization/update_organization.go:71.2,71.27 1 0
github.com/greysquirr3l/bishoujo-huntress/internal/application/command/organization/update_organization.go:71.27,73.3 1 0
github.com/greysquirr3l/bishoujo-huntress/internal/application/command/organization/update_organization.go:74.2,74.27 1 0
github.com/greysquirr3l/bishoujo-huntress/internal/application/command/organization/update_organization.go:74.27,76.3 1 0
github.com/greysquirr3l/bishoujo-huntress/internal/application/command/organization/update_organization.go:85.4,86.24 1 0
github.com/greysquirr3l/bishoujo-huntress/internal/application/command/organization/update_organization.go:86.24,88.3 1 0
github.com/greysquirr3l/bishoujo-huntress/internal/application/command/organization/update_organization.go:89.2,89.25 1 0
github.com/greysquirr3l/bishoujo-huntress/internal/application/command/organization/update_organization.go:89.25,91.3 1 0
github.com/greysquirr3l/bishoujo-huntress/internal/application/command/organization/update_organization.go:92.2,92.31 1 0
github.com/greysquirr3l/bishoujo-huntress/internal/application/command/organization/update_organization.go:92.31,94.3 1 0
github.com/greysquirr3l/bishoujo-huntress/internal/application/command/organization/update_organization.go:95.2,95.25 1 0
github.com/greysquirr3l/bishoujo-huntress/internal/application/command/organization/update_organization.go:95.25,97.3 1 0
github.com/greysquirr3l/bishoujo-huntress/internal/application/command/organization/update_organization.go:101.86,102.22 1 0
github.com/greysquirr3l/bishoujo-huntress/internal/application/command/organization/update_organization.go:102.22,104.3 1 0
github.com/greysquirr3l/bishoujo-huntress/internal/application/command/organization/update_organization.go:105.2,105.28 1 0
github.com/greysquirr3l/bishoujo-huntress/internal/application/command/organization/update_organization.go:105.28,107.3 1 0
github.com/greysquirr3l/bishoujo-huntress/internal/application/command/organization/update_organization.go:111.132,113.18 1 0
github.com/greysquirr3l/bishoujo-huntress/internal/application/command/organization/update_organization.go:113.18,115.3 1 0
github.com/greysquirr3l/bishoujo-huntress/internal/application/command/organization/update_organization.go:118.2,119.16 2 0
github.com/greysquirr3l/bishoujo-huntress/internal/application/command/organization/update_organization.go:119.16,121.3 1 0
github.com/greysquirr3l/bishoujo-huntress/internal/application/command/organization/update_organization.go:125.2,125.20 1 0
github.com/greysquirr3l/bishoujo-huntress/internal/application/command/organization/update_organization.go:125.20,127.3 1 0
github.com/greysquirr3l/bishoujo-huntress/internal/application/command/organization/update_organization.go:129.2,129.27 1 0
github.com/greysquirr3l/bishoujo-huntress/internal/application/command/organization/update_organization.go:129.27,131.3 1 0
github.com/greysquirr3l/bishoujo-huntress/internal/application/command/organization/update_organization.go:133.2,133.22 1 0
github.com/greysquirr3l/bishoujo-huntress/internal/application/command/organization/update_organization.go:133.22,135.3 1 0
github.com/greysquirr3l/bishoujo-huntress/internal/application/command/organization/update_organization.go:137.2,137.24 1 0
github.com/greysquirr3l/bishoujo-huntress/internal/application/command/organization/update_organization.go:137.24,139.3 1 0
github.com/greysquirr3l/bishoujo-huntress/internal/application/command/organization/update_organization.go:141.2,141.23 1 0
github.com/greysquirr3l/bishoujo-huntress/internal/application/command/organization/update_organization.go:141.23,143.3 1 0
github.com/greysquirr3l/bishoujo-huntress/internal/application/command/organization/update_organization.go:145.2,145.25 1 0
github.com/greysquirr3l/bishoujo-huntress/internal/application/command/organization/update_organization.go:145.25,147.3 1 0
github.com/greysquirr3l/bishoujo-huntress/internal/application/command/organization/update_organization.go:149.2,149.171 1 0
[...]
github.com/greysquirr3l/bishoujo-huntress/internal/domain/common/pagination.go:52.75,59.2 1 0
github.com/greysquirr3l/bishoujo-huntress/internal/domain/common/pagination.go:62.38,69.2 1 0
github.com/greysquirr3l/bishoujo-huntress/internal/domain/common/uuid.go:11.21,13.2 1 0
github.com/greysquirr3l/bishoujo-huntress/internal/domain/common/uuid.go:16.40,19.2 2 0
github.com/greysquirr3l/bishoujo-huntress/internal/domain/common/uuid.go:22.31,24.2 1 0
github.com/greysquirr3l/bishoujo-huntress/internal/domain/common/uuid.go:27.29,29.2 1 0
github.com/greysquirr3l/bishoujo-huntress/internal/domain/common/uuid.go:32.38,34.2 1 0
github.com/greysquirr3l/bishoujo-huntress/internal/domain/errors/api_errors.go:30.35,31.21 1 0
github.com/greysquirr3l/bishoujo-huntress/internal/domain/errors/api_errors.go:31.21,33.3 1 0
github.com/greysquirr3l/bishoujo-huntress/internal/domain/errors/api_errors.go:34.2,34.68 1 0
github.com/greysquirr3l/bishoujo-huntress/internal/domain/errors/api_errors.go:38.89,45.2 1 0
github.com/greysquirr3l/bishoujo-huntress/internal/domain/auditlog/auditlog.go:35.37,36.16 1 0
github.com/greysquirr3l/bishoujo-huntress/internal/domain/auditlog/auditlog.go:36.16,38.3 1 0
github.com/greysquirr3l/bishoujo-huntress/internal/domain/auditlog/auditlog.go:39.2,39.26 1 0
github.com/greysquirr3l/bishoujo-huntress/internal/domain/auditlog/auditlog.go:39.26,41.3 1 0
github.com/greysquirr3l/bishoujo-huntress/internal/domain/auditlog/auditlog.go:42.2,42.19 1 0
github.com/greysquirr3l/bishoujo-huntress/internal/domain/auditlog/auditlog.go:42.19,44.3 1 0
github.com/greysquirr3l/bishoujo-huntress/internal/domain/auditlog/auditlog.go:45.2,45.20 1 0
github.com/greysquirr3l/bishoujo-huntress/internal/domain/auditlog/auditlog.go:45.20,47.3 1 0
github.com/greysquirr3l/bishoujo-huntress/internal/domain/auditlog/auditlog.go:48.2,48.26 1 0
github.com/greysquirr3l/bishoujo-huntress/internal/domain/auditlog/auditlog.go:48.26,50.3 1 0
github.com/greysquirr3l/bishoujo-huntress/internal/domain/auditlog/auditlog.go:51.2,51.24 1 0
github.com/greysquirr3l/bishoujo-huntress/internal/domain/auditlog/auditlog.go:51.24,53.3 1 0
github.com/greysquirr3l/bishoujo-huntress/internal/domain/auditlog/auditlog.go:54.2,54.12 1 0
github.com/greysquirr3l/bishoujo-huntress/internal/infrastructure/http/client.go:26.35,27.23 1 0
github.com/greysquirr3l/bishoujo-huntress/internal/infrastructure/http/client.go:27.23,29.3 1 0
github.com/greysquirr3l/bishoujo-huntress/internal/infrastructure/http/client.go:30.2,30.67 1 0
github.com/greysquirr3l/bishoujo-huntress/internal/infrastructure/http/client.go:44.104,46.16 2 0
github.com/greysquirr3l/bishoujo-huntress/internal/infrastructure/http/client.go:46.16,48.3 1 0
github.com/greysquirr3l/bishoujo-huntress/internal/infrastructure/http/client.go:50.2,62.27 2 0
github.com/greysquirr3l/bishoujo-huntress/internal/infrastructure/http/client.go:62.27,64.3 1 0
github.com/greysquirr3l/bishoujo-huntress/internal/infrastructure/http/client.go:66.2,66.20 1 0
github.com/greysquirr3l/bishoujo-huntress/internal/infrastructure/http/client.go:73.59,74.25 1 0
github.com/greysquirr3l/bishoujo-huntress/internal/infrastructure/http/client.go:74.25,76.3 1 0
github.com/greysquirr3l/bishoujo-huntress/internal/infrastructure/http/client.go:80.51,81.25 1 0
github.com/greysquirr3l/bishoujo-huntress/internal/infrastructure/http/client.go:81.25,83.3 1 0
github.com/greysquirr3l/bishoujo-huntress/internal/infrastructure/http/client.go:87.45,89.25 1 0
github.com/greysquirr3l/bishoujo-huntress/internal/infrastructure/http/client.go:89.26,89.27 0 0
github.com/greysquirr3l/bishoujo-huntress/internal/infrastructure/http/client.go:93.62,94.25 1 0
github.com/greysquirr3l/bishoujo-huntress/internal/infrastructure/http/client.go:94.25,96.3 1 0
github.com/greysquirr3l/bishoujo-huntress/internal/infrastructure/http/client.go:114.135,117.16 2 0
github.com/greysquirr3l/bishoujo-huntress/internal/infrastructure/http/client.go:117.16,119.3 1 0
github.com/greysquirr3l/bishoujo-huntress/internal/infrastructure/http/client.go:121.2,122.17 2 0
github.com/greysquirr3l/bishoujo-huntress/internal/infrastructure/http/client.go:122.17,124.17 2 0
github.com/greysquirr3l/bishoujo-huntress/internal/infrastructure/http/client.go:124.17,126.4 1 0
github.com/greysquirr3l/bishoujo-huntress/internal/infrastructure/http/client.go:127.3,127.41 1 0
github.com/greysquirr3l/bishoujo-huntress/internal/infrastructure/http/client.go:131.2,132.16 2 0
github.com/greysquirr3l/bishoujo-huntress/internal/infrastructure/http/client.go:132.16,134.3 1 0
github.com/greysquirr3l/bishoujo-huntress/internal/infrastructure/http/client.go:137.2,142.41 4 0
github.com/greysquirr3l/bishoujo-huntress/internal/infrastructure/http/client.go:142.41,144.3 1 0
github.com/greysquirr3l/bishoujo-huntress/internal/infrastructure/http/client.go:147.2,147.40 1 0
github.com/greysquirr3l/bishoujo-huntress/internal/infrastructure/http/client.go:147.40,148.34 1 0
github.com/greysquirr3l/bishoujo-huntress/internal/infrastructure/http/client.go:148.34,150.4 1 0
github.com/greysquirr3l/bishoujo-huntress/internal/infrastructure/http/client.go:154.2,154.38 1 0
github.com/greysquirr3l/bishoujo-huntress/internal/infrastructure/http/client.go:154.38,156.37 2 0
github.com/greysquirr3l/bishoujo-huntress/internal/infrastructure/http/client.go:156.37,157.29 1 0
github.com/greysquirr3l/bishoujo-huntress/internal/infrastructure/http/client.go:157.29,159.5 1 0
github.com/greysquirr3l/bishoujo-huntress/internal/infrastructure/http/client.go:161.3,161.32 1 0
github.com/greysquirr3l/bishoujo-huntress/internal/infrastructure/http/client.go:165.2,166.49 2 0
github.com/greysquirr3l/bishoujo-huntress/internal/infrastructure/http/client.go:166.49,168.20 2 0
github.com/greysquirr3l/bishoujo-huntress/internal/infrastructure/http/client.go:168.20,169.22 1 0
github.com/greysquirr3l/bishoujo-huntress/internal/infrastructure/http/client.go:169.22,171.5 1 0
github.com/greysquirr3l/bishoujo-huntress/internal/infrastructure/http/client.go:172.4,172.58 1 0
github.com/greysquirr3l/bishoujo-huntress/internal/infrastructure/http/client.go:174.3,175.13 2 0
github.com/greysquirr3l/bishoujo-huntress/internal/infrastructure/http/client.go:177.2,177.16 1 0
github.com/greysquirr3l/bishoujo-huntress/internal/infrastructure/http/client.go:177.16,178.18 1 0
github.com/greysquirr3l/bishoujo-huntress/internal/infrastructure/http/client.go:178.18,180.4 1 0
github.com/greysquirr3l/bishoujo-huntress/internal/infrastructure/http/client.go:181.3,181.66 1 0
github.com/greysquirr3l/bishoujo-huntress/internal/infrastructure/http/client.go:185.2,186.16 2 0
github.com/greysquirr3l/bishoujo-huntress/internal/infrastructure/http/client.go:186.16,188.3 1 0
github.com/greysquirr3l/bishoujo-huntress/internal/infrastructure/http/client.go:191.2,191.53 1 0
github.com/greysquirr3l/bishoujo-huntress/internal/infrastructure/http/client.go:191.53,200.60 3 0
github.com/greysquirr3l/bishoujo-huntress/internal/infrastructure/http/client.go:200.60,201.50 1 0
github.com/greysquirr3l/bishoujo-huntress/internal/infrastructure/http/client.go:201.50,203.5 1 0
github.com/greysquirr3l/bishoujo-huntress/internal/infrastructure/http/client.go:204.4,204.70 1 0
github.com/greysquirr3l/bishoujo-huntress/internal/infrastructure/http/client.go:204.70,206.5 1 0
github.com/greysquirr3l/bishoujo-huntress/internal/infrastructure/http/client.go:207.9,209.4 1 0
github.com/greysquirr3l/bishoujo-huntress/internal/infrastructure/http/client.go:211.3,211.22 1 0
github.com/greysquirr3l/bishoujo-huntress/internal/infrastructure/http/client.go:215.2,215.40 1 0
github.com/greysquirr3l/bishoujo-huntress/internal/infrastructure/http/client.go:215.40,216.58 1 0
github.com/greysquirr3l/bishoujo-huntress/internal/infrastructure/http/client.go:216.58,218.4 1 0
github.com/greysquirr3l/bishoujo-huntress/internal/infrastructure/http/client.go:221.2,221.18 1 0
github.com/greysquirr3l/bishoujo-huntress/internal/infrastructure/http/client.go:225.62,226.17 1 0
github.com/greysquirr3l/bishoujo-huntress/internal/infrastructure/http/client.go:226.17,228.3 1 0
github.com/greysquirr3l/bishoujo-huntress/internal/infrastructure/http/client.go:231.2,241.24 6 0
github.com/greysquirr3l/bishoujo-huntress/internal/infrastructure/http/client.go:251.122,253.2 1 0
github.com/greysquirr3l/bishoujo-huntress/internal/infrastructure/http/client.go:256.129,258.2 1 0
github.com/greysquirr3l/bishoujo-huntress/internal/infrastructure/http/client.go:261.128,263.2 1 0
github.com/greysquirr3l/bishoujo-huntress/internal/infrastructure/http/client.go:266.125,268.2 1 0
github.com/greysquirr3l/bishoujo-huntress/internal/domain/organization/organization.go:81.41,82.18 1 0
github.com/greysquirr3l/bishoujo-huntress/internal/domain/organization/organization.go:82.18,84.3 1 0
github.com/greysquirr3l/bishoujo-huntress/internal/domain/organization/organization.go:86.2,86.22 1 0
github.com/greysquirr3l/bishoujo-huntress/internal/domain/organization/organization.go:86.22,88.3 1 0
github.com/greysquirr3l/bishoujo-huntress/internal/domain/organization/organization.go:90.2,90.48 1 0
github.com/greysquirr3l/bishoujo-huntress/internal/domain/organization/organization.go:90.48,92.3 1 0
github.com/greysquirr3l/bishoujo-huntress/internal/domain/organization/organization.go:95.2,95.31 1 0
github.com/greysquirr3l/bishoujo-huntress/internal/domain/organization/organization.go:95.31,96.41 1 0
github.com/greysquirr3l/bishoujo-huntress/internal/domain/organization/organization.go:96.41,98.4 1 0
github.com/greysquirr3l/bishoujo-huntress/internal/domain/organization/organization.go:101.2,101.12 1 0
github.com/greysquirr3l/bishoujo-huntress/internal/domain/organization/organization.go:105.40,107.2 1 0
github.com/greysquirr3l/bishoujo-huntress/internal/domain/organization/organization.go:110.45,112.2 1 0
github.com/greysquirr3l/bishoujo-huntress/internal/domain/organization/organization.go:115.34,117.2 1 0
github.com/greysquirr3l/bishoujo-huntress/internal/domain/organization/organization.go:120.33,121.19 1 0
github.com/greysquirr3l/bishoujo-huntress/internal/domain/organization/organization.go:121.19,123.3 1 0
github.com/greysquirr3l/bishoujo-huntress/internal/domain/organization/organization.go:125.2,125.28 1 0
github.com/greysquirr3l/bishoujo-huntress/internal/domain/organization/organization.go:125.28,127.3 1 0
github.com/greysquirr3l/bishoujo-huntress/internal/domain/organization/organization.go:129.2,129.42 1 0
github.com/greysquirr3l/bishoujo-huntress/internal/domain/organization/organization.go:129.42,131.3 1 0
github.com/greysquirr3l/bishoujo-huntress/internal/domain/organization/organization.go:133.2,133.12 1 0
github.com/greysquirr3l/bishoujo-huntress/internal/domain/organization/organization.go:137.38,139.2 1 0
github.com/greysquirr3l/bishoujo-huntress/internal/domain/organization/organization.go:142.40,144.2 1 0
github.com/greysquirr3l/bishoujo-huntress/internal/domain/organization/organization.go:149.40,151.44 2 0
github.com/greysquirr3l/bishoujo-huntress/internal/domain/organization/organization.go:151.44,152.28 1 0
github.com/greysquirr3l/bishoujo-huntress/internal/domain/organization/organization.go:152.28,154.4 1 0
github.com/greysquirr3l/bishoujo-huntress/internal/domain/organization/organization.go:156.2,156.14 1 0
github.com/greysquirr3l/bishoujo-huntress/internal/domain/organization/organization.go:160.36,162.39 2 0
github.com/greysquirr3l/bishoujo-huntress/internal/domain/organization/organization.go:162.39,163.24 1 0
github.com/greysquirr3l/bishoujo-huntress/internal/domain/organization/organization.go:163.24,165.4 1 0
github.com/greysquirr3l/bishoujo-huntress/internal/domain/organization/organization.go:167.2,167.14 1 0
github.com/greysquirr3l/bishoujo-huntress/internal/domain/organization/organization.go:171.38,174.44 2 0
github.com/greysquirr3l/bishoujo-huntress/internal/domain/organization/organization.go:174.44,176.3 1 0
github.com/greysquirr3l/bishoujo-huntress/internal/domain/organization/organization.go:178.2,179.38 2 0
github.com/greysquirr3l/bishoujo-huntress/internal/infrastructure/logging/logger.go:48.44,48.45 0 0
github.com/greysquirr3l/bishoujo-huntress/internal/infrastructure/logging/logger.go:51.43,51.44 0 0
github.com/greysquirr3l/bishoujo-huntress/internal/infrastructure/logging/logger.go:54.43,54.44 0 0
github.com/greysquirr3l/bishoujo-huntress/internal/infrastructure/logging/logger.go:57.44,57.45 0 0
github.com/greysquirr3l/bishoujo-huntress/internal/infrastructure/logging/logger.go:60.44,60.45 0 0
github.com/greysquirr3l/bishoujo-huntress/internal/infrastructure/logging/logger.go:63.55,63.78 1 0
github.com/greysquirr3l/bishoujo-huntress/internal/infrastructure/logging/logger.go:66.47,66.70 1 0
github.com/greysquirr3l/bishoujo-huntress/internal/infrastructure/logging/logger.go:73.26,74.14 1 0
github.com/greysquirr3l/bishoujo-huntress/internal/infrastructure/logging/logger.go:74.14,76.3 1 0
github.com/greysquirr3l/bishoujo-huntress/internal/infrastructure/logging/logger.go:76.8,78.3 1 0
github.com/greysquirr3l/bishoujo-huntress/internal/infrastructure/logging/logger.go:82.17,84.2 1 0
github.com/greysquirr3l/bishoujo-huntress/internal/infrastructure/logging/logger.go:94.68,95.14 1 0
github.com/greysquirr3l/bishoujo-huntress/internal/infrastructure/logging/logger.go:95.14,97.3 1 0
github.com/greysquirr3l/bishoujo-huntress/internal/infrastructure/logging/logger.go:98.2,102.3 1 0
github.com/greysquirr3l/bishoujo-huntress/internal/infrastructure/logging/logger.go:105.79,106.19 1 0
github.com/greysquirr3l/bishoujo-huntress/internal/infrastructure/logging/logger.go:106.19,108.3 1 0
github.com/greysquirr3l/bishoujo-huntress/internal/infrastructure/logging/logger.go:109.2,110.55 2 0
github.com/greysquirr3l/bishoujo-huntress/internal/infrastructure/logging/logger.go:114.61,116.2 1 0
github.com/greysquirr3l/bishoujo-huntress/internal/infrastructure/logging/logger.go:119.60,119.105 1 0
github.com/greysquirr3l/bishoujo-huntress/internal/infrastructure/logging/logger.go:122.60,122.105 1 0
github.com/greysquirr3l/bishoujo-huntress/internal/infrastructure/logging/logger.go:125.61,127.2 1 0
github.com/greysquirr3l/bishoujo-huntress/internal/infrastructure/logging/logger.go:130.61,133.2 2 0
github.com/greysquirr3l/bishoujo-huntress/internal/infrastructure/logging/logger.go:136.64,136.76 1 0
github.com/greysquirr3l/bishoujo-huntress/internal/infrastructure/logging/logger.go:139.61,145.2 1 0
github.com/greysquirr3l/bishoujo-huntress/internal/infrastructure/logging/logger.go:148.36,148.74 1 0
github.com/greysquirr3l/bishoujo-huntress/internal/infrastructure/logging/logger.go:151.37,151.75 1 0
github.com/greysquirr3l/bishoujo-huntress/internal/infrastructure/logging/logger.go:154.39,154.77 1 0
github.com/greysquirr3l/bishoujo-huntress/internal/infrastructure/logging/logger.go:157.41,157.79 1 0
github.com/greysquirr3l/bishoujo-huntress/internal/infrastructure/http/retry/retrier.go:44.41,48.2 1 0
github.com/greysquirr3l/bishoujo-huntress/internal/infrastructure/http/retry/retrier.go:53.102,57.62 3 0
github.com/greysquirr3l/bishoujo-huntress/internal/infrastructure/http/retry/retrier.go:57.62,59.23 1 0
github.com/greysquirr3l/bishoujo-huntress/internal/infrastructure/http/retry/retrier.go:59.23,61.4 1 0
github.com/greysquirr3l/bishoujo-huntress/internal/infrastructure/http/retry/retrier.go:63.3,66.62 2 0
github.com/greysquirr3l/bishoujo-huntress/internal/infrastructure/http/retry/retrier.go:66.62,68.4 1 0
github.com/greysquirr3l/bishoujo-huntress/internal/infrastructure/http/retry/retrier.go:71.3,71.37 1 0
github.com/greysquirr3l/bishoujo-huntress/internal/infrastructure/http/retry/retrier.go:71.37,73.4 1 0
github.com/greysquirr3l/bishoujo-huntress/internal/infrastructure/http/retry/retrier.go:76.3,82.10 3 0
github.com/greysquirr3l/bishoujo-huntress/internal/infrastructure/http/retry/retrier.go:83.21,85.59 2 0
github.com/greysquirr3l/bishoujo-huntress/internal/infrastructure/http/retry/retrier.go:86.18,86.18 0 0
github.com/greysquirr3l/bishoujo-huntress/internal/infrastructure/http/retry/retrier.go:91.2,91.18 1 0
github.com/greysquirr3l/bishoujo-huntress/internal/infrastructure/http/retry/retrier.go:95.62,96.53 1 0
github.com/greysquirr3l/bishoujo-huntress/internal/infrastructure/http/retry/retrier.go:96.53,97.25 1 0
github.com/greysquirr3l/bishoujo-huntress/internal/infrastructure/http/retry/retrier.go:97.25,99.4 1 0
github.com/greysquirr3l/bishoujo-huntress/internal/infrastructure/http/retry/retrier.go:101.2,101.14 1 0
github.com/greysquirr3l/bishoujo-huntress/internal/infrastructure/http/retry/retrier.go:106.80,108.57 2 0
github.com/greysquirr3l/bishoujo-huntress/internal/infrastructure/http/retry/retrier.go:108.57,109.23 1 0
github.com/greysquirr3l/bishoujo-huntress/internal/infrastructure/http/retry/retrier.go:109.23,111.4 1 0
github.com/greysquirr3l/bishoujo-huntress/internal/infrastructure/http/retry/retrier.go:112.3,113.17 2 0
github.com/greysquirr3l/bishoujo-huntress/internal/infrastructure/http/retry/retrier.go:113.17,115.4 1 0
github.com/greysquirr3l/bishoujo-huntress/internal/infrastructure/http/retry/retrier.go:116.3,118.10 3 0
github.com/greysquirr3l/bishoujo-huntress/internal/infrastructure/http/retry/retrier.go:119.21,121.53 2 0
github.com/greysquirr3l/bishoujo-huntress/internal/infrastructure/http/retry/retrier.go:122.18,122.18 0 0
github.com/greysquirr3l/bishoujo-huntress/internal/infrastructure/http/retry/retrier.go:125.2,125.12 1 0
github.com/greysquirr3l/bishoujo-huntress/internal/infrastructure/http/retry/retrier.go:129.63,133.26 4 0
github.com/greysquirr3l/bishoujo-huntress/internal/infrastructure/http/retry/retrier.go:133.26,135.3 1 0
github.com/greysquirr3l/bishoujo-huntress/internal/infrastructure/http/retry/retrier.go:136.2,136.14 1 0
github.com/greysquirr3l/bishoujo-huntress/internal/infrastructure/http/retry/retrier.go:140.63,144.31 4 0
github.com/greysquirr3l/bishoujo-huntress/internal/infrastructure/http/retry/retrier.go:144.31,146.3 1 0
github.com/greysquirr3l/bishoujo-huntress/internal/infrastructure/http/retry/retrier.go:147.2,147.14 1 0
github.com/greysquirr3l/bishoujo-huntress/pkg/huntress/types/common_types.go:16.37,18.2 1 0
github.com/greysquirr3l/bishoujo-huntress/pkg/huntress/types/common_types.go:21.41,23.2 1 0
github.com/greysquirr3l/bishoujo-huntress/pkg/huntress/types/common_types.go:26.37,27.17 1 0
github.com/greysquirr3l/bishoujo-huntress/pkg/huntress/types/common_types.go:27.17,29.3 1 0
github.com/greysquirr3l/bishoujo-huntress/pkg/huntress/types/common_types.go:30.2,30.15 1 0
github.com/greysquirr3l/bishoujo-huntress/pkg/huntress/types/common_types.go:34.41,35.21 1 0
github.com/greysquirr3l/bishoujo-huntress/pkg/huntress/types/common_types.go:35.21,37.3 1 0
github.com/greysquirr3l/bishoujo-huntress/pkg/huntress/types/common_types.go:38.2,38.15 1 0
github.com/greysquirr3l/bishoujo-huntress/pkg/huntress/types/common_types.go:42.41,44.2 1 0
github.com/greysquirr3l/bishoujo-huntress/pkg/huntress/types/common_types.go:47.40,49.2 1 0
github.com/greysquirr3l/bishoujo-huntress/internal/ports/repository/pagination.go:12.33,13.27 1 0
github.com/greysquirr3l/bishoujo-huntress/internal/ports/repository/pagination.go:13.27,15.3 1 0
github.com/greysquirr3l/bishoujo-huntress/internal/ports/repository/pagination.go:16.2,16.15 1 0
github.com/greysquirr3l/bishoujo-huntress/internal/ports/repository/pagination.go:20.37,21.16 1 0
github.com/greysquirr3l/bishoujo-huntress/internal/ports/repository/pagination.go:21.16,23.3 1 0
github.com/greysquirr3l/bishoujo-huntress/internal/ports/repository/pagination.go:24.2,24.15 1 0
github.com/greysquirr3l/bishoujo-huntress/internal/ports/repository/pagination.go:28.37,30.2 1 0
github.com/greysquirr3l/bishoujo-huntress/internal/ports/repository/pagination.go:33.41,35.2 1 0
github.com/greysquirr3l/bishoujo-huntress/internal/ports/repository/pagination.go:38.41,40.2 1 0
github.com/greysquirr3l/bishoujo-huntress/internal/ports/repository/pagination.go:43.40,45.2 1 0
